;  LST file generated by mikroListExporter - v.2.0 
; Date/Time: 3/4/2026 1:06:05 AM
;----------------------------------------------

;Address Opcode 	ASM
0x0000	0x2940      	GOTO       320
_GPIO_GetTRISRegister:
;gpio_impelemntation.c,3 :: 		volatile unsigned char* GPIO_GetTRISRegister(unsigned char port)
;gpio_impelemntation.c,5 :: 		switch(port)
0x0003	0x2817      	GOTO       L_GPIO_GetTRISRegister0
;gpio_impelemntation.c,7 :: 		case _PORTA: return &TRISA;
L_GPIO_GetTRISRegister2:
0x0004	0x3085      	MOVLW      TRISA
0x0005	0x1283      	BCF        STATUS, 5
0x0006	0x1303      	BCF        STATUS, 6
0x0007	0x00F0      	MOVWF      R0
0x0008	0x282E      	GOTO       L_end_GPIO_GetTRISRegister
;gpio_impelemntation.c,8 :: 		case _PORTB: return &TRISB;
L_GPIO_GetTRISRegister3:
0x0009	0x3086      	MOVLW      TRISB
0x000A	0x00F0      	MOVWF      R0
0x000B	0x282E      	GOTO       L_end_GPIO_GetTRISRegister
;gpio_impelemntation.c,9 :: 		case _PORTC: return &TRISC;
L_GPIO_GetTRISRegister4:
0x000C	0x3087      	MOVLW      TRISC
0x000D	0x00F0      	MOVWF      R0
0x000E	0x282E      	GOTO       L_end_GPIO_GetTRISRegister
;gpio_impelemntation.c,10 :: 		case _PORTD: return &TRISD;
L_GPIO_GetTRISRegister5:
0x000F	0x3088      	MOVLW      TRISD
0x0010	0x00F0      	MOVWF      R0
0x0011	0x282E      	GOTO       L_end_GPIO_GetTRISRegister
;gpio_impelemntation.c,11 :: 		case _PORTE: return &TRISE;
L_GPIO_GetTRISRegister6:
0x0012	0x3089      	MOVLW      TRISE
0x0013	0x00F0      	MOVWF      R0
0x0014	0x282E      	GOTO       L_end_GPIO_GetTRISRegister
;gpio_impelemntation.c,12 :: 		default: return 0;
L_GPIO_GetTRISRegister7:
0x0015	0x01F0      	CLRF       R0
0x0016	0x282E      	GOTO       L_end_GPIO_GetTRISRegister
;gpio_impelemntation.c,13 :: 		}
L_GPIO_GetTRISRegister0:
0x0017	0x1283      	BCF        STATUS, 5
0x0018	0x1303      	BCF        STATUS, 6
0x0019	0x082A      	MOVF       FARG_GPIO_GetTRISRegister_port, 0
0x001A	0x3A01      	XORLW      1
0x001B	0x1903      	BTFSC      STATUS, 2
0x001C	0x2804      	GOTO       L_GPIO_GetTRISRegister2
0x001D	0x082A      	MOVF       FARG_GPIO_GetTRISRegister_port, 0
0x001E	0x3A02      	XORLW      2
0x001F	0x1903      	BTFSC      STATUS, 2
0x0020	0x2809      	GOTO       L_GPIO_GetTRISRegister3
0x0021	0x082A      	MOVF       FARG_GPIO_GetTRISRegister_port, 0
0x0022	0x3A03      	XORLW      3
0x0023	0x1903      	BTFSC      STATUS, 2
0x0024	0x280C      	GOTO       L_GPIO_GetTRISRegister4
0x0025	0x082A      	MOVF       FARG_GPIO_GetTRISRegister_port, 0
0x0026	0x3A04      	XORLW      4
0x0027	0x1903      	BTFSC      STATUS, 2
0x0028	0x280F      	GOTO       L_GPIO_GetTRISRegister5
0x0029	0x082A      	MOVF       FARG_GPIO_GetTRISRegister_port, 0
0x002A	0x3A05      	XORLW      5
0x002B	0x1903      	BTFSC      STATUS, 2
0x002C	0x2812      	GOTO       L_GPIO_GetTRISRegister6
0x002D	0x2815      	GOTO       L_GPIO_GetTRISRegister7
;gpio_impelemntation.c,14 :: 		}
L_end_GPIO_GetTRISRegister:
0x002E	0x0008      	RETURN
; end of _GPIO_GetTRISRegister
_GPIO_GetPORTRegister:
;gpio_impelemntation.c,16 :: 		volatile unsigned char* GPIO_GetPORTRegister(unsigned char port)
;gpio_impelemntation.c,18 :: 		switch(port)
0x002F	0x2843      	GOTO       L_GPIO_GetPORTRegister8
;gpio_impelemntation.c,20 :: 		case _PORTA: return &PORTA;
L_GPIO_GetPORTRegister10:
0x0030	0x3005      	MOVLW      PORTA
0x0031	0x1283      	BCF        STATUS, 5
0x0032	0x1303      	BCF        STATUS, 6
0x0033	0x00F0      	MOVWF      R0
0x0034	0x285A      	GOTO       L_end_GPIO_GetPORTRegister
;gpio_impelemntation.c,21 :: 		case _PORTB: return &PORTB;
L_GPIO_GetPORTRegister11:
0x0035	0x3006      	MOVLW      PORTB
0x0036	0x00F0      	MOVWF      R0
0x0037	0x285A      	GOTO       L_end_GPIO_GetPORTRegister
;gpio_impelemntation.c,22 :: 		case _PORTC: return &PORTC;
L_GPIO_GetPORTRegister12:
0x0038	0x3007      	MOVLW      PORTC
0x0039	0x00F0      	MOVWF      R0
0x003A	0x285A      	GOTO       L_end_GPIO_GetPORTRegister
;gpio_impelemntation.c,23 :: 		case _PORTD: return &PORTD;
L_GPIO_GetPORTRegister13:
0x003B	0x3008      	MOVLW      PORTD
0x003C	0x00F0      	MOVWF      R0
0x003D	0x285A      	GOTO       L_end_GPIO_GetPORTRegister
;gpio_impelemntation.c,24 :: 		case _PORTE: return &PORTE;
L_GPIO_GetPORTRegister14:
0x003E	0x3009      	MOVLW      PORTE
0x003F	0x00F0      	MOVWF      R0
0x0040	0x285A      	GOTO       L_end_GPIO_GetPORTRegister
;gpio_impelemntation.c,25 :: 		default: return 0;
L_GPIO_GetPORTRegister15:
0x0041	0x01F0      	CLRF       R0
0x0042	0x285A      	GOTO       L_end_GPIO_GetPORTRegister
;gpio_impelemntation.c,26 :: 		}
L_GPIO_GetPORTRegister8:
0x0043	0x1283      	BCF        STATUS, 5
0x0044	0x1303      	BCF        STATUS, 6
0x0045	0x082A      	MOVF       FARG_GPIO_GetPORTRegister_port, 0
0x0046	0x3A01      	XORLW      1
0x0047	0x1903      	BTFSC      STATUS, 2
0x0048	0x2830      	GOTO       L_GPIO_GetPORTRegister10
0x0049	0x082A      	MOVF       FARG_GPIO_GetPORTRegister_port, 0
0x004A	0x3A02      	XORLW      2
0x004B	0x1903      	BTFSC      STATUS, 2
0x004C	0x2835      	GOTO       L_GPIO_GetPORTRegister11
0x004D	0x082A      	MOVF       FARG_GPIO_GetPORTRegister_port, 0
0x004E	0x3A03      	XORLW      3
0x004F	0x1903      	BTFSC      STATUS, 2
0x0050	0x2838      	GOTO       L_GPIO_GetPORTRegister12
0x0051	0x082A      	MOVF       FARG_GPIO_GetPORTRegister_port, 0
0x0052	0x3A04      	XORLW      4
0x0053	0x1903      	BTFSC      STATUS, 2
0x0054	0x283B      	GOTO       L_GPIO_GetPORTRegister13
0x0055	0x082A      	MOVF       FARG_GPIO_GetPORTRegister_port, 0
0x0056	0x3A05      	XORLW      5
0x0057	0x1903      	BTFSC      STATUS, 2
0x0058	0x283E      	GOTO       L_GPIO_GetPORTRegister14
0x0059	0x2841      	GOTO       L_GPIO_GetPORTRegister15
;gpio_impelemntation.c,27 :: 		}
L_end_GPIO_GetPORTRegister:
0x005A	0x0008      	RETURN
; end of _GPIO_GetPORTRegister
_setpindirection:
;gpio_impelemntation.c,48 :: 		void setpindirection(unsigned char port, unsigned char pin, bool direction)
;gpio_impelemntation.c,50 :: 		volatile unsigned char* TRIS_reg = GPIO_GetTRISRegister(port);
0x005B	0x1283      	BCF        STATUS, 5
0x005C	0x1303      	BCF        STATUS, 6
0x005D	0x0826      	MOVF       FARG_setpindirection_port, 0
0x005E	0x00AA      	MOVWF      FARG_GPIO_GetTRISRegister_port
0x005F	0x2003      	CALL       _GPIO_GetTRISRegister
0x0060	0x1283      	BCF        STATUS, 5
0x0061	0x1303      	BCF        STATUS, 6
0x0062	0x0870      	MOVF       R0, 0
0x0063	0x00A9      	MOVWF      setpindirection_TRIS_reg_L0
;gpio_impelemntation.c,51 :: 		if(TRIS_reg == 0) return;
0x0064	0x0870      	MOVF       R0, 0
0x0065	0x3A00      	XORLW      0
0x0066	0x1D03      	BTFSS      STATUS, 2
0x0067	0x2869      	GOTO       L_setpindirection16
0x0068	0x289A      	GOTO       L_end_setpindirection
L_setpindirection16:
;gpio_impelemntation.c,53 :: 		if(direction == OUTPUT)
0x0069	0x0828      	MOVF       FARG_setpindirection_direction, 0
0x006A	0x3A00      	XORLW      0
0x006B	0x1D03      	BTFSS      STATUS, 2
0x006C	0x2885      	GOTO       L_setpindirection17
;gpio_impelemntation.c,54 :: 		*TRIS_reg &= ~(1 << pin);
0x006D	0x0827      	MOVF       FARG_setpindirection_pin, 0
0x006E	0x00F1      	MOVWF      R1
0x006F	0x3001      	MOVLW      1
0x0070	0x00F0      	MOVWF      R0
0x0071	0x0871      	MOVF       R1, 0
L__setpindirection27:
0x0072	0x1903      	BTFSC      STATUS, 2
0x0073	0x2878      	GOTO       L__setpindirection28
0x0074	0x0DF0      	RLF        R0, 1
0x0075	0x1070      	BCF        R0, 0
0x0076	0x3EFF      	ADDLW      255
0x0077	0x2872      	GOTO       L__setpindirection27
L__setpindirection28:
0x0078	0x0970      	COMF       R0, 0
0x0079	0x00F1      	MOVWF      R1
0x007A	0x0829      	MOVF       setpindirection_TRIS_reg_L0, 0
0x007B	0x0084      	MOVWF      FSR
0x007C	0x0800      	MOVF       INDF, 0
0x007D	0x00F0      	MOVWF      R0
0x007E	0x0871      	MOVF       R1, 0
0x007F	0x05F0      	ANDWF      R0, 1
0x0080	0x0829      	MOVF       setpindirection_TRIS_reg_L0, 0
0x0081	0x0084      	MOVWF      FSR
0x0082	0x0870      	MOVF       R0, 0
0x0083	0x0080      	MOVWF      INDF
0x0084	0x289A      	GOTO       L_setpindirection18
L_setpindirection17:
;gpio_impelemntation.c,56 :: 		*TRIS_reg |= (1 << pin);
0x0085	0x0827      	MOVF       FARG_setpindirection_pin, 0
0x0086	0x00F0      	MOVWF      R0
0x0087	0x3001      	MOVLW      1
0x0088	0x00F1      	MOVWF      R1
0x0089	0x0870      	MOVF       R0, 0
L__setpindirection29:
0x008A	0x1903      	BTFSC      STATUS, 2
0x008B	0x2890      	GOTO       L__setpindirection30
0x008C	0x0DF1      	RLF        R1, 1
0x008D	0x1071      	BCF        R1, 0
0x008E	0x3EFF      	ADDLW      255
0x008F	0x288A      	GOTO       L__setpindirection29
L__setpindirection30:
0x0090	0x0829      	MOVF       setpindirection_TRIS_reg_L0, 0
0x0091	0x0084      	MOVWF      FSR
0x0092	0x0800      	MOVF       INDF, 0
0x0093	0x00F0      	MOVWF      R0
0x0094	0x0871      	MOVF       R1, 0
0x0095	0x04F0      	IORWF      R0, 1
0x0096	0x0829      	MOVF       setpindirection_TRIS_reg_L0, 0
0x0097	0x0084      	MOVWF      FSR
0x0098	0x0870      	MOVF       R0, 0
0x0099	0x0080      	MOVWF      INDF
L_setpindirection18:
;gpio_impelemntation.c,57 :: 		}
L_end_setpindirection:
0x009A	0x0008      	RETURN
; end of _setpindirection
_setpinvalue:
;gpio_impelemntation.c,59 :: 		void setpinvalue(unsigned char port, unsigned char pin, bool value)
;gpio_impelemntation.c,61 :: 		volatile unsigned char* PORT_reg = GPIO_GetPORTRegister(port);
0x009B	0x1283      	BCF        STATUS, 5
0x009C	0x1303      	BCF        STATUS, 6
0x009D	0x0826      	MOVF       FARG_setpinvalue_port, 0
0x009E	0x00AA      	MOVWF      FARG_GPIO_GetPORTRegister_port
0x009F	0x202F      	CALL       _GPIO_GetPORTRegister
0x00A0	0x1283      	BCF        STATUS, 5
0x00A1	0x1303      	BCF        STATUS, 6
0x00A2	0x0870      	MOVF       R0, 0
0x00A3	0x00A9      	MOVWF      setpinvalue_PORT_reg_L0
;gpio_impelemntation.c,62 :: 		if(PORT_reg == 0) return;
0x00A4	0x0870      	MOVF       R0, 0
0x00A5	0x3A00      	XORLW      0
0x00A6	0x1D03      	BTFSS      STATUS, 2
0x00A7	0x28A9      	GOTO       L_setpinvalue19
0x00A8	0x28DA      	GOTO       L_end_setpinvalue
L_setpinvalue19:
;gpio_impelemntation.c,64 :: 		if(value == HIGH)
0x00A9	0x0828      	MOVF       FARG_setpinvalue_value, 0
0x00AA	0x3A01      	XORLW      1
0x00AB	0x1D03      	BTFSS      STATUS, 2
0x00AC	0x28C3      	GOTO       L_setpinvalue20
;gpio_impelemntation.c,65 :: 		*PORT_reg |= (1 << pin);
0x00AD	0x0827      	MOVF       FARG_setpinvalue_pin, 0
0x00AE	0x00F0      	MOVWF      R0
0x00AF	0x3001      	MOVLW      1
0x00B0	0x00F1      	MOVWF      R1
0x00B1	0x0870      	MOVF       R0, 0
L__setpinvalue32:
0x00B2	0x1903      	BTFSC      STATUS, 2
0x00B3	0x28B8      	GOTO       L__setpinvalue33
0x00B4	0x0DF1      	RLF        R1, 1
0x00B5	0x1071      	BCF        R1, 0
0x00B6	0x3EFF      	ADDLW      255
0x00B7	0x28B2      	GOTO       L__setpinvalue32
L__setpinvalue33:
0x00B8	0x0829      	MOVF       setpinvalue_PORT_reg_L0, 0
0x00B9	0x0084      	MOVWF      FSR
0x00BA	0x0800      	MOVF       INDF, 0
0x00BB	0x00F0      	MOVWF      R0
0x00BC	0x0871      	MOVF       R1, 0
0x00BD	0x04F0      	IORWF      R0, 1
0x00BE	0x0829      	MOVF       setpinvalue_PORT_reg_L0, 0
0x00BF	0x0084      	MOVWF      FSR
0x00C0	0x0870      	MOVF       R0, 0
0x00C1	0x0080      	MOVWF      INDF
0x00C2	0x28DA      	GOTO       L_setpinvalue21
L_setpinvalue20:
;gpio_impelemntation.c,67 :: 		*PORT_reg &= ~(1 << pin);
0x00C3	0x0827      	MOVF       FARG_setpinvalue_pin, 0
0x00C4	0x00F1      	MOVWF      R1
0x00C5	0x3001      	MOVLW      1
0x00C6	0x00F0      	MOVWF      R0
0x00C7	0x0871      	MOVF       R1, 0
L__setpinvalue34:
0x00C8	0x1903      	BTFSC      STATUS, 2
0x00C9	0x28CE      	GOTO       L__setpinvalue35
0x00CA	0x0DF0      	RLF        R0, 1
0x00CB	0x1070      	BCF        R0, 0
0x00CC	0x3EFF      	ADDLW      255
0x00CD	0x28C8      	GOTO       L__setpinvalue34
L__setpinvalue35:
0x00CE	0x0970      	COMF       R0, 0
0x00CF	0x00F1      	MOVWF      R1
0x00D0	0x0829      	MOVF       setpinvalue_PORT_reg_L0, 0
0x00D1	0x0084      	MOVWF      FSR
0x00D2	0x0800      	MOVF       INDF, 0
0x00D3	0x00F0      	MOVWF      R0
0x00D4	0x0871      	MOVF       R1, 0
0x00D5	0x05F0      	ANDWF      R0, 1
0x00D6	0x0829      	MOVF       setpinvalue_PORT_reg_L0, 0
0x00D7	0x0084      	MOVWF      FSR
0x00D8	0x0870      	MOVF       R0, 0
0x00D9	0x0080      	MOVWF      INDF
L_setpinvalue21:
;gpio_impelemntation.c,68 :: 		}
L_end_setpinvalue:
0x00DA	0x0008      	RETURN
; end of _setpinvalue
_LED_Off:
;LED_impelemntation.c,18 :: 		void LED_Off(unsigned char port, unsigned char pin)
;LED_impelemntation.c,20 :: 		setpinvalue(port, pin, LOW);
0x00DB	0x1283      	BCF        STATUS, 5
0x00DC	0x1303      	BCF        STATUS, 6
0x00DD	0x0822      	MOVF       FARG_LED_Off_port, 0
0x00DE	0x00A6      	MOVWF      FARG_setpinvalue_port
0x00DF	0x0823      	MOVF       FARG_LED_Off_pin, 0
0x00E0	0x00A7      	MOVWF      FARG_setpinvalue_pin
0x00E1	0x01A8      	CLRF       FARG_setpinvalue_value
0x00E2	0x209B      	CALL       _setpinvalue
;LED_impelemntation.c,21 :: 		}
L_end_LED_Off:
0x00E3	0x0008      	RETURN
; end of _LED_Off
_getpinvalue:
;gpio_impelemntation.c,70 :: 		unsigned char getpinvalue(unsigned char port, unsigned char pin)
;gpio_impelemntation.c,72 :: 		volatile unsigned char* PORT_reg = GPIO_GetPORTRegister(port);
0x00E4	0x1283      	BCF        STATUS, 5
0x00E5	0x1303      	BCF        STATUS, 6
0x00E6	0x0822      	MOVF       FARG_getpinvalue_port, 0
0x00E7	0x00AA      	MOVWF      FARG_GPIO_GetPORTRegister_port
0x00E8	0x202F      	CALL       _GPIO_GetPORTRegister
0x00E9	0x1283      	BCF        STATUS, 5
0x00EA	0x1303      	BCF        STATUS, 6
0x00EB	0x0870      	MOVF       R0, 0
0x00EC	0x00A4      	MOVWF      getpinvalue_PORT_reg_L0
;gpio_impelemntation.c,73 :: 		if(PORT_reg == 0) return 0;
0x00ED	0x0870      	MOVF       R0, 0
0x00EE	0x3A00      	XORLW      0
0x00EF	0x1D03      	BTFSS      STATUS, 2
0x00F0	0x28F3      	GOTO       L_getpinvalue22
0x00F1	0x01F0      	CLRF       R0
0x00F2	0x2904      	GOTO       L_end_getpinvalue
L_getpinvalue22:
;gpio_impelemntation.c,75 :: 		return ((*PORT_reg >> pin) & 0x01);
0x00F3	0x0824      	MOVF       getpinvalue_PORT_reg_L0, 0
0x00F4	0x0084      	MOVWF      FSR
0x00F5	0x0800      	MOVF       INDF, 0
0x00F6	0x00F2      	MOVWF      R2
0x00F7	0x0823      	MOVF       FARG_getpinvalue_pin, 0
0x00F8	0x00F1      	MOVWF      R1
0x00F9	0x0872      	MOVF       R2, 0
0x00FA	0x00F0      	MOVWF      R0
0x00FB	0x0871      	MOVF       R1, 0
L__getpinvalue37:
0x00FC	0x1903      	BTFSC      STATUS, 2
0x00FD	0x2902      	GOTO       L__getpinvalue38
0x00FE	0x0CF0      	RRF        R0, 1
0x00FF	0x13F0      	BCF        R0, 7
0x0100	0x3EFF      	ADDLW      255
0x0101	0x28FC      	GOTO       L__getpinvalue37
L__getpinvalue38:
0x0102	0x3001      	MOVLW      1
0x0103	0x05F0      	ANDWF      R0, 1
;gpio_impelemntation.c,76 :: 		}
L_end_getpinvalue:
0x0104	0x0008      	RETURN
; end of _getpinvalue
_GPIO_Init:
;gpio_impelemntation.c,31 :: 		void GPIO_Init(void)
;gpio_impelemntation.c,33 :: 		TRISA = 0xFF;
0x0105	0x30FF      	MOVLW      255
0x0106	0x1683      	BSF        STATUS, 5
0x0107	0x1303      	BCF        STATUS, 6
0x0108	0x0085      	MOVWF      TRISA
;gpio_impelemntation.c,34 :: 		TRISB = 0xFF;
0x0109	0x30FF      	MOVLW      255
0x010A	0x0086      	MOVWF      TRISB
;gpio_impelemntation.c,35 :: 		TRISC = 0xFF;
0x010B	0x30FF      	MOVLW      255
0x010C	0x0087      	MOVWF      TRISC
;gpio_impelemntation.c,36 :: 		TRISD = 0xFF;
0x010D	0x30FF      	MOVLW      255
0x010E	0x0088      	MOVWF      TRISD
;gpio_impelemntation.c,37 :: 		TRISE = 0xFF;
0x010F	0x30FF      	MOVLW      255
0x0110	0x0089      	MOVWF      TRISE
;gpio_impelemntation.c,39 :: 		PORTA = 0x00;
0x0111	0x1283      	BCF        STATUS, 5
0x0112	0x0185      	CLRF       PORTA
;gpio_impelemntation.c,40 :: 		PORTB = 0x00;
0x0113	0x0186      	CLRF       PORTB
;gpio_impelemntation.c,41 :: 		PORTC = 0x00;
0x0114	0x0187      	CLRF       PORTC
;gpio_impelemntation.c,42 :: 		PORTD = 0x00;
0x0115	0x0188      	CLRF       PORTD
;gpio_impelemntation.c,43 :: 		PORTE = 0x00;
0x0116	0x0189      	CLRF       PORTE
;gpio_impelemntation.c,45 :: 		ADCON1 = 0x06;
0x0117	0x3006      	MOVLW      6
0x0118	0x1683      	BSF        STATUS, 5
0x0119	0x009F      	MOVWF      ADCON1
;gpio_impelemntation.c,46 :: 		}
L_end_GPIO_Init:
0x011A	0x0008      	RETURN
; end of _GPIO_Init
_LED_On:
;LED_impelemntation.c,13 :: 		void LED_On(unsigned char port, unsigned char pin)
;LED_impelemntation.c,15 :: 		setpinvalue(port, pin, HIGH);
0x011B	0x1283      	BCF        STATUS, 5
0x011C	0x1303      	BCF        STATUS, 6
0x011D	0x0822      	MOVF       FARG_LED_On_port, 0
0x011E	0x00A6      	MOVWF      FARG_setpinvalue_port
0x011F	0x0823      	MOVF       FARG_LED_On_pin, 0
0x0120	0x00A7      	MOVWF      FARG_setpinvalue_pin
0x0121	0x3001      	MOVLW      1
0x0122	0x00A8      	MOVWF      FARG_setpinvalue_value
0x0123	0x209B      	CALL       _setpinvalue
;LED_impelemntation.c,16 :: 		}
L_end_LED_On:
0x0124	0x0008      	RETURN
; end of _LED_On
_LED_Init:
;LED_impelemntation.c,4 :: 		unsigned char port2, unsigned char pin2)
;LED_impelemntation.c,6 :: 		setpindirection(port1, pin1, OUTPUT);
0x0125	0x1283      	BCF        STATUS, 5
0x0126	0x1303      	BCF        STATUS, 6
0x0127	0x0822      	MOVF       FARG_LED_Init_port1, 0
0x0128	0x00A6      	MOVWF      FARG_setpindirection_port
0x0129	0x0823      	MOVF       FARG_LED_Init_pin1, 0
0x012A	0x00A7      	MOVWF      FARG_setpindirection_pin
0x012B	0x01A8      	CLRF       FARG_setpindirection_direction
0x012C	0x205B      	CALL       _setpindirection
;LED_impelemntation.c,7 :: 		setpindirection(port2, pin2, OUTPUT);
0x012D	0x0824      	MOVF       FARG_LED_Init_port2, 0
0x012E	0x00A6      	MOVWF      FARG_setpindirection_port
0x012F	0x0825      	MOVF       FARG_LED_Init_pin2, 0
0x0130	0x00A7      	MOVWF      FARG_setpindirection_pin
0x0131	0x01A8      	CLRF       FARG_setpindirection_direction
0x0132	0x205B      	CALL       _setpindirection
;LED_impelemntation.c,9 :: 		setpinvalue(port1, pin1, LOW);
0x0133	0x0822      	MOVF       FARG_LED_Init_port1, 0
0x0134	0x00A6      	MOVWF      FARG_setpinvalue_port
0x0135	0x0823      	MOVF       FARG_LED_Init_pin1, 0
0x0136	0x00A7      	MOVWF      FARG_setpinvalue_pin
0x0137	0x01A8      	CLRF       FARG_setpinvalue_value
0x0138	0x209B      	CALL       _setpinvalue
;LED_impelemntation.c,10 :: 		setpinvalue(port2, pin2, LOW);
0x0139	0x0824      	MOVF       FARG_LED_Init_port2, 0
0x013A	0x00A6      	MOVWF      FARG_setpinvalue_port
0x013B	0x0825      	MOVF       FARG_LED_Init_pin2, 0
0x013C	0x00A7      	MOVWF      FARG_setpinvalue_pin
0x013D	0x01A8      	CLRF       FARG_setpinvalue_value
0x013E	0x209B      	CALL       _setpinvalue
;LED_impelemntation.c,11 :: 		}
L_end_LED_Init:
0x013F	0x0008      	RETURN
; end of _LED_Init
_main:
;main.c,24 :: 		int main()
;main.c,27 :: 		ADCON1 = 0x06;  // all PORTA pins Digital
0x0140	0x3006      	MOVLW      6
0x0141	0x1683      	BSF        STATUS, 5
0x0142	0x1303      	BCF        STATUS, 6
0x0143	0x009F      	MOVWF      ADCON1
;main.c,30 :: 		GPIO_Init();
0x0144	0x2105      	CALL       _GPIO_Init
;main.c,31 :: 		LED_Init(LED1_PORT, LED1_PIN, LED2_PORT, LED2_PIN);
0x0145	0x3001      	MOVLW      1
0x0146	0x1283      	BCF        STATUS, 5
0x0147	0x00A2      	MOVWF      FARG_LED_Init_port1
0x0148	0x01A3      	CLRF       FARG_LED_Init_pin1
0x0149	0x3001      	MOVLW      1
0x014A	0x00A4      	MOVWF      FARG_LED_Init_port2
0x014B	0x3001      	MOVLW      1
0x014C	0x00A5      	MOVWF      FARG_LED_Init_pin2
0x014D	0x2125      	CALL       _LED_Init
;main.c,34 :: 		setpindirection(SW1_PORT, SW1_PIN, INPUT);
0x014E	0x3001      	MOVLW      1
0x014F	0x00A6      	MOVWF      FARG_setpindirection_port
0x0150	0x3002      	MOVLW      2
0x0151	0x00A7      	MOVWF      FARG_setpindirection_pin
0x0152	0x3001      	MOVLW      1
0x0153	0x00A8      	MOVWF      FARG_setpindirection_direction
0x0154	0x205B      	CALL       _setpindirection
;main.c,35 :: 		setpindirection(SW2_PORT, SW2_PIN, INPUT);
0x0155	0x3001      	MOVLW      1
0x0156	0x00A6      	MOVWF      FARG_setpindirection_port
0x0157	0x3003      	MOVLW      3
0x0158	0x00A7      	MOVWF      FARG_setpindirection_pin
0x0159	0x3001      	MOVLW      1
0x015A	0x00A8      	MOVWF      FARG_setpindirection_direction
0x015B	0x205B      	CALL       _setpindirection
;main.c,37 :: 		while(1)
L_main6:
;main.c,40 :: 		if(getpinvalue(SW1_PORT, SW1_PIN) == 0)
0x015C	0x3001      	MOVLW      1
0x015D	0x00A2      	MOVWF      FARG_getpinvalue_port
0x015E	0x3002      	MOVLW      2
0x015F	0x00A3      	MOVWF      FARG_getpinvalue_pin
0x0160	0x20E4      	CALL       _getpinvalue
0x0161	0x0870      	MOVF       R0, 0
0x0162	0x3A00      	XORLW      0
0x0163	0x1D03      	BTFSS      STATUS, 2
0x0164	0x2990      	GOTO       L_main8
;main.c,43 :: 		LED_On(LED1_PORT, LED1_PIN);
0x0165	0x3001      	MOVLW      1
0x0166	0x00A2      	MOVWF      FARG_LED_On_port
0x0167	0x01A3      	CLRF       FARG_LED_On_pin
0x0168	0x211B      	CALL       _LED_On
;main.c,44 :: 		LED_Off(LED2_PORT, LED2_PIN);
0x0169	0x3001      	MOVLW      1
0x016A	0x00A2      	MOVWF      FARG_LED_Off_port
0x016B	0x3001      	MOVLW      1
0x016C	0x00A3      	MOVWF      FARG_LED_Off_pin
0x016D	0x20DB      	CALL       _LED_Off
;main.c,45 :: 		delay_ms(200);
0x016E	0x3003      	MOVLW      3
0x016F	0x00FB      	MOVWF      R11
0x0170	0x3008      	MOVLW      8
0x0171	0x00FC      	MOVWF      R12
0x0172	0x3077      	MOVLW      119
0x0173	0x00FD      	MOVWF      R13
L_main9:
0x0174	0x0BFD      	DECFSZ     R13, 1
0x0175	0x2974      	GOTO       L_main9
0x0176	0x0BFC      	DECFSZ     R12, 1
0x0177	0x2974      	GOTO       L_main9
0x0178	0x0BFB      	DECFSZ     R11, 1
0x0179	0x2974      	GOTO       L_main9
;main.c,47 :: 		LED_Off(LED1_PORT, LED1_PIN);
0x017A	0x3001      	MOVLW      1
0x017B	0x00A2      	MOVWF      FARG_LED_Off_port
0x017C	0x01A3      	CLRF       FARG_LED_Off_pin
0x017D	0x20DB      	CALL       _LED_Off
;main.c,48 :: 		LED_On(LED2_PORT, LED2_PIN);
0x017E	0x3001      	MOVLW      1
0x017F	0x00A2      	MOVWF      FARG_LED_On_port
0x0180	0x3001      	MOVLW      1
0x0181	0x00A3      	MOVWF      FARG_LED_On_pin
0x0182	0x211B      	CALL       _LED_On
;main.c,49 :: 		delay_ms(200);
0x0183	0x3003      	MOVLW      3
0x0184	0x00FB      	MOVWF      R11
0x0185	0x3008      	MOVLW      8
0x0186	0x00FC      	MOVWF      R12
0x0187	0x3077      	MOVLW      119
0x0188	0x00FD      	MOVWF      R13
L_main10:
0x0189	0x0BFD      	DECFSZ     R13, 1
0x018A	0x2989      	GOTO       L_main10
0x018B	0x0BFC      	DECFSZ     R12, 1
0x018C	0x2989      	GOTO       L_main10
0x018D	0x0BFB      	DECFSZ     R11, 1
0x018E	0x2989      	GOTO       L_main10
;main.c,50 :: 		}
0x018F	0x29D1      	GOTO       L_main11
L_main8:
;main.c,52 :: 		else if(getpinvalue(SW2_PORT, SW2_PIN) == 0)
0x0190	0x3001      	MOVLW      1
0x0191	0x00A2      	MOVWF      FARG_getpinvalue_port
0x0192	0x3003      	MOVLW      3
0x0193	0x00A3      	MOVWF      FARG_getpinvalue_pin
0x0194	0x20E4      	CALL       _getpinvalue
0x0195	0x0870      	MOVF       R0, 0
0x0196	0x3A00      	XORLW      0
0x0197	0x1D03      	BTFSS      STATUS, 2
0x0198	0x29C8      	GOTO       L_main12
;main.c,55 :: 		LED_On(LED1_PORT, LED1_PIN);
0x0199	0x3001      	MOVLW      1
0x019A	0x00A2      	MOVWF      FARG_LED_On_port
0x019B	0x01A3      	CLRF       FARG_LED_On_pin
0x019C	0x211B      	CALL       _LED_On
;main.c,56 :: 		LED_Off(LED2_PORT, LED2_PIN);
0x019D	0x3001      	MOVLW      1
0x019E	0x00A2      	MOVWF      FARG_LED_Off_port
0x019F	0x3001      	MOVLW      1
0x01A0	0x00A3      	MOVWF      FARG_LED_Off_pin
0x01A1	0x20DB      	CALL       _LED_Off
;main.c,57 :: 		delay_ms(500);
0x01A2	0x3006      	MOVLW      6
0x01A3	0x00FB      	MOVWF      R11
0x01A4	0x3013      	MOVLW      19
0x01A5	0x00FC      	MOVWF      R12
0x01A6	0x30AD      	MOVLW      173
0x01A7	0x00FD      	MOVWF      R13
L_main13:
0x01A8	0x0BFD      	DECFSZ     R13, 1
0x01A9	0x29A8      	GOTO       L_main13
0x01AA	0x0BFC      	DECFSZ     R12, 1
0x01AB	0x29A8      	GOTO       L_main13
0x01AC	0x0BFB      	DECFSZ     R11, 1
0x01AD	0x29A8      	GOTO       L_main13
0x01AE	0x0000      	NOP
0x01AF	0x0000      	NOP
;main.c,59 :: 		LED_Off(LED1_PORT, LED1_PIN);
0x01B0	0x3001      	MOVLW      1
0x01B1	0x00A2      	MOVWF      FARG_LED_Off_port
0x01B2	0x01A3      	CLRF       FARG_LED_Off_pin
0x01B3	0x20DB      	CALL       _LED_Off
;main.c,60 :: 		LED_On(LED2_PORT, LED2_PIN);
0x01B4	0x3001      	MOVLW      1
0x01B5	0x00A2      	MOVWF      FARG_LED_On_port
0x01B6	0x3001      	MOVLW      1
0x01B7	0x00A3      	MOVWF      FARG_LED_On_pin
0x01B8	0x211B      	CALL       _LED_On
;main.c,61 :: 		delay_ms(500);
0x01B9	0x3006      	MOVLW      6
0x01BA	0x00FB      	MOVWF      R11
0x01BB	0x3013      	MOVLW      19
0x01BC	0x00FC      	MOVWF      R12
0x01BD	0x30AD      	MOVLW      173
0x01BE	0x00FD      	MOVWF      R13
L_main14:
0x01BF	0x0BFD      	DECFSZ     R13, 1
0x01C0	0x29BF      	GOTO       L_main14
0x01C1	0x0BFC      	DECFSZ     R12, 1
0x01C2	0x29BF      	GOTO       L_main14
0x01C3	0x0BFB      	DECFSZ     R11, 1
0x01C4	0x29BF      	GOTO       L_main14
0x01C5	0x0000      	NOP
0x01C6	0x0000      	NOP
;main.c,62 :: 		}
0x01C7	0x29D1      	GOTO       L_main15
L_main12:
;main.c,66 :: 		LED_Off(LED1_PORT, LED1_PIN);
0x01C8	0x3001      	MOVLW      1
0x01C9	0x00A2      	MOVWF      FARG_LED_Off_port
0x01CA	0x01A3      	CLRF       FARG_LED_Off_pin
0x01CB	0x20DB      	CALL       _LED_Off
;main.c,67 :: 		LED_Off(LED2_PORT, LED2_PIN);
0x01CC	0x3001      	MOVLW      1
0x01CD	0x00A2      	MOVWF      FARG_LED_Off_port
0x01CE	0x3001      	MOVLW      1
0x01CF	0x00A3      	MOVWF      FARG_LED_Off_pin
0x01D0	0x20DB      	CALL       _LED_Off
;main.c,68 :: 		}
L_main15:
L_main11:
;main.c,69 :: 		}
0x01D1	0x295C      	GOTO       L_main6
;main.c,72 :: 		}
L_end_main:
0x01D2	0x29D2      	GOTO       $+0
; end of _main
Symbol List:
//** Routines locations **
//ADDRESS    SIZE    PROCEDURE
//----------------------------------------------
0x0003      [44]    _GPIO_GetTRISRegister
0x002F      [44]    _GPIO_GetPORTRegister
0x005B      [64]    _setpindirection
0x009B      [64]    _setpinvalue
0x00DB       [9]    _LED_Off
0x00E4      [33]    _getpinvalue
0x0105      [22]    _GPIO_Init
0x011B      [10]    _LED_On
0x0125      [27]    _LED_Init
0x0140     [147]    _main
//** Variables locations ** 
//ADDRESS    SIZE    VARIABLE
//----------------------------------------------
0x0000       [1]    INDF
0x0003       [1]    STATUS
0x0004       [1]    FSR
0x0005       [1]    PORTA
0x0006       [1]    PORTB
0x0007       [1]    PORTC
0x0008       [1]    PORTD
0x0009       [1]    PORTE
0x000A       [1]    PCLATH
0x0020       [2]    ___DoICPAddr
0x0022       [1]    FARG_LED_Off_port
0x0022       [1]    FARG_getpinvalue_port
0x0022       [1]    FARG_LED_Init_port1
0x0022       [1]    FARG_LED_On_port
0x0023       [1]    FARG_LED_Off_pin
0x0023       [1]    FARG_LED_On_pin
0x0023       [1]    FARG_LED_Init_pin1
0x0023       [1]    FARG_getpinvalue_pin
0x0024       [1]    getpinvalue_PORT_reg_L0
0x0024       [1]    FARG_LED_Init_port2
0x0025       [1]    FARG_LED_Init_pin2
0x0026       [1]    FARG_setpindirection_port
0x0026       [1]    FARG_setpinvalue_port
0x0027       [1]    FARG_setpinvalue_pin
0x0027       [1]    FARG_setpindirection_pin
0x0028       [1]    FARG_setpinvalue_value
0x0028       [1]    FARG_setpindirection_direction
0x0029       [1]    setpinvalue_PORT_reg_L0
0x0029       [1]    setpindirection_TRIS_reg_L0
0x002A       [1]    FARG_GPIO_GetPORTRegister_port
0x002A       [1]    FARG_GPIO_GetTRISRegister_port
0x0070       [1]    R0
0x0071       [1]    R1
0x0072       [1]    R2
0x0073       [1]    R3
0x0074       [1]    R4
0x0075       [1]    R5
0x0076       [1]    R6
0x0077       [1]    R7
0x0078       [1]    R8
0x0079       [1]    R9
0x007A       [1]    R10
0x007B       [1]    R11
0x007C       [1]    R12
0x007D       [1]    R13
0x007E       [1]    R14
0x007F       [1]    R15
0x0085       [1]    TRISA
0x0086       [1]    TRISB
0x0087       [1]    TRISC
0x0088       [1]    TRISD
0x0089       [1]    TRISE
0x009F       [1]    ADCON1
