;  LST file generated by mikroListExporter - v.2.0 
; Date/Time: 4/8/2026 6:14:32 PM
;----------------------------------------------

;Address Opcode 	ASM
0x0000	0x2B1F      	GOTO       799
_interrupt:
0x0004	0x00FF      	MOVWF      R15
0x0005	0x0E03      	SWAPF      STATUS, 0
0x0006	0x0183      	CLRF       STATUS
0x0007	0x00AA      	MOVWF      ___saveSTATUS
0x0008	0x080A      	MOVF       PCLATH, 0
0x0009	0x00AB      	MOVWF      ___savePCLATH
0x000A	0x018A      	CLRF       PCLATH
;ISR.c,11 :: 		void interrupt(void) {
;ISR.c,13 :: 		if (GET_BIT(INTCON, 1) == 1) {
0x000B	0x080B      	MOVF       INTCON, 0
0x000C	0x00F0      	MOVWF      R0
0x000D	0x0CF0      	RRF        R0, 1
0x000E	0x13F0      	BCF        R0, 7
0x000F	0x3001      	MOVLW      1
0x0010	0x0570      	ANDWF      R0, 0
0x0011	0x00F1      	MOVWF      R1
0x0012	0x0871      	MOVF       R1, 0
0x0013	0x3A01      	XORLW      1
0x0014	0x1D03      	BTFSS      STATUS, 2
0x0015	0x2838      	GOTO       L_interrupt0
;ISR.c,15 :: 		CLR_BIT(INTCON, 1);
0x0016	0x30FD      	MOVLW      253
0x0017	0x058B      	ANDWF      INTCON, 1
;ISR.c,17 :: 		if (EXT_INT0_Callback != NULL_PTR) {
0x0018	0x0825      	MOVF       _EXT_INT0_Callback, 0
0x0019	0x00F1      	MOVWF      R1
0x001A	0x0826      	MOVF       _EXT_INT0_Callback+1, 0
0x001B	0x00F2      	MOVWF      R1+1
0x001C	0x0827      	MOVF       _EXT_INT0_Callback+2, 0
0x001D	0x00F3      	MOVWF      R1+2
0x001E	0x0828      	MOVF       _EXT_INT0_Callback+3, 0
0x001F	0x00F4      	MOVWF      R1+3
0x0020	0x3000      	MOVLW      0
0x0021	0x00F0      	MOVWF      R0
0x0022	0x0674      	XORWF      R1+3, 0
0x0023	0x1D03      	BTFSS      STATUS, 2
0x0024	0x282F      	GOTO       L__interrupt6
0x0025	0x0870      	MOVF       R0, 0
0x0026	0x0673      	XORWF      R1+2, 0
0x0027	0x1D03      	BTFSS      STATUS, 2
0x0028	0x282F      	GOTO       L__interrupt6
0x0029	0x0870      	MOVF       R0, 0
0x002A	0x0672      	XORWF      R1+1, 0
0x002B	0x1D03      	BTFSS      STATUS, 2
0x002C	0x282F      	GOTO       L__interrupt6
0x002D	0x0871      	MOVF       R1, 0
0x002E	0x3A00      	XORLW      0
L__interrupt6:
0x002F	0x1903      	BTFSC      STATUS, 2
0x0030	0x2838      	GOTO       L_interrupt1
;ISR.c,18 :: 		EXT_INT0_Callback();
0x0031	0x0825      	MOVF       _EXT_INT0_Callback, 0
0x0032	0x00A8      	MOVWF      ___DoICPAddr
0x0033	0x0826      	MOVF       _EXT_INT0_Callback+1, 0
0x0034	0x00A9      	MOVWF      ___DoICPAddr+1
0x0035	0x230C      	CALL       _____DoIFC
0x0036	0x118A      	BCF        PCLATH, 3
0x0037	0x120A      	BCF        PCLATH, 4
;ISR.c,19 :: 		}
L_interrupt1:
;ISR.c,20 :: 		}
L_interrupt0:
;ISR.c,22 :: 		if (GET_BIT(INTCON, 2) == 1) {
0x0038	0x080B      	MOVF       INTCON, 0
0x0039	0x1283      	BCF        STATUS, 5
0x003A	0x1303      	BCF        STATUS, 6
0x003B	0x00F0      	MOVWF      R0
0x003C	0x0CF0      	RRF        R0, 1
0x003D	0x13F0      	BCF        R0, 7
0x003E	0x0CF0      	RRF        R0, 1
0x003F	0x13F0      	BCF        R0, 7
0x0040	0x3001      	MOVLW      1
0x0041	0x0570      	ANDWF      R0, 0
0x0042	0x00F1      	MOVWF      R1
0x0043	0x0871      	MOVF       R1, 0
0x0044	0x3A01      	XORLW      1
0x0045	0x1D03      	BTFSS      STATUS, 2
0x0046	0x286D      	GOTO       L_interrupt2
;ISR.c,23 :: 		CLR_BIT(INTCON, 2);
0x0047	0x30FB      	MOVLW      251
0x0048	0x058B      	ANDWF      INTCON, 1
;ISR.c,25 :: 		TMR0 = 6;
0x0049	0x3006      	MOVLW      6
0x004A	0x0081      	MOVWF      TMR0
;ISR.c,27 :: 		if (TIMER0_CallBack != NULL_PTR) {
0x004B	0x0820      	MOVF       _TIMER0_CallBack, 0
0x004C	0x00F1      	MOVWF      R1
0x004D	0x0821      	MOVF       _TIMER0_CallBack+1, 0
0x004E	0x00F2      	MOVWF      R1+1
0x004F	0x0822      	MOVF       _TIMER0_CallBack+2, 0
0x0050	0x00F3      	MOVWF      R1+2
0x0051	0x0823      	MOVF       _TIMER0_CallBack+3, 0
0x0052	0x00F4      	MOVWF      R1+3
0x0053	0x3000      	MOVLW      0
0x0054	0x00F0      	MOVWF      R0
0x0055	0x0674      	XORWF      R1+3, 0
0x0056	0x1D03      	BTFSS      STATUS, 2
0x0057	0x2862      	GOTO       L__interrupt7
0x0058	0x0870      	MOVF       R0, 0
0x0059	0x0673      	XORWF      R1+2, 0
0x005A	0x1D03      	BTFSS      STATUS, 2
0x005B	0x2862      	GOTO       L__interrupt7
0x005C	0x0870      	MOVF       R0, 0
0x005D	0x0672      	XORWF      R1+1, 0
0x005E	0x1D03      	BTFSS      STATUS, 2
0x005F	0x2862      	GOTO       L__interrupt7
0x0060	0x0871      	MOVF       R1, 0
0x0061	0x3A00      	XORLW      0
L__interrupt7:
0x0062	0x1903      	BTFSC      STATUS, 2
0x0063	0x286D      	GOTO       L_interrupt3
;ISR.c,28 :: 		TIMER0_CallBack();
0x0064	0x1283      	BCF        STATUS, 5
0x0065	0x1303      	BCF        STATUS, 6
0x0066	0x0820      	MOVF       _TIMER0_CallBack, 0
0x0067	0x00A8      	MOVWF      ___DoICPAddr
0x0068	0x0821      	MOVF       _TIMER0_CallBack+1, 0
0x0069	0x00A9      	MOVWF      ___DoICPAddr+1
0x006A	0x230C      	CALL       _____DoIFC
0x006B	0x118A      	BCF        PCLATH, 3
0x006C	0x120A      	BCF        PCLATH, 4
;ISR.c,29 :: 		}
L_interrupt3:
;ISR.c,30 :: 		}
L_interrupt2:
;ISR.c,31 :: 		}
L_end_interrupt:
L__interrupt5:
0x006D	0x1283      	BCF        STATUS, 5
0x006E	0x1303      	BCF        STATUS, 6
0x006F	0x082B      	MOVF       ___savePCLATH, 0
0x0070	0x008A      	MOVWF      PCLATH
0x0071	0x0E2A      	SWAPF      ___saveSTATUS, 0
0x0072	0x0083      	MOVWF      STATUS
0x0073	0x0EFF      	SWAPF      R15, 1
0x0074	0x0E7F      	SWAPF      R15, 0
0x0075	0x0009      	RETFIE
; end of _interrupt
_Div_16x16_S_L:
;__Lib_Math.c,421 :: 		
;__Lib_Math.c,427 :: 		
0x0076	0x0D71      	RLF        R1, 0
;__Lib_Math.c,428 :: 		
0x0077	0x0DF8      	RLF        R8, 1
;__Lib_Math.c,429 :: 		
0x0078	0x0DF9      	RLF        R9, 1
;__Lib_Math.c,430 :: 		
0x0079	0x0874      	MOVF       R4, 0
;__Lib_Math.c,431 :: 		
0x007A	0x02F8      	SUBWF      R8, 1
;__Lib_Math.c,432 :: 		
0x007B	0x0875      	MOVF       R5, 0
;__Lib_Math.c,433 :: 		
0x007C	0x1C03      	BTFSS      STATUS, 0
;__Lib_Math.c,434 :: 		
0x007D	0x0F75      	INCFSZ     R5, 0
;__Lib_Math.c,435 :: 		
0x007E	0x02F9      	SUBWF      R9, 1
;__Lib_Math.c,436 :: 		
0x007F	0x0DF0      	RLF        R0, 1
;__Lib_Math.c,437 :: 		
0x0080	0x0DF1      	RLF        R1, 1
;__Lib_Math.c,439 :: 		
0x0081	0x300F      	MOVLW      15
;__Lib_Math.c,440 :: 		
0x0082	0x00FC      	MOVWF      R12
;__Lib_Math.c,442 :: 		
0x0083	0x0D71      	RLF        R1, 0
;__Lib_Math.c,443 :: 		
0x0084	0x0DF8      	RLF        R8, 1
;__Lib_Math.c,444 :: 		
0x0085	0x0DF9      	RLF        R9, 1
;__Lib_Math.c,445 :: 		
0x0086	0x0874      	MOVF       R4, 0
;__Lib_Math.c,447 :: 		
0x0087	0x1C70      	BTFSS      R0, 0
;__Lib_Math.c,448 :: 		
0x0088	0x288F      	GOTO       $+7
;__Lib_Math.c,449 :: 		
0x0089	0x02F8      	SUBWF      R8, 1
;__Lib_Math.c,450 :: 		
0x008A	0x0875      	MOVF       R5, 0
;__Lib_Math.c,451 :: 		
0x008B	0x1C03      	BTFSS      STATUS, 0
;__Lib_Math.c,452 :: 		
0x008C	0x0F75      	INCFSZ     R5, 0
;__Lib_Math.c,453 :: 		
0x008D	0x02F9      	SUBWF      R9, 1
;__Lib_Math.c,454 :: 		
0x008E	0x2894      	GOTO       $+6
;__Lib_Math.c,456 :: 		
0x008F	0x07F8      	ADDWF      R8, 1
;__Lib_Math.c,457 :: 		
0x0090	0x0875      	MOVF       R5, 0
;__Lib_Math.c,458 :: 		
0x0091	0x1803      	BTFSC      STATUS, 0
;__Lib_Math.c,459 :: 		
0x0092	0x0F75      	INCFSZ     R5, 0
;__Lib_Math.c,460 :: 		
0x0093	0x07F9      	ADDWF      R9, 1
;__Lib_Math.c,462 :: 		
0x0094	0x0DF0      	RLF        R0, 1
;__Lib_Math.c,463 :: 		
0x0095	0x0DF1      	RLF        R1, 1
;__Lib_Math.c,465 :: 		
0x0096	0x0BFC      	DECFSZ     R12, 1
;__Lib_Math.c,466 :: 		
0x0097	0x2883      	GOTO       $-20
;__Lib_Math.c,468 :: 		
0x0098	0x1870      	BTFSC      R0, 0
;__Lib_Math.c,469 :: 		
0x0099	0x28A0      	GOTO       $+7
;__Lib_Math.c,470 :: 		
0x009A	0x0874      	MOVF       R4, 0
;__Lib_Math.c,471 :: 		
0x009B	0x07F8      	ADDWF      R8, 1
;__Lib_Math.c,472 :: 		
0x009C	0x0875      	MOVF       R5, 0
;__Lib_Math.c,473 :: 		
0x009D	0x1803      	BTFSC      STATUS, 0
;__Lib_Math.c,474 :: 		
0x009E	0x0F75      	INCFSZ     R5, 0
;__Lib_Math.c,475 :: 		
0x009F	0x07F9      	ADDWF      R9, 1
;__Lib_Math.c,476 :: 		
0x00A0	0x0000      	NOP
;__Lib_Math.c,478 :: 		
L_end_Div_16x16_S_L:
0x00A1	0x0008      	RETURN
; end of _Div_16x16_S_L
_Div_16x16_S:
;__Lib_Math.c,480 :: 		
;__Lib_Math.c,488 :: 		
0x00A2	0x1283      	BCF        STATUS, 5
0x00A3	0x1303      	BCF        STATUS, 6
0x00A4	0x0874      	MOVF       R4, 0
0x00A5	0x3A00      	XORLW      0
0x00A6	0x1D03      	BTFSS      STATUS, 2
0x00A7	0x28B1      	GOTO       L_Div_16x16_S0
;__Lib_Math.c,489 :: 		
0x00A8	0x0875      	MOVF       R5, 0
0x00A9	0x3A00      	XORLW      0
0x00AA	0x1D03      	BTFSS      STATUS, 2
0x00AB	0x28B1      	GOTO       L_Div_16x16_S1
;__Lib_Math.c,490 :: 		
0x00AC	0x30FF      	MOVLW      255
0x00AD	0x00F0      	MOVWF      R0
;__Lib_Math.c,491 :: 		
0x00AE	0x307F      	MOVLW      127
0x00AF	0x00F1      	MOVWF      R1
;__Lib_Math.c,492 :: 		
0x00B0	0x290A      	GOTO       L_end_Div_16x16_S
;__Lib_Math.c,493 :: 		
L_Div_16x16_S1:
L_Div_16x16_S0:
;__Lib_Math.c,496 :: 		
0x00B1	0x1283      	BCF        STATUS, 5
;__Lib_Math.c,497 :: 		
0x00B2	0x1303      	BCF        STATUS, 6
;__Lib_Math.c,498 :: 		
0x00B3	0x01FD      	CLRF       R13
;__Lib_Math.c,499 :: 		
0x00B4	0x01F9      	CLRF       R9
;__Lib_Math.c,500 :: 		
0x00B5	0x01F8      	CLRF       R8
;__Lib_Math.c,501 :: 		
0x00B6	0x0871      	MOVF       R1, 0
;__Lib_Math.c,502 :: 		
0x00B7	0x0470      	IORWF      R0, 0
;__Lib_Math.c,503 :: 		
0x00B8	0x1903      	BTFSC      STATUS, 2
;__Lib_Math.c,504 :: 		
0x00B9	0x3400      	RETLW      0
;__Lib_Math.c,506 :: 		
0x00BA	0x0871      	MOVF       R1, 0
;__Lib_Math.c,507 :: 		
0x00BB	0x0675      	XORWF      R5, 0
;__Lib_Math.c,508 :: 		
0x00BC	0x00FA      	MOVWF      R10
;__Lib_Math.c,509 :: 		
0x00BD	0x1BFA      	BTFSC      R10, 7
;__Lib_Math.c,510 :: 		
0x00BE	0x09FD      	COMF       R13, 1
;__Lib_Math.c,512 :: 		
0x00BF	0x01FB      	CLRF       R11
;__Lib_Math.c,514 :: 		
0x00C0	0x1FF5      	BTFSS      R5, 7
;__Lib_Math.c,515 :: 		
0x00C1	0x28C7      	GOTO       $+6
;__Lib_Math.c,517 :: 		
0x00C2	0x09F4      	COMF       R4, 1
;__Lib_Math.c,518 :: 		
0x00C3	0x09F5      	COMF       R5, 1
;__Lib_Math.c,519 :: 		
0x00C4	0x0AF4      	INCF       R4, 1
;__Lib_Math.c,520 :: 		
0x00C5	0x1903      	BTFSC      STATUS, 2
;__Lib_Math.c,521 :: 		
0x00C6	0x0AF5      	INCF       R5, 1
;__Lib_Math.c,523 :: 		
0x00C7	0x1FF1      	BTFSS      R1, 7
;__Lib_Math.c,524 :: 		
0x00C8	0x28CE      	GOTO       $+6
;__Lib_Math.c,526 :: 		
0x00C9	0x09F0      	COMF       R0, 1
;__Lib_Math.c,527 :: 		
0x00CA	0x09F1      	COMF       R1, 1
;__Lib_Math.c,528 :: 		
0x00CB	0x0AF0      	INCF       R0, 1
;__Lib_Math.c,529 :: 		
0x00CC	0x1903      	BTFSC      STATUS, 2
;__Lib_Math.c,530 :: 		
0x00CD	0x0AF1      	INCF       R1, 1
;__Lib_Math.c,532 :: 		
0x00CE	0x0871      	MOVF       R1, 0
;__Lib_Math.c,533 :: 		
0x00CF	0x0475      	IORWF      R5, 0
;__Lib_Math.c,534 :: 		
0x00D0	0x00FA      	MOVWF      R10
;__Lib_Math.c,535 :: 		
0x00D1	0x1BFA      	BTFSC      R10, 7
;__Lib_Math.c,536 :: 		
0x00D2	0x28E3      	GOTO       $+17
;__Lib_Math.c,538 :: 		
0x00D3	0x2076      	CALL       _Div_16x16_S_L
;__Lib_Math.c,540 :: 		
0x00D4	0x187B      	BTFSC      R11, 0
;__Lib_Math.c,541 :: 		
0x00D5	0x28F6      	GOTO       $+33
;__Lib_Math.c,543 :: 		
0x00D6	0x1FFD      	BTFSS      R13, 7
;__Lib_Math.c,544 :: 		
0x00D7	0x3400      	RETLW      0
;__Lib_Math.c,546 :: 		
0x00D8	0x09F0      	COMF       R0, 1
;__Lib_Math.c,547 :: 		
0x00D9	0x09F1      	COMF       R1, 1
;__Lib_Math.c,548 :: 		
0x00DA	0x0AF0      	INCF       R0, 1
;__Lib_Math.c,549 :: 		
0x00DB	0x1903      	BTFSC      STATUS, 2
;__Lib_Math.c,550 :: 		
0x00DC	0x0AF1      	INCF       R1, 1
;__Lib_Math.c,552 :: 		
0x00DD	0x09F8      	COMF       R8, 1
;__Lib_Math.c,553 :: 		
0x00DE	0x09F9      	COMF       R9, 1
;__Lib_Math.c,554 :: 		
0x00DF	0x0AF8      	INCF       R8, 1
;__Lib_Math.c,555 :: 		
0x00E0	0x1903      	BTFSC      STATUS, 2
;__Lib_Math.c,556 :: 		
0x00E1	0x0AF9      	INCF       R9, 1
;__Lib_Math.c,558 :: 		
0x00E2	0x3400      	RETLW      0
;__Lib_Math.c,560 :: 		
0x00E3	0x1FF5      	BTFSS      R5, 7
;__Lib_Math.c,561 :: 		
0x00E4	0x28F2      	GOTO       $+14
;__Lib_Math.c,562 :: 		
0x00E5	0x1BF1      	BTFSC      R1, 7
;__Lib_Math.c,563 :: 		
0x00E6	0x28EE      	GOTO       $+8
;__Lib_Math.c,564 :: 		
0x00E7	0x0871      	MOVF       R1, 0
;__Lib_Math.c,565 :: 		
0x00E8	0x00F9      	MOVWF      R9
;__Lib_Math.c,566 :: 		
0x00E9	0x0870      	MOVF       R0, 0
;__Lib_Math.c,567 :: 		
0x00EA	0x00F8      	MOVWF      R8
;__Lib_Math.c,568 :: 		
0x00EB	0x01F1      	CLRF       R1
;__Lib_Math.c,569 :: 		
0x00EC	0x01F0      	CLRF       R0
;__Lib_Math.c,570 :: 		
0x00ED	0x28D6      	GOTO       $-23
;__Lib_Math.c,571 :: 		
0x00EE	0x01F1      	CLRF       R1
;__Lib_Math.c,572 :: 		
0x00EF	0x01F0      	CLRF       R0
;__Lib_Math.c,573 :: 		
0x00F0	0x0AF0      	INCF       R0, 1
;__Lib_Math.c,574 :: 		
0x00F1	0x3400      	RETLW      0
;__Lib_Math.c,576 :: 		
0x00F2	0x09F1      	COMF       R1, 1
;__Lib_Math.c,577 :: 		
0x00F3	0x09F0      	COMF       R0, 1
;__Lib_Math.c,578 :: 		
0x00F4	0x0AFB      	INCF       R11, 1
;__Lib_Math.c,579 :: 		
0x00F5	0x28D3      	GOTO       $-34
;__Lib_Math.c,581 :: 		
0x00F6	0x0AF8      	INCF       R8, 1
;__Lib_Math.c,582 :: 		
0x00F7	0x1903      	BTFSC      STATUS, 2
;__Lib_Math.c,583 :: 		
0x00F8	0x0AF9      	INCF       R9, 1
;__Lib_Math.c,584 :: 		
0x00F9	0x0874      	MOVF       R4, 0
;__Lib_Math.c,585 :: 		
0x00FA	0x0278      	SUBWF      R8, 0
;__Lib_Math.c,586 :: 		
0x00FB	0x1D03      	BTFSS      STATUS, 2
;__Lib_Math.c,587 :: 		
0x00FC	0x28D6      	GOTO       $-38
;__Lib_Math.c,588 :: 		
0x00FD	0x0875      	MOVF       R5, 0
;__Lib_Math.c,589 :: 		
0x00FE	0x0279      	SUBWF      R9, 0
;__Lib_Math.c,590 :: 		
0x00FF	0x1D03      	BTFSS      STATUS, 2
;__Lib_Math.c,591 :: 		
0x0100	0x28D6      	GOTO       $-42
;__Lib_Math.c,592 :: 		
0x0101	0x01F9      	CLRF       R9
;__Lib_Math.c,593 :: 		
0x0102	0x01F8      	CLRF       R8
;__Lib_Math.c,594 :: 		
0x0103	0x0AF0      	INCF       R0, 1
;__Lib_Math.c,595 :: 		
0x0104	0x1903      	BTFSC      STATUS, 2
;__Lib_Math.c,596 :: 		
0x0105	0x0AF1      	INCF       R1, 1
;__Lib_Math.c,597 :: 		
0x0106	0x1FF1      	BTFSS      R1, 7
;__Lib_Math.c,598 :: 		
0x0107	0x28D6      	GOTO       $-49
;__Lib_Math.c,599 :: 		
0x0108	0x0000      	NOP
;__Lib_Math.c,600 :: 		
0x0109	0x34FF      	RETLW      255
;__Lib_Math.c,602 :: 		
L_end_Div_16x16_S:
0x010A	0x0008      	RETURN
; end of _Div_16x16_S
_GPIO_GetPinValue:
;GPIO.c,98 :: 		u8 GPIO_GetPinValue(u8 Port, u8 Pin)
;GPIO.c,100 :: 		u8 Local_Value = 0;
0x010B	0x1283      	BCF        STATUS, 5
0x010C	0x1303      	BCF        STATUS, 6
0x010D	0x01B0      	CLRF       GPIO_GetPinValue_Local_Value_L0
;GPIO.c,102 :: 		switch(Port)
0x010E	0x2956      	GOTO       L_GPIO_GetPinValue36
;GPIO.c,104 :: 		case GPIO_PORTA:
L_GPIO_GetPinValue38:
;GPIO.c,105 :: 		Local_Value = GET_BIT(PORTA, Pin);
0x010F	0x082F      	MOVF       FARG_GPIO_GetPinValue_Pin, 0
0x0110	0x00F0      	MOVWF      R0
0x0111	0x0805      	MOVF       PORTA, 0
0x0112	0x00B0      	MOVWF      GPIO_GetPinValue_Local_Value_L0
0x0113	0x0870      	MOVF       R0, 0
L__GPIO_GetPinValue87:
0x0114	0x1903      	BTFSC      STATUS, 2
0x0115	0x291A      	GOTO       L__GPIO_GetPinValue88
0x0116	0x0CB0      	RRF        GPIO_GetPinValue_Local_Value_L0, 1
0x0117	0x13B0      	BCF        GPIO_GetPinValue_Local_Value_L0, 7
0x0118	0x3EFF      	ADDLW      255
0x0119	0x2914      	GOTO       L__GPIO_GetPinValue87
L__GPIO_GetPinValue88:
0x011A	0x3001      	MOVLW      1
0x011B	0x05B0      	ANDWF      GPIO_GetPinValue_Local_Value_L0, 1
;GPIO.c,106 :: 		break;
0x011C	0x296B      	GOTO       L_GPIO_GetPinValue37
;GPIO.c,108 :: 		case GPIO_PORTB:
L_GPIO_GetPinValue39:
;GPIO.c,109 :: 		Local_Value = GET_BIT(PORTB, Pin);
0x011D	0x082F      	MOVF       FARG_GPIO_GetPinValue_Pin, 0
0x011E	0x00F0      	MOVWF      R0
0x011F	0x0806      	MOVF       PORTB, 0
0x0120	0x00B0      	MOVWF      GPIO_GetPinValue_Local_Value_L0
0x0121	0x0870      	MOVF       R0, 0
L__GPIO_GetPinValue89:
0x0122	0x1903      	BTFSC      STATUS, 2
0x0123	0x2928      	GOTO       L__GPIO_GetPinValue90
0x0124	0x0CB0      	RRF        GPIO_GetPinValue_Local_Value_L0, 1
0x0125	0x13B0      	BCF        GPIO_GetPinValue_Local_Value_L0, 7
0x0126	0x3EFF      	ADDLW      255
0x0127	0x2922      	GOTO       L__GPIO_GetPinValue89
L__GPIO_GetPinValue90:
0x0128	0x3001      	MOVLW      1
0x0129	0x05B0      	ANDWF      GPIO_GetPinValue_Local_Value_L0, 1
;GPIO.c,110 :: 		break;
0x012A	0x296B      	GOTO       L_GPIO_GetPinValue37
;GPIO.c,112 :: 		case GPIO_PORTC:
L_GPIO_GetPinValue40:
;GPIO.c,113 :: 		Local_Value = GET_BIT(PORTC, Pin);
0x012B	0x082F      	MOVF       FARG_GPIO_GetPinValue_Pin, 0
0x012C	0x00F0      	MOVWF      R0
0x012D	0x0807      	MOVF       PORTC, 0
0x012E	0x00B0      	MOVWF      GPIO_GetPinValue_Local_Value_L0
0x012F	0x0870      	MOVF       R0, 0
L__GPIO_GetPinValue91:
0x0130	0x1903      	BTFSC      STATUS, 2
0x0131	0x2936      	GOTO       L__GPIO_GetPinValue92
0x0132	0x0CB0      	RRF        GPIO_GetPinValue_Local_Value_L0, 1
0x0133	0x13B0      	BCF        GPIO_GetPinValue_Local_Value_L0, 7
0x0134	0x3EFF      	ADDLW      255
0x0135	0x2930      	GOTO       L__GPIO_GetPinValue91
L__GPIO_GetPinValue92:
0x0136	0x3001      	MOVLW      1
0x0137	0x05B0      	ANDWF      GPIO_GetPinValue_Local_Value_L0, 1
;GPIO.c,114 :: 		break;
0x0138	0x296B      	GOTO       L_GPIO_GetPinValue37
;GPIO.c,116 :: 		case GPIO_PORTD:
L_GPIO_GetPinValue41:
;GPIO.c,117 :: 		Local_Value = GET_BIT(PORTD, Pin);
0x0139	0x082F      	MOVF       FARG_GPIO_GetPinValue_Pin, 0
0x013A	0x00F0      	MOVWF      R0
0x013B	0x0808      	MOVF       PORTD, 0
0x013C	0x00B0      	MOVWF      GPIO_GetPinValue_Local_Value_L0
0x013D	0x0870      	MOVF       R0, 0
L__GPIO_GetPinValue93:
0x013E	0x1903      	BTFSC      STATUS, 2
0x013F	0x2944      	GOTO       L__GPIO_GetPinValue94
0x0140	0x0CB0      	RRF        GPIO_GetPinValue_Local_Value_L0, 1
0x0141	0x13B0      	BCF        GPIO_GetPinValue_Local_Value_L0, 7
0x0142	0x3EFF      	ADDLW      255
0x0143	0x293E      	GOTO       L__GPIO_GetPinValue93
L__GPIO_GetPinValue94:
0x0144	0x3001      	MOVLW      1
0x0145	0x05B0      	ANDWF      GPIO_GetPinValue_Local_Value_L0, 1
;GPIO.c,118 :: 		break;
0x0146	0x296B      	GOTO       L_GPIO_GetPinValue37
;GPIO.c,120 :: 		case GPIO_PORTE:
L_GPIO_GetPinValue42:
;GPIO.c,121 :: 		Local_Value = GET_BIT(PORTE, Pin);
0x0147	0x082F      	MOVF       FARG_GPIO_GetPinValue_Pin, 0
0x0148	0x00F0      	MOVWF      R0
0x0149	0x0809      	MOVF       PORTE, 0
0x014A	0x00B0      	MOVWF      GPIO_GetPinValue_Local_Value_L0
0x014B	0x0870      	MOVF       R0, 0
L__GPIO_GetPinValue95:
0x014C	0x1903      	BTFSC      STATUS, 2
0x014D	0x2952      	GOTO       L__GPIO_GetPinValue96
0x014E	0x0CB0      	RRF        GPIO_GetPinValue_Local_Value_L0, 1
0x014F	0x13B0      	BCF        GPIO_GetPinValue_Local_Value_L0, 7
0x0150	0x3EFF      	ADDLW      255
0x0151	0x294C      	GOTO       L__GPIO_GetPinValue95
L__GPIO_GetPinValue96:
0x0152	0x3001      	MOVLW      1
0x0153	0x05B0      	ANDWF      GPIO_GetPinValue_Local_Value_L0, 1
;GPIO.c,122 :: 		break;
0x0154	0x296B      	GOTO       L_GPIO_GetPinValue37
;GPIO.c,124 :: 		default:
L_GPIO_GetPinValue43:
;GPIO.c,125 :: 		break;
0x0155	0x296B      	GOTO       L_GPIO_GetPinValue37
;GPIO.c,126 :: 		}
L_GPIO_GetPinValue36:
0x0156	0x082E      	MOVF       FARG_GPIO_GetPinValue_Port, 0
0x0157	0x3A00      	XORLW      0
0x0158	0x1903      	BTFSC      STATUS, 2
0x0159	0x290F      	GOTO       L_GPIO_GetPinValue38
0x015A	0x082E      	MOVF       FARG_GPIO_GetPinValue_Port, 0
0x015B	0x3A01      	XORLW      1
0x015C	0x1903      	BTFSC      STATUS, 2
0x015D	0x291D      	GOTO       L_GPIO_GetPinValue39
0x015E	0x082E      	MOVF       FARG_GPIO_GetPinValue_Port, 0
0x015F	0x3A02      	XORLW      2
0x0160	0x1903      	BTFSC      STATUS, 2
0x0161	0x292B      	GOTO       L_GPIO_GetPinValue40
0x0162	0x082E      	MOVF       FARG_GPIO_GetPinValue_Port, 0
0x0163	0x3A03      	XORLW      3
0x0164	0x1903      	BTFSC      STATUS, 2
0x0165	0x2939      	GOTO       L_GPIO_GetPinValue41
0x0166	0x082E      	MOVF       FARG_GPIO_GetPinValue_Port, 0
0x0167	0x3A04      	XORLW      4
0x0168	0x1903      	BTFSC      STATUS, 2
0x0169	0x2947      	GOTO       L_GPIO_GetPinValue42
0x016A	0x2955      	GOTO       L_GPIO_GetPinValue43
L_GPIO_GetPinValue37:
;GPIO.c,128 :: 		return Local_Value;
0x016B	0x0830      	MOVF       GPIO_GetPinValue_Local_Value_L0, 0
0x016C	0x00F0      	MOVWF      R0
;GPIO.c,129 :: 		}
L_end_GPIO_GetPinValue:
0x016D	0x0008      	RETURN
; end of _GPIO_GetPinValue
_Mul_16X16_U:
;__Lib_Math.c,136 :: 		
;__Lib_Math.c,143 :: 		
0x016E	0x1283      	BCF        STATUS, 5
;__Lib_Math.c,144 :: 		
0x016F	0x1303      	BCF        STATUS, 6
;__Lib_Math.c,145 :: 		
0x0170	0x01FB      	CLRF       R11
;__Lib_Math.c,146 :: 		
0x0171	0x01FA      	CLRF       R10
;__Lib_Math.c,147 :: 		
0x0172	0x01F9      	CLRF       R9
;__Lib_Math.c,148 :: 		
0x0173	0x3080      	MOVLW      128
;__Lib_Math.c,149 :: 		
0x0174	0x00F8      	MOVWF      R8
;__Lib_Math.c,150 :: 		
0x0175	0x0CF1      	RRF        R1, 1
;__Lib_Math.c,151 :: 		
0x0176	0x0CF0      	RRF        R0, 1
;__Lib_Math.c,152 :: 		
0x0177	0x1C03      	BTFSS      STATUS, 0
;__Lib_Math.c,153 :: 		
0x0178	0x2982      	GOTO       $+10
;__Lib_Math.c,154 :: 		
0x0179	0x0874      	MOVF       R4, 0
;__Lib_Math.c,155 :: 		
0x017A	0x07F9      	ADDWF      R9, 1
;__Lib_Math.c,156 :: 		
0x017B	0x0875      	MOVF       R5, 0
;__Lib_Math.c,157 :: 		
0x017C	0x1803      	BTFSC      STATUS, 0
;__Lib_Math.c,158 :: 		
0x017D	0x0F75      	INCFSZ     R5, 0
;__Lib_Math.c,159 :: 		
0x017E	0x07FA      	ADDWF      R10, 1
;__Lib_Math.c,160 :: 		
0x017F	0x1803      	BTFSC      STATUS, 0
;__Lib_Math.c,161 :: 		
0x0180	0x0AFB      	INCF       R11, 1
;__Lib_Math.c,162 :: 		
0x0181	0x1003      	BCF        STATUS, 0
;__Lib_Math.c,163 :: 		
0x0182	0x1FF0      	BTFSS      R0, 7
;__Lib_Math.c,164 :: 		
0x0183	0x298A      	GOTO       $+7
;__Lib_Math.c,165 :: 		
0x0184	0x0874      	MOVF       R4, 0
;__Lib_Math.c,166 :: 		
0x0185	0x07FA      	ADDWF      R10, 1
;__Lib_Math.c,167 :: 		
0x0186	0x0875      	MOVF       R5, 0
;__Lib_Math.c,168 :: 		
0x0187	0x1803      	BTFSC      STATUS, 0
;__Lib_Math.c,169 :: 		
0x0188	0x0F75      	INCFSZ     R5, 0
;__Lib_Math.c,170 :: 		
0x0189	0x07FB      	ADDWF      R11, 1
;__Lib_Math.c,171 :: 		
0x018A	0x0CFB      	RRF        R11, 1
;__Lib_Math.c,172 :: 		
0x018B	0x0CFA      	RRF        R10, 1
;__Lib_Math.c,173 :: 		
0x018C	0x0CF9      	RRF        R9, 1
;__Lib_Math.c,174 :: 		
0x018D	0x0CF8      	RRF        R8, 1
;__Lib_Math.c,175 :: 		
0x018E	0x1C03      	BTFSS      STATUS, 0
;__Lib_Math.c,176 :: 		
0x018F	0x2975      	GOTO       $-26
;__Lib_Math.c,177 :: 		
0x0190	0x087B      	MOVF       R11, 0
;__Lib_Math.c,178 :: 		
0x0191	0x00F3      	MOVWF      R3
;__Lib_Math.c,179 :: 		
0x0192	0x087A      	MOVF       R10, 0
;__Lib_Math.c,180 :: 		
0x0193	0x00F2      	MOVWF      R2
;__Lib_Math.c,181 :: 		
0x0194	0x0879      	MOVF       R9, 0
;__Lib_Math.c,182 :: 		
0x0195	0x00F1      	MOVWF      R1
;__Lib_Math.c,183 :: 		
0x0196	0x0878      	MOVF       R8, 0
;__Lib_Math.c,184 :: 		
0x0197	0x00F0      	MOVWF      R0
;__Lib_Math.c,187 :: 		
L_end_Mul_16X16_U:
0x0198	0x0008      	RETURN
; end of _Mul_16X16_U
_GPIO_SetPinValue:
;GPIO.c,53 :: 		void GPIO_SetPinValue(u8 Port, u8 Pin, u8 Value)
;GPIO.c,55 :: 		switch(Port)
0x0199	0x2A42      	GOTO       L_GPIO_SetPinValue18
;GPIO.c,57 :: 		case GPIO_PORTA:
L_GPIO_SetPinValue20:
;GPIO.c,58 :: 		if(Value == GPIO_HIGH)
0x019A	0x1283      	BCF        STATUS, 5
0x019B	0x1303      	BCF        STATUS, 6
0x019C	0x0830      	MOVF       FARG_GPIO_SetPinValue_Value, 0
0x019D	0x3A01      	XORLW      1
0x019E	0x1D03      	BTFSS      STATUS, 2
0x019F	0x29AE      	GOTO       L_GPIO_SetPinValue21
;GPIO.c,59 :: 		SET_BIT(PORTA, Pin);
0x01A0	0x082F      	MOVF       FARG_GPIO_SetPinValue_Pin, 0
0x01A1	0x00F1      	MOVWF      R1
0x01A2	0x3001      	MOVLW      1
0x01A3	0x00F0      	MOVWF      R0
0x01A4	0x0871      	MOVF       R1, 0
L__GPIO_SetPinValue66:
0x01A5	0x1903      	BTFSC      STATUS, 2
0x01A6	0x29AB      	GOTO       L__GPIO_SetPinValue67
0x01A7	0x0DF0      	RLF        R0, 1
0x01A8	0x1070      	BCF        R0, 0
0x01A9	0x3EFF      	ADDLW      255
0x01AA	0x29A5      	GOTO       L__GPIO_SetPinValue66
L__GPIO_SetPinValue67:
0x01AB	0x0870      	MOVF       R0, 0
0x01AC	0x0485      	IORWF      PORTA, 1
0x01AD	0x29BC      	GOTO       L_GPIO_SetPinValue22
L_GPIO_SetPinValue21:
;GPIO.c,61 :: 		CLR_BIT(PORTA, Pin);
0x01AE	0x082F      	MOVF       FARG_GPIO_SetPinValue_Pin, 0
0x01AF	0x00F1      	MOVWF      R1
0x01B0	0x3001      	MOVLW      1
0x01B1	0x00F0      	MOVWF      R0
0x01B2	0x0871      	MOVF       R1, 0
L__GPIO_SetPinValue68:
0x01B3	0x1903      	BTFSC      STATUS, 2
0x01B4	0x29B9      	GOTO       L__GPIO_SetPinValue69
0x01B5	0x0DF0      	RLF        R0, 1
0x01B6	0x1070      	BCF        R0, 0
0x01B7	0x3EFF      	ADDLW      255
0x01B8	0x29B3      	GOTO       L__GPIO_SetPinValue68
L__GPIO_SetPinValue69:
0x01B9	0x09F0      	COMF       R0, 1
0x01BA	0x0870      	MOVF       R0, 0
0x01BB	0x0585      	ANDWF      PORTA, 1
L_GPIO_SetPinValue22:
;GPIO.c,62 :: 		break;
0x01BC	0x2A59      	GOTO       L_GPIO_SetPinValue19
;GPIO.c,64 :: 		case GPIO_PORTB:
L_GPIO_SetPinValue23:
;GPIO.c,65 :: 		if(Value == GPIO_HIGH)
0x01BD	0x0830      	MOVF       FARG_GPIO_SetPinValue_Value, 0
0x01BE	0x3A01      	XORLW      1
0x01BF	0x1D03      	BTFSS      STATUS, 2
0x01C0	0x29CF      	GOTO       L_GPIO_SetPinValue24
;GPIO.c,66 :: 		SET_BIT(PORTB, Pin);
0x01C1	0x082F      	MOVF       FARG_GPIO_SetPinValue_Pin, 0
0x01C2	0x00F1      	MOVWF      R1
0x01C3	0x3001      	MOVLW      1
0x01C4	0x00F0      	MOVWF      R0
0x01C5	0x0871      	MOVF       R1, 0
L__GPIO_SetPinValue70:
0x01C6	0x1903      	BTFSC      STATUS, 2
0x01C7	0x29CC      	GOTO       L__GPIO_SetPinValue71
0x01C8	0x0DF0      	RLF        R0, 1
0x01C9	0x1070      	BCF        R0, 0
0x01CA	0x3EFF      	ADDLW      255
0x01CB	0x29C6      	GOTO       L__GPIO_SetPinValue70
L__GPIO_SetPinValue71:
0x01CC	0x0870      	MOVF       R0, 0
0x01CD	0x0486      	IORWF      PORTB, 1
0x01CE	0x29DD      	GOTO       L_GPIO_SetPinValue25
L_GPIO_SetPinValue24:
;GPIO.c,68 :: 		CLR_BIT(PORTB, Pin);
0x01CF	0x082F      	MOVF       FARG_GPIO_SetPinValue_Pin, 0
0x01D0	0x00F1      	MOVWF      R1
0x01D1	0x3001      	MOVLW      1
0x01D2	0x00F0      	MOVWF      R0
0x01D3	0x0871      	MOVF       R1, 0
L__GPIO_SetPinValue72:
0x01D4	0x1903      	BTFSC      STATUS, 2
0x01D5	0x29DA      	GOTO       L__GPIO_SetPinValue73
0x01D6	0x0DF0      	RLF        R0, 1
0x01D7	0x1070      	BCF        R0, 0
0x01D8	0x3EFF      	ADDLW      255
0x01D9	0x29D4      	GOTO       L__GPIO_SetPinValue72
L__GPIO_SetPinValue73:
0x01DA	0x09F0      	COMF       R0, 1
0x01DB	0x0870      	MOVF       R0, 0
0x01DC	0x0586      	ANDWF      PORTB, 1
L_GPIO_SetPinValue25:
;GPIO.c,69 :: 		break;
0x01DD	0x2A59      	GOTO       L_GPIO_SetPinValue19
;GPIO.c,71 :: 		case GPIO_PORTC:
L_GPIO_SetPinValue26:
;GPIO.c,72 :: 		if(Value == GPIO_HIGH)
0x01DE	0x0830      	MOVF       FARG_GPIO_SetPinValue_Value, 0
0x01DF	0x3A01      	XORLW      1
0x01E0	0x1D03      	BTFSS      STATUS, 2
0x01E1	0x29F0      	GOTO       L_GPIO_SetPinValue27
;GPIO.c,73 :: 		SET_BIT(PORTC, Pin);
0x01E2	0x082F      	MOVF       FARG_GPIO_SetPinValue_Pin, 0
0x01E3	0x00F1      	MOVWF      R1
0x01E4	0x3001      	MOVLW      1
0x01E5	0x00F0      	MOVWF      R0
0x01E6	0x0871      	MOVF       R1, 0
L__GPIO_SetPinValue74:
0x01E7	0x1903      	BTFSC      STATUS, 2
0x01E8	0x29ED      	GOTO       L__GPIO_SetPinValue75
0x01E9	0x0DF0      	RLF        R0, 1
0x01EA	0x1070      	BCF        R0, 0
0x01EB	0x3EFF      	ADDLW      255
0x01EC	0x29E7      	GOTO       L__GPIO_SetPinValue74
L__GPIO_SetPinValue75:
0x01ED	0x0870      	MOVF       R0, 0
0x01EE	0x0487      	IORWF      PORTC, 1
0x01EF	0x29FE      	GOTO       L_GPIO_SetPinValue28
L_GPIO_SetPinValue27:
;GPIO.c,75 :: 		CLR_BIT(PORTC, Pin);
0x01F0	0x082F      	MOVF       FARG_GPIO_SetPinValue_Pin, 0
0x01F1	0x00F1      	MOVWF      R1
0x01F2	0x3001      	MOVLW      1
0x01F3	0x00F0      	MOVWF      R0
0x01F4	0x0871      	MOVF       R1, 0
L__GPIO_SetPinValue76:
0x01F5	0x1903      	BTFSC      STATUS, 2
0x01F6	0x29FB      	GOTO       L__GPIO_SetPinValue77
0x01F7	0x0DF0      	RLF        R0, 1
0x01F8	0x1070      	BCF        R0, 0
0x01F9	0x3EFF      	ADDLW      255
0x01FA	0x29F5      	GOTO       L__GPIO_SetPinValue76
L__GPIO_SetPinValue77:
0x01FB	0x09F0      	COMF       R0, 1
0x01FC	0x0870      	MOVF       R0, 0
0x01FD	0x0587      	ANDWF      PORTC, 1
L_GPIO_SetPinValue28:
;GPIO.c,76 :: 		break;
0x01FE	0x2A59      	GOTO       L_GPIO_SetPinValue19
;GPIO.c,78 :: 		case GPIO_PORTD:
L_GPIO_SetPinValue29:
;GPIO.c,79 :: 		if(Value == GPIO_HIGH)
0x01FF	0x0830      	MOVF       FARG_GPIO_SetPinValue_Value, 0
0x0200	0x3A01      	XORLW      1
0x0201	0x1D03      	BTFSS      STATUS, 2
0x0202	0x2A11      	GOTO       L_GPIO_SetPinValue30
;GPIO.c,80 :: 		SET_BIT(PORTD, Pin);
0x0203	0x082F      	MOVF       FARG_GPIO_SetPinValue_Pin, 0
0x0204	0x00F1      	MOVWF      R1
0x0205	0x3001      	MOVLW      1
0x0206	0x00F0      	MOVWF      R0
0x0207	0x0871      	MOVF       R1, 0
L__GPIO_SetPinValue78:
0x0208	0x1903      	BTFSC      STATUS, 2
0x0209	0x2A0E      	GOTO       L__GPIO_SetPinValue79
0x020A	0x0DF0      	RLF        R0, 1
0x020B	0x1070      	BCF        R0, 0
0x020C	0x3EFF      	ADDLW      255
0x020D	0x2A08      	GOTO       L__GPIO_SetPinValue78
L__GPIO_SetPinValue79:
0x020E	0x0870      	MOVF       R0, 0
0x020F	0x0488      	IORWF      PORTD, 1
0x0210	0x2A1F      	GOTO       L_GPIO_SetPinValue31
L_GPIO_SetPinValue30:
;GPIO.c,82 :: 		CLR_BIT(PORTD, Pin);
0x0211	0x082F      	MOVF       FARG_GPIO_SetPinValue_Pin, 0
0x0212	0x00F1      	MOVWF      R1
0x0213	0x3001      	MOVLW      1
0x0214	0x00F0      	MOVWF      R0
0x0215	0x0871      	MOVF       R1, 0
L__GPIO_SetPinValue80:
0x0216	0x1903      	BTFSC      STATUS, 2
0x0217	0x2A1C      	GOTO       L__GPIO_SetPinValue81
0x0218	0x0DF0      	RLF        R0, 1
0x0219	0x1070      	BCF        R0, 0
0x021A	0x3EFF      	ADDLW      255
0x021B	0x2A16      	GOTO       L__GPIO_SetPinValue80
L__GPIO_SetPinValue81:
0x021C	0x09F0      	COMF       R0, 1
0x021D	0x0870      	MOVF       R0, 0
0x021E	0x0588      	ANDWF      PORTD, 1
L_GPIO_SetPinValue31:
;GPIO.c,83 :: 		break;
0x021F	0x2A59      	GOTO       L_GPIO_SetPinValue19
;GPIO.c,85 :: 		case GPIO_PORTE:
L_GPIO_SetPinValue32:
;GPIO.c,86 :: 		if(Value == GPIO_HIGH)
0x0220	0x0830      	MOVF       FARG_GPIO_SetPinValue_Value, 0
0x0221	0x3A01      	XORLW      1
0x0222	0x1D03      	BTFSS      STATUS, 2
0x0223	0x2A32      	GOTO       L_GPIO_SetPinValue33
;GPIO.c,87 :: 		SET_BIT(PORTE, Pin);
0x0224	0x082F      	MOVF       FARG_GPIO_SetPinValue_Pin, 0
0x0225	0x00F1      	MOVWF      R1
0x0226	0x3001      	MOVLW      1
0x0227	0x00F0      	MOVWF      R0
0x0228	0x0871      	MOVF       R1, 0
L__GPIO_SetPinValue82:
0x0229	0x1903      	BTFSC      STATUS, 2
0x022A	0x2A2F      	GOTO       L__GPIO_SetPinValue83
0x022B	0x0DF0      	RLF        R0, 1
0x022C	0x1070      	BCF        R0, 0
0x022D	0x3EFF      	ADDLW      255
0x022E	0x2A29      	GOTO       L__GPIO_SetPinValue82
L__GPIO_SetPinValue83:
0x022F	0x0870      	MOVF       R0, 0
0x0230	0x0489      	IORWF      PORTE, 1
0x0231	0x2A40      	GOTO       L_GPIO_SetPinValue34
L_GPIO_SetPinValue33:
;GPIO.c,89 :: 		CLR_BIT(PORTE, Pin);
0x0232	0x082F      	MOVF       FARG_GPIO_SetPinValue_Pin, 0
0x0233	0x00F1      	MOVWF      R1
0x0234	0x3001      	MOVLW      1
0x0235	0x00F0      	MOVWF      R0
0x0236	0x0871      	MOVF       R1, 0
L__GPIO_SetPinValue84:
0x0237	0x1903      	BTFSC      STATUS, 2
0x0238	0x2A3D      	GOTO       L__GPIO_SetPinValue85
0x0239	0x0DF0      	RLF        R0, 1
0x023A	0x1070      	BCF        R0, 0
0x023B	0x3EFF      	ADDLW      255
0x023C	0x2A37      	GOTO       L__GPIO_SetPinValue84
L__GPIO_SetPinValue85:
0x023D	0x09F0      	COMF       R0, 1
0x023E	0x0870      	MOVF       R0, 0
0x023F	0x0589      	ANDWF      PORTE, 1
L_GPIO_SetPinValue34:
;GPIO.c,90 :: 		break;
0x0240	0x2A59      	GOTO       L_GPIO_SetPinValue19
;GPIO.c,92 :: 		default:
L_GPIO_SetPinValue35:
;GPIO.c,93 :: 		break;
0x0241	0x2A59      	GOTO       L_GPIO_SetPinValue19
;GPIO.c,94 :: 		}
L_GPIO_SetPinValue18:
0x0242	0x1283      	BCF        STATUS, 5
0x0243	0x1303      	BCF        STATUS, 6
0x0244	0x082E      	MOVF       FARG_GPIO_SetPinValue_Port, 0
0x0245	0x3A00      	XORLW      0
0x0246	0x1903      	BTFSC      STATUS, 2
0x0247	0x299A      	GOTO       L_GPIO_SetPinValue20
0x0248	0x082E      	MOVF       FARG_GPIO_SetPinValue_Port, 0
0x0249	0x3A01      	XORLW      1
0x024A	0x1903      	BTFSC      STATUS, 2
0x024B	0x29BD      	GOTO       L_GPIO_SetPinValue23
0x024C	0x082E      	MOVF       FARG_GPIO_SetPinValue_Port, 0
0x024D	0x3A02      	XORLW      2
0x024E	0x1903      	BTFSC      STATUS, 2
0x024F	0x29DE      	GOTO       L_GPIO_SetPinValue26
0x0250	0x082E      	MOVF       FARG_GPIO_SetPinValue_Port, 0
0x0251	0x3A03      	XORLW      3
0x0252	0x1903      	BTFSC      STATUS, 2
0x0253	0x29FF      	GOTO       L_GPIO_SetPinValue29
0x0254	0x082E      	MOVF       FARG_GPIO_SetPinValue_Port, 0
0x0255	0x3A04      	XORLW      4
0x0256	0x1903      	BTFSC      STATUS, 2
0x0257	0x2A20      	GOTO       L_GPIO_SetPinValue32
0x0258	0x2A41      	GOTO       L_GPIO_SetPinValue35
L_GPIO_SetPinValue19:
;GPIO.c,95 :: 		}
L_end_GPIO_SetPinValue:
0x0259	0x0008      	RETURN
; end of _GPIO_SetPinValue
_____DoICP:
;__Lib_System.c,6 :: 		
;__Lib_System.c,9 :: 		
0x025A	0x1283      	BCF        STATUS, 5
0x025B	0x1303      	BCF        STATUS, 6
0x025C	0x0829      	MOVF       ___DoICPAddr+1, 0
0x025D	0x008A      	MOVWF      PCLATH
;__Lib_System.c,10 :: 		
0x025E	0x0828      	MOVF       ___DoICPAddr, 0
0x025F	0x0082      	MOVWF      PCL
;__Lib_System.c,12 :: 		
L_end_____DoICP:
0x0260	0x0008      	RETURN
; end of _____DoICP
_PWM_SetDutyCycle:
;PWM_program.c,13 :: 		void PWM_SetDutyCycle(u8 DutyCycle_Percent) {
;PWM_program.c,15 :: 		if(DutyCycle_Percent > 100) {
0x0261	0x1283      	BCF        STATUS, 5
0x0262	0x1303      	BCF        STATUS, 6
0x0263	0x082C      	MOVF       FARG_PWM_SetDutyCycle_DutyCycle_Percent, 0
0x0264	0x3C64      	SUBLW      100
0x0265	0x1803      	BTFSC      STATUS, 0
0x0266	0x2A69      	GOTO       L_PWM_SetDutyCycle0
;PWM_program.c,16 :: 		DutyCycle_Percent = 100;
0x0267	0x3064      	MOVLW      100
0x0268	0x00AC      	MOVWF      FARG_PWM_SetDutyCycle_DutyCycle_Percent
;PWM_program.c,17 :: 		}
L_PWM_SetDutyCycle0:
;PWM_program.c,19 :: 		Total_Value = ((u16)(PR2 + 1) * 4 * DutyCycle_Percent) / 100;
0x0269	0x1683      	BSF        STATUS, 5
0x026A	0x0A12      	INCF       PR2, 0
0x026B	0x00F3      	MOVWF      R3
0x026C	0x0873      	MOVF       R3, 0
0x026D	0x00F0      	MOVWF      R0
0x026E	0x01F1      	CLRF       R0+1
0x026F	0x0DF0      	RLF        R0, 1
0x0270	0x0DF1      	RLF        R0+1, 1
0x0271	0x1070      	BCF        R0, 0
0x0272	0x0DF0      	RLF        R0, 1
0x0273	0x0DF1      	RLF        R0+1, 1
0x0274	0x1070      	BCF        R0, 0
0x0275	0x1283      	BCF        STATUS, 5
0x0276	0x082C      	MOVF       FARG_PWM_SetDutyCycle_DutyCycle_Percent, 0
0x0277	0x00F4      	MOVWF      R4
0x0278	0x01F5      	CLRF       R4+1
0x0279	0x216E      	CALL       _Mul_16X16_U
0x027A	0x3064      	MOVLW      100
0x027B	0x00F4      	MOVWF      R4
0x027C	0x3000      	MOVLW      0
0x027D	0x00F5      	MOVWF      R4+1
0x027E	0x20A2      	CALL       _Div_16x16_S
;PWM_program.c,20 :: 		CCPR1L = (u8)(Total_Value >> 2);
0x027F	0x0870      	MOVF       R0, 0
0x0280	0x00F2      	MOVWF      R2
0x0281	0x0CF2      	RRF        R2, 1
0x0282	0x13F2      	BCF        R2, 7
0x0283	0x0CF2      	RRF        R2, 1
0x0284	0x13F2      	BCF        R2, 7
0x0285	0x0872      	MOVF       R2, 0
0x0286	0x0095      	MOVWF      CCPR1
;PWM_program.c,21 :: 		CCP1CON &= 0b11001111;
0x0287	0x30CF      	MOVLW      207
0x0288	0x0597      	ANDWF      CCP1CON, 1
;PWM_program.c,22 :: 		CCP1CON |= ((Total_Value & 0x03) << 4);
0x0289	0x3003      	MOVLW      3
0x028A	0x0570      	ANDWF      R0, 0
0x028B	0x00F2      	MOVWF      R2
0x028C	0x0872      	MOVF       R2, 0
0x028D	0x00F0      	MOVWF      R0
0x028E	0x0DF0      	RLF        R0, 1
0x028F	0x1070      	BCF        R0, 0
0x0290	0x0DF0      	RLF        R0, 1
0x0291	0x1070      	BCF        R0, 0
0x0292	0x0DF0      	RLF        R0, 1
0x0293	0x1070      	BCF        R0, 0
0x0294	0x0DF0      	RLF        R0, 1
0x0295	0x1070      	BCF        R0, 0
0x0296	0x0870      	MOVF       R0, 0
0x0297	0x0497      	IORWF      CCP1CON, 1
;PWM_program.c,23 :: 		}
L_end_PWM_SetDutyCycle:
0x0298	0x0008      	RETURN
; end of _PWM_SetDutyCycle
_LED_Toggle:
;LED.c,19 :: 		void LED_Toggle(u8 Port, u8 Pin)
;LED.c,21 :: 		u8 current = GPIO_GetPinValue(Port, Pin);
0x0299	0x1283      	BCF        STATUS, 5
0x029A	0x1303      	BCF        STATUS, 6
0x029B	0x082C      	MOVF       FARG_LED_Toggle_Port, 0
0x029C	0x00AE      	MOVWF      FARG_GPIO_GetPinValue_Port
0x029D	0x082D      	MOVF       FARG_LED_Toggle_Pin, 0
0x029E	0x00AF      	MOVWF      FARG_GPIO_GetPinValue_Pin
0x029F	0x210B      	CALL       _GPIO_GetPinValue
;LED.c,23 :: 		if(current == GPIO_HIGH)
0x02A0	0x0870      	MOVF       R0, 0
0x02A1	0x3A01      	XORLW      1
0x02A2	0x1D03      	BTFSS      STATUS, 2
0x02A3	0x2AAB      	GOTO       L_LED_Toggle0
;LED.c,24 :: 		GPIO_SetPinValue(Port, Pin, GPIO_LOW);
0x02A4	0x082C      	MOVF       FARG_LED_Toggle_Port, 0
0x02A5	0x00AE      	MOVWF      FARG_GPIO_SetPinValue_Port
0x02A6	0x082D      	MOVF       FARG_LED_Toggle_Pin, 0
0x02A7	0x00AF      	MOVWF      FARG_GPIO_SetPinValue_Pin
0x02A8	0x01B0      	CLRF       FARG_GPIO_SetPinValue_Value
0x02A9	0x2199      	CALL       _GPIO_SetPinValue
0x02AA	0x2AB2      	GOTO       L_LED_Toggle1
L_LED_Toggle0:
;LED.c,26 :: 		GPIO_SetPinValue(Port, Pin, GPIO_HIGH);
0x02AB	0x082C      	MOVF       FARG_LED_Toggle_Port, 0
0x02AC	0x00AE      	MOVWF      FARG_GPIO_SetPinValue_Port
0x02AD	0x082D      	MOVF       FARG_LED_Toggle_Pin, 0
0x02AE	0x00AF      	MOVWF      FARG_GPIO_SetPinValue_Pin
0x02AF	0x3001      	MOVLW      1
0x02B0	0x00B0      	MOVWF      FARG_GPIO_SetPinValue_Value
0x02B1	0x2199      	CALL       _GPIO_SetPinValue
L_LED_Toggle1:
;LED.c,27 :: 		}
L_end_LED_Toggle:
0x02B2	0x0008      	RETURN
; end of _LED_Toggle
_APP_Timer_ISR:
;timer_test.c,6 :: 		void APP_Timer_ISR(void) {
;timer_test.c,8 :: 		Timer_Counter++;
0x02B3	0x1283      	BCF        STATUS, 5
0x02B4	0x1303      	BCF        STATUS, 6
0x02B5	0x0A24      	INCF       _Timer_Counter, 0
0x02B6	0x00F0      	MOVWF      R0
0x02B7	0x0870      	MOVF       R0, 0
0x02B8	0x00A4      	MOVWF      _Timer_Counter
;timer_test.c,9 :: 		if(Timer_Counter >= 500) {
0x02B9	0x3080      	MOVLW      128
0x02BA	0x00F0      	MOVWF      R0
0x02BB	0x3080      	MOVLW      128
0x02BC	0x3A01      	XORLW      1
0x02BD	0x0270      	SUBWF      R0, 0
0x02BE	0x1D03      	BTFSS      STATUS, 2
0x02BF	0x2AC2      	GOTO       L__APP_Timer_ISR6
0x02C0	0x30F4      	MOVLW      244
0x02C1	0x0224      	SUBWF      _Timer_Counter, 0
L__APP_Timer_ISR6:
0x02C2	0x1C03      	BTFSS      STATUS, 0
0x02C3	0x2AD9      	GOTO       L_APP_Timer_ISR0
;timer_test.c,10 :: 		Timer_Counter = 0;
0x02C4	0x01A4      	CLRF       _Timer_Counter
;timer_test.c,11 :: 		current = GPIO_GetPinValue(GPIO_PORTB, GPIO_PIN0);
0x02C5	0x3001      	MOVLW      1
0x02C6	0x00AE      	MOVWF      FARG_GPIO_GetPinValue_Port
0x02C7	0x01AF      	CLRF       FARG_GPIO_GetPinValue_Pin
0x02C8	0x210B      	CALL       _GPIO_GetPinValue
;timer_test.c,12 :: 		if(current == GPIO_HIGH) {
0x02C9	0x0870      	MOVF       R0, 0
0x02CA	0x3A01      	XORLW      1
0x02CB	0x1D03      	BTFSS      STATUS, 2
0x02CC	0x2AD3      	GOTO       L_APP_Timer_ISR1
;timer_test.c,13 :: 		GPIO_SetPinValue(GPIO_PORTB, GPIO_PIN0, GPIO_LOW);
0x02CD	0x3001      	MOVLW      1
0x02CE	0x00AE      	MOVWF      FARG_GPIO_SetPinValue_Port
0x02CF	0x01AF      	CLRF       FARG_GPIO_SetPinValue_Pin
0x02D0	0x01B0      	CLRF       FARG_GPIO_SetPinValue_Value
0x02D1	0x2199      	CALL       _GPIO_SetPinValue
;timer_test.c,14 :: 		} else {
0x02D2	0x2AD9      	GOTO       L_APP_Timer_ISR2
L_APP_Timer_ISR1:
;timer_test.c,15 :: 		GPIO_SetPinValue(GPIO_PORTB, GPIO_PIN0, GPIO_HIGH);
0x02D3	0x3001      	MOVLW      1
0x02D4	0x00AE      	MOVWF      FARG_GPIO_SetPinValue_Port
0x02D5	0x01AF      	CLRF       FARG_GPIO_SetPinValue_Pin
0x02D6	0x3001      	MOVLW      1
0x02D7	0x00B0      	MOVWF      FARG_GPIO_SetPinValue_Value
0x02D8	0x2199      	CALL       _GPIO_SetPinValue
;timer_test.c,16 :: 		}
L_APP_Timer_ISR2:
;timer_test.c,17 :: 		}
L_APP_Timer_ISR0:
;timer_test.c,18 :: 		}
L_end_APP_Timer_ISR:
0x02D9	0x0008      	RETURN
; end of _APP_Timer_ISR
_APP_ChangeSpeed_ISR:
;pwm_test.c,6 :: 		void APP_ChangeSpeed_ISR(void) {
;pwm_test.c,7 :: 		Duty_State++;
0x02DA	0x1283      	BCF        STATUS, 5
0x02DB	0x1303      	BCF        STATUS, 6
0x02DC	0x0A23      	INCF       _Duty_State, 0
0x02DD	0x00F0      	MOVWF      R0
0x02DE	0x0870      	MOVF       R0, 0
0x02DF	0x00A3      	MOVWF      _Duty_State
;pwm_test.c,8 :: 		if(Duty_State > 3) {
0x02E0	0x0823      	MOVF       _Duty_State, 0
0x02E1	0x3C03      	SUBLW      3
0x02E2	0x1803      	BTFSC      STATUS, 0
0x02E3	0x2AE5      	GOTO       L_APP_ChangeSpeed_ISR0
;pwm_test.c,9 :: 		Duty_State = 0;
0x02E4	0x01A3      	CLRF       _Duty_State
;pwm_test.c,10 :: 		}
L_APP_ChangeSpeed_ISR0:
;pwm_test.c,11 :: 		if(Duty_State == 0)      PWM_SetDutyCycle(25);
0x02E5	0x0823      	MOVF       _Duty_State, 0
0x02E6	0x3A00      	XORLW      0
0x02E7	0x1D03      	BTFSS      STATUS, 2
0x02E8	0x2AED      	GOTO       L_APP_ChangeSpeed_ISR1
0x02E9	0x3019      	MOVLW      25
0x02EA	0x00AC      	MOVWF      FARG_PWM_SetDutyCycle_DutyCycle_Percent
0x02EB	0x2261      	CALL       _PWM_SetDutyCycle
0x02EC	0x2B04      	GOTO       L_APP_ChangeSpeed_ISR2
L_APP_ChangeSpeed_ISR1:
;pwm_test.c,12 :: 		else if(Duty_State == 1) PWM_SetDutyCycle(50);
0x02ED	0x0823      	MOVF       _Duty_State, 0
0x02EE	0x3A01      	XORLW      1
0x02EF	0x1D03      	BTFSS      STATUS, 2
0x02F0	0x2AF5      	GOTO       L_APP_ChangeSpeed_ISR3
0x02F1	0x3032      	MOVLW      50
0x02F2	0x00AC      	MOVWF      FARG_PWM_SetDutyCycle_DutyCycle_Percent
0x02F3	0x2261      	CALL       _PWM_SetDutyCycle
0x02F4	0x2B04      	GOTO       L_APP_ChangeSpeed_ISR4
L_APP_ChangeSpeed_ISR3:
;pwm_test.c,13 :: 		else if(Duty_State == 2) PWM_SetDutyCycle(75);
0x02F5	0x0823      	MOVF       _Duty_State, 0
0x02F6	0x3A02      	XORLW      2
0x02F7	0x1D03      	BTFSS      STATUS, 2
0x02F8	0x2AFD      	GOTO       L_APP_ChangeSpeed_ISR5
0x02F9	0x304B      	MOVLW      75
0x02FA	0x00AC      	MOVWF      FARG_PWM_SetDutyCycle_DutyCycle_Percent
0x02FB	0x2261      	CALL       _PWM_SetDutyCycle
0x02FC	0x2B04      	GOTO       L_APP_ChangeSpeed_ISR6
L_APP_ChangeSpeed_ISR5:
;pwm_test.c,14 :: 		else if(Duty_State == 3) PWM_SetDutyCycle(100);
0x02FD	0x0823      	MOVF       _Duty_State, 0
0x02FE	0x3A03      	XORLW      3
0x02FF	0x1D03      	BTFSS      STATUS, 2
0x0300	0x2B04      	GOTO       L_APP_ChangeSpeed_ISR7
0x0301	0x3064      	MOVLW      100
0x0302	0x00AC      	MOVWF      FARG_PWM_SetDutyCycle_DutyCycle_Percent
0x0303	0x2261      	CALL       _PWM_SetDutyCycle
L_APP_ChangeSpeed_ISR7:
L_APP_ChangeSpeed_ISR6:
L_APP_ChangeSpeed_ISR4:
L_APP_ChangeSpeed_ISR2:
;pwm_test.c,15 :: 		}
L_end_APP_ChangeSpeed_ISR:
0x0304	0x0008      	RETURN
; end of _APP_ChangeSpeed_ISR
_APP_ToggleLED_ISR:
;ext_int_test.c,6 :: 		void APP_ToggleLED_ISR(void) {
;ext_int_test.c,7 :: 		LED_Toggle(GPIO_PORTC, GPIO_PIN0);
0x0305	0x3002      	MOVLW      2
0x0306	0x1283      	BCF        STATUS, 5
0x0307	0x1303      	BCF        STATUS, 6
0x0308	0x00AC      	MOVWF      FARG_LED_Toggle_Port
0x0309	0x01AD      	CLRF       FARG_LED_Toggle_Pin
0x030A	0x2299      	CALL       _LED_Toggle
;ext_int_test.c,8 :: 		}
L_end_APP_ToggleLED_ISR:
0x030B	0x0008      	RETURN
; end of _APP_ToggleLED_ISR
_____DoIFC:
;__Lib_System.c,15 :: 		
;__Lib_System.c,18 :: 		
0x030C	0x1283      	BCF        STATUS, 5
0x030D	0x1303      	BCF        STATUS, 6
0x030E	0x0829      	MOVF       ___DoICPAddr+1, 0
0x030F	0x008A      	MOVWF      PCLATH
;__Lib_System.c,19 :: 		
0x0310	0x0828      	MOVF       ___DoICPAddr, 0
0x0311	0x0082      	MOVWF      PCL
;__Lib_System.c,21 :: 		
L_end_____DoIFC:
0x0312	0x0008      	RETURN
; end of _____DoIFC
___CC2DW:
;__Lib_System.c,134 :: 		
;__Lib_System.c,137 :: 		
_CC2D_Loop1:
;__Lib_System.c,139 :: 		
0x0313	0x225A      	CALL       _____DoICP
0x0314	0x118A      	BCF        PCLATH, 3
0x0315	0x120A      	BCF        PCLATH, 4
;__Lib_System.c,141 :: 		
0x0316	0x0080      	MOVWF      INDF
;__Lib_System.c,142 :: 		
0x0317	0x0A84      	INCF       FSR, 1
;__Lib_System.c,143 :: 		
0x0318	0x0AA8      	INCF       ___DoICPAddr, 1
;__Lib_System.c,145 :: 		
0x0319	0x1903      	BTFSC      STATUS, 2
;__Lib_System.c,146 :: 		
0x031A	0x0AA9      	INCF       ___DoICPAddr+1, 1
;__Lib_System.c,147 :: 		
0x031B	0x03F0      	DECF       R0, 1
;__Lib_System.c,149 :: 		
0x031C	0x1D03      	BTFSS      STATUS, 2
;__Lib_System.c,150 :: 		
0x031D	0x2B13      	GOTO       _CC2D_Loop1
;__Lib_System.c,152 :: 		
L_end___CC2DW:
0x031E	0x0008      	RETURN
; end of ___CC2DW
_main:
0x031F	0x2330      	CALL       816
;main.c,10 :: 		void main(void) {
;main.c,19 :: 		while (1) {
L_main0:
;main.c,20 :: 		}
0x0320	0x2B20      	GOTO       L_main0
;main.c,21 :: 		}
L_end_main:
0x0321	0x2B21      	GOTO       $+0
; end of _main
0x0330	0x3020      	MOVLW      32
0x0331	0x0084      	MOVWF      FSR
0x0332	0x3008      	MOVLW      8
0x0333	0x1283      	BCF        STATUS, 5
0x0334	0x1303      	BCF        STATUS, 6
0x0335	0x00F0      	MOVWF      R0
0x0336	0x3027      	MOVLW      39
0x0337	0x00A8      	MOVWF      ___DoICPAddr
0x0338	0x3003      	MOVLW      3
0x0339	0x00A9      	MOVWF      41
0x033A	0x2313      	CALL       787
0x033B	0x0008      	RETURN
;TIMER0_program.c,0 :: ?ICS_TIMER0_CallBack
0x0327	0x3400 ;?ICS_TIMER0_CallBack+0
0x0328	0x3400 ;?ICS_TIMER0_CallBack+1
0x0329	0x3400 ;?ICS_TIMER0_CallBack+2
; end of ?ICS_TIMER0_CallBack
;pwm_test.c,0 :: ?ICS_Duty_State
0x032A	0x3400 ;?ICS_Duty_State+0
; end of ?ICS_Duty_State
;timer_test.c,0 :: ?ICS_Timer_Counter
0x032B	0x3400 ;?ICS_Timer_Counter+0
; end of ?ICS_Timer_Counter
;EXT_INT0.c,0 :: ?ICS_EXT_INT0_Callback
0x032C	0x3400 ;?ICS_EXT_INT0_Callback+0
0x032D	0x3400 ;?ICS_EXT_INT0_Callback+1
0x032E	0x3400 ;?ICS_EXT_INT0_Callback+2
; end of ?ICS_EXT_INT0_Callback
Symbol List:
//** Routines locations **
//ADDRESS    SIZE    PROCEDURE
//----------------------------------------------
0x0004     [114]    _interrupt
0x0076      [44]    _Div_16x16_S_L
0x00A2     [105]    _Div_16x16_S
0x010B      [99]    _GPIO_GetPinValue
0x016E      [43]    _Mul_16X16_U
0x0199     [193]    _GPIO_SetPinValue
0x025A       [7]    _____DoICP
0x0261      [56]    _PWM_SetDutyCycle
0x0299      [26]    _LED_Toggle
0x02B3      [39]    _APP_Timer_ISR
0x02DA      [43]    _APP_ChangeSpeed_ISR
0x0305       [7]    _APP_ToggleLED_ISR
0x030C       [7]    _____DoIFC
0x0313      [12]    ___CC2DW
0x031F       [2]    _main
//** Variables locations ** 
//ADDRESS    SIZE    VARIABLE
//----------------------------------------------
0x0000       [1]    INDF
0x0002       [1]    PCL
0x0003       [1]    STATUS
0x0004       [1]    FSR
0x000A       [1]    PCLATH
0x0020       [3]    _TIMER0_CallBack
0x0023       [1]    _Duty_State
0x0024       [1]    _Timer_Counter
0x0025       [3]    _EXT_INT0_Callback
0x0028       [2]    ___DoICPAddr
0x002A       [1]    ___saveSTATUS
0x002B       [1]    ___savePCLATH
0x002C       [1]    FARG_LED_Toggle_Port
0x002C       [1]    FARG_PWM_SetDutyCycle_DutyCycle_Percent
0x002D       [1]    FARG_LED_Toggle_Pin
0x002E       [1]    FARG_GPIO_SetPinValue_Port
0x002E       [1]    FARG_GPIO_GetPinValue_Port
0x002F       [1]    FARG_GPIO_GetPinValue_Pin
0x002F       [1]    FARG_GPIO_SetPinValue_Pin
0x0030       [1]    GPIO_GetPinValue_Local_Value_L0
0x0030       [1]    FARG_GPIO_SetPinValue_Value
0x0070       [1]    R0
0x0071       [1]    R1
0x0072       [1]    R2
0x0073       [1]    R3
0x0074       [1]    R4
0x0075       [1]    R5
0x0076       [1]    R6
0x0077       [1]    R7
0x0078       [1]    R8
0x0079       [1]    R9
0x007A       [1]    R10
0x007B       [1]    R11
0x007C       [1]    R12
0x007D       [1]    R13
0x007E       [1]    R14
0x007F       [1]    R15
//** Constants locations ** 
//ADDRESS    SIZE    CONSTANT
//----------------------------------------------
0x0327       [3]    ?ICS_TIMER0_CallBack
0x032A       [1]    ?ICS_Duty_State
0x032B       [1]    ?ICS_Timer_Counter
0x032C       [3]    ?ICS_EXT_INT0_Callback
