;  LST file generated by mikroListExporter - v.2.0 
; Date/Time: 4/10/2026 8:54:17 AM
;----------------------------------------------

;Opcode 	ASM
0x2AB8      	GOTO       696
_interrupt:
0x00FF      	MOVWF      R15
0x0E03      	SWAPF      STATUS, 0
0x0183      	CLRF       STATUS
0x00A7      	MOVWF      ___saveSTATUS
0x080A      	MOVF       PCLATH, 0
0x00A6      	MOVWF      ___savePCLATH
0x018A      	CLRF       PCLATH
0x0870      	MOVF       R0, 0
0x00A2      	MOVWF      34
0x0871      	MOVF       R1, 0
0x00A1      	MOVWF      33
;TIMER.c,69 :: 		void interrupt(){
;TIMER.c,70 :: 		if(GET_BIT(INTCON,2)==1){
0x080B      	MOVF       INTCON, 0
0x00F0      	MOVWF      R0
0x0CF0      	RRF        R0, 1
0x13F0      	BCF        R0, 7
0x0CF0      	RRF        R0, 1
0x13F0      	BCF        R0, 7
0x3001      	MOVLW      1
0x0570      	ANDWF      R0, 0
0x00F1      	MOVWF      R1
0x0871      	MOVF       R1, 0
0x3A01      	XORLW      1
0x1D03      	BTFSS      STATUS, 2
0x282A      	GOTO       L_interrupt0
;TIMER.c,71 :: 		CLR_BIT(INTCON,2);
0x30FB      	MOVLW      251
0x058B      	ANDWF      INTCON, 1
;TIMER.c,72 :: 		if(TMR0_Callback){
0x0823      	MOVF       TIMER_TMR0_Callback, 0
0x0424      	IORWF      TIMER_TMR0_Callback+1, 0
0x0425      	IORWF      TIMER_TMR0_Callback+2, 0
0x1903      	BTFSC      STATUS, 2
0x282A      	GOTO       L_interrupt1
;TIMER.c,73 :: 		TMR0_Callback();
0x0823      	MOVF       TIMER_TMR0_Callback, 0
0x00A8      	MOVWF      ___DoICPAddr
0x0824      	MOVF       TIMER_TMR0_Callback+1, 0
0x00A9      	MOVWF      ___DoICPAddr+1
0x22B1      	CALL       _____DoIFC
0x118A      	BCF        PCLATH, 3
0x120A      	BCF        PCLATH, 4
;TIMER.c,75 :: 		}
L_interrupt1:
;TIMER.c,77 :: 		}
L_interrupt0:
;TIMER.c,79 :: 		}
L_end_interrupt:
L__interrupt12:
0x1283      	BCF        STATUS, 5
0x1303      	BCF        STATUS, 6
0x0822      	MOVF       34, 0
0x00F0      	MOVWF      R0
0x0821      	MOVF       33, 0
0x00F1      	MOVWF      R1
0x0826      	MOVF       ___savePCLATH, 0
0x008A      	MOVWF      PCLATH
0x0E27      	SWAPF      ___saveSTATUS, 0
0x0083      	MOVWF      STATUS
0x0EFF      	SWAPF      R15, 1
0x0E7F      	SWAPF      R15, 0
0x0009      	RETFIE
; end of _interrupt
_RES032:
;__Lib_MathDouble.c,123 :: 		
;__Lib_MathDouble.c,128 :: 		
0x01F2      	CLRF       R2
;__Lib_MathDouble.c,129 :: 		
0x01F1      	CLRF       R1
;__Lib_MathDouble.c,130 :: 		
0x01F0      	CLRF       R0
;__Lib_MathDouble.c,131 :: 		
0x01F8      	CLRF       R8
;__Lib_MathDouble.c,132 :: 		
0x01F3      	CLRF       R3
;__Lib_MathDouble.c,133 :: 		
0x3000      	MOVLW      0
;__Lib_MathDouble.c,135 :: 		
L_end_RES032:
0x0008      	RETURN
; end of _RES032
_SETFUN32:
;__Lib_MathDouble.c,138 :: 		
;__Lib_MathDouble.c,145 :: 		
0x157B      	BSF        R11, 2
;__Lib_MathDouble.c,146 :: 		
0x1FFB      	BTFSS      R11, 7
;__Lib_MathDouble.c,147 :: 		
0x2848      	GOTO       SETFUN32EEE
;__Lib_MathDouble.c,148 :: 		
0x3001      	MOVLW      1
;__Lib_MathDouble.c,149 :: 		
0x00F3      	MOVWF      R3
;__Lib_MathDouble.c,150 :: 		
0x01F2      	CLRF       R2
;__Lib_MathDouble.c,151 :: 		
0x01F1      	CLRF       R1
;__Lib_MathDouble.c,152 :: 		
0x01F0      	CLRF       R0
;__Lib_MathDouble.c,153 :: 		
0x0DFA      	RLF        R10, 1
;__Lib_MathDouble.c,154 :: 		
0x0CF2      	RRF        R2, 1
;__Lib_MathDouble.c,155 :: 		
SETFUN32EEE:
;__Lib_MathDouble.c,156 :: 		
0x30FF      	MOVLW      255
;__Lib_MathDouble.c,158 :: 		
L_end_SETFUN32:
0x0008      	RETURN
; end of _SETFUN32
_FIXSIGN32:
;__Lib_MathDouble.c,112 :: 		
;__Lib_MathDouble.c,116 :: 		
0x1FFA      	BTFSS      R10, 7
;__Lib_MathDouble.c,117 :: 		
0x13F2      	BCF        R2, 7
;__Lib_MathDouble.c,118 :: 		
0x3000      	MOVLW      0
;__Lib_MathDouble.c,120 :: 		
L_end_FIXSIGN32:
0x0008      	RETURN
; end of _FIXSIGN32
_SETIOV3224:
;__Lib_MathDouble.c,1000 :: 		
;__Lib_MathDouble.c,1006 :: 		
0x147B      	BSF        R11, 0
;__Lib_MathDouble.c,1007 :: 		
0x1FFB      	BTFSS      R11, 7
;__Lib_MathDouble.c,1008 :: 		
0x2859      	GOTO       SETIOV3224EEE
;__Lib_MathDouble.c,1010 :: 		
0x01F2      	CLRF       R2
;__Lib_MathDouble.c,1011 :: 		
0x1FFA      	BTFSS      R10, 7
;__Lib_MathDouble.c,1012 :: 		
0x30FF      	MOVLW      255
;__Lib_MathDouble.c,1013 :: 		
0x00F2      	MOVWF      R2
;__Lib_MathDouble.c,1014 :: 		
0x00F1      	MOVWF      R1
;__Lib_MathDouble.c,1015 :: 		
0x00F0      	MOVWF      R0
;__Lib_MathDouble.c,1016 :: 		
0x0DFA      	RLF        R10, 1
;__Lib_MathDouble.c,1017 :: 		
0x0CF2      	RRF        R2, 1
;__Lib_MathDouble.c,1018 :: 		
SETIOV3224EEE:
;__Lib_MathDouble.c,1019 :: 		
0x30FF      	MOVLW      255
;__Lib_MathDouble.c,1021 :: 		
L_end_SETIOV3224:
0x0008      	RETURN
; end of _SETIOV3224
_NRM3232:
;__Lib_MathDouble.c,167 :: 		
;__Lib_MathDouble.c,173 :: 		
;__Lib_MathDouble.c,175 :: 		
0x01A0      	CLRF       __math_tempbD
;__Lib_MathDouble.c,176 :: 		
0x0872      	MOVF       R2, 0
;__Lib_MathDouble.c,177 :: 		
0x1D03      	BTFSS      STATUS, 2
;__Lib_MathDouble.c,178 :: 		
0x2870      	GOTO       NORM3232
;__Lib_MathDouble.c,179 :: 		
0x0871      	MOVF       R1, 0
;__Lib_MathDouble.c,180 :: 		
0x00F2      	MOVWF      R2
;__Lib_MathDouble.c,181 :: 		
0x0870      	MOVF       R0, 0
;__Lib_MathDouble.c,182 :: 		
0x00F1      	MOVWF      R1
;__Lib_MathDouble.c,183 :: 		
0x01F0      	CLRF       R0
;__Lib_MathDouble.c,184 :: 		
0x15A0      	BSF        __math_tempbD, 3
;__Lib_MathDouble.c,186 :: 		
0x0872      	MOVF       R2, 0
;__Lib_MathDouble.c,187 :: 		
0x1D03      	BTFSS      STATUS, 2
;__Lib_MathDouble.c,188 :: 		
0x2870      	GOTO       NORM3232
;__Lib_MathDouble.c,189 :: 		
0x0871      	MOVF       R1, 0
;__Lib_MathDouble.c,190 :: 		
0x00F2      	MOVWF      R2
;__Lib_MathDouble.c,191 :: 		
0x01F1      	CLRF       R1
;__Lib_MathDouble.c,192 :: 		
0x11A0      	BCF        __math_tempbD, 3
;__Lib_MathDouble.c,193 :: 		
0x1620      	BSF        __math_tempbD, 4
;__Lib_MathDouble.c,195 :: 		
0x0872      	MOVF       R2, 0
;__Lib_MathDouble.c,196 :: 		
0x1903      	BTFSC      STATUS, 2
;__Lib_MathDouble.c,197 :: 		
0x287E      	GOTO       JPNRES032
;__Lib_MathDouble.c,198 :: 		
NORM3232:
;__Lib_MathDouble.c,199 :: 		
0x0820      	MOVF       __math_tempbD, 0
;__Lib_MathDouble.c,200 :: 		
0x02F3      	SUBWF      R3, 1
;__Lib_MathDouble.c,201 :: 		
0x1D03      	BTFSS      STATUS, 2
;__Lib_MathDouble.c,202 :: 		
0x1C03      	BTFSS      STATUS, 0
;__Lib_MathDouble.c,203 :: 		
0x2882      	GOTO       JPNSETFUN32
;__Lib_MathDouble.c,204 :: 		
0x1003      	BCF        STATUS, 0
;__Lib_MathDouble.c,205 :: 		
NORM3232A:
;__Lib_MathDouble.c,206 :: 		
0x1BF2      	BTFSC      R2, 7
;__Lib_MathDouble.c,207 :: 		
0x2886      	GOTO       JMPNFIXSIGN32
;__Lib_MathDouble.c,208 :: 		
0x0DF0      	RLF        R0, 1
;__Lib_MathDouble.c,209 :: 		
0x0DF1      	RLF        R1, 1
;__Lib_MathDouble.c,210 :: 		
0x0DF2      	RLF        R2, 1
;__Lib_MathDouble.c,211 :: 		
0x0BF3      	DECFSZ     R3, 1
;__Lib_MathDouble.c,212 :: 		
0x2876      	GOTO       NORM3232A
;__Lib_MathDouble.c,213 :: 		
0x2882      	GOTO       JPNSETFUN32
;__Lib_MathDouble.c,214 :: 		
JPNRES032:
;__Lib_MathDouble.c,215 :: 		
0x3001      	MOVLW      1
;__Lib_MathDouble.c,216 :: 		
0x00FC      	MOVWF      R12
;__Lib_MathDouble.c,218 :: 		
0x2037      	CALL       _RES032
;__Lib_MathDouble.c,220 :: 		
0x2889      	GOTO       NORM32EEE
;__Lib_MathDouble.c,221 :: 		
JPNSETFUN32:
;__Lib_MathDouble.c,222 :: 		
0x3002      	MOVLW      2
;__Lib_MathDouble.c,223 :: 		
0x00FC      	MOVWF      R12
;__Lib_MathDouble.c,225 :: 		
0x203E      	CALL       _SETFUN32
;__Lib_MathDouble.c,227 :: 		
0x2889      	GOTO       NORM32EEE
;__Lib_MathDouble.c,228 :: 		
JMPNFIXSIGN32:
;__Lib_MathDouble.c,229 :: 		
0x3004      	MOVLW      4
;__Lib_MathDouble.c,230 :: 		
0x00FC      	MOVWF      R12
;__Lib_MathDouble.c,232 :: 		
0x204A      	CALL       _FIXSIGN32
;__Lib_MathDouble.c,234 :: 		
NORM32EEE:
;__Lib_MathDouble.c,236 :: 		
L_end_NRM3232:
0x0008      	RETURN
; end of _NRM3232
_SETFOV32:
;__Lib_MathDouble.c,79 :: 		
;__Lib_MathDouble.c,86 :: 		
0x14FB      	BSF        R11, 1
;__Lib_MathDouble.c,87 :: 		
0x1FFB      	BTFSS      R11, 7
;__Lib_MathDouble.c,88 :: 		
0x2894      	GOTO       SETFOV32EEE
;__Lib_MathDouble.c,89 :: 		
0x30FF      	MOVLW      255
;__Lib_MathDouble.c,90 :: 		
0x00F3      	MOVWF      R3
;__Lib_MathDouble.c,91 :: 		
0x00F2      	MOVWF      R2
;__Lib_MathDouble.c,92 :: 		
0x00F1      	MOVWF      R1
;__Lib_MathDouble.c,93 :: 		
0x00F0      	MOVWF      R0
;__Lib_MathDouble.c,94 :: 		
0x0DFA      	RLF        R10, 1
;__Lib_MathDouble.c,95 :: 		
0x0CF2      	RRF        R2, 1
;__Lib_MathDouble.c,96 :: 		
SETFOV32EEE:
;__Lib_MathDouble.c,97 :: 		
0x30FF      	MOVLW      255
;__Lib_MathDouble.c,99 :: 		
L_end_SETFOV32:
0x0008      	RETURN
; end of _SETFOV32
_UART_TX_init:
;USART.c,5 :: 		void UART_TX_init(){
;USART.c,7 :: 		SET_BIT(TXSTA,BRGH);
0x1683      	BSF        STATUS, 5
0x1303      	BCF        STATUS, 6
0x1518      	BSF        TXSTA, 2
;USART.c,8 :: 		SPBRG=25;
0x3019      	MOVLW      25
0x0099      	MOVWF      SPBRG
;USART.c,9 :: 		CLR_BIT(TXSTA,SYNC);
0x30EF      	MOVLW      239
0x0598      	ANDWF      TXSTA, 1
;USART.c,10 :: 		CLR_BIT(RCSTA,SPEN);
0x307F      	MOVLW      127
0x1283      	BCF        STATUS, 5
0x0598      	ANDWF      RCSTA, 1
;USART.c,11 :: 		SET_BIT(TXSTA,TXEN);
0x1683      	BSF        STATUS, 5
0x1698      	BSF        TXSTA, 5
;USART.c,13 :: 		}
L_end_UART_TX_init:
0x0008      	RETURN
; end of _UART_TX_init
_ADConversion:
;ADC.c,36 :: 		u16 ADConversion(){
;ADC.c,38 :: 		Delay_us(20);
0x3006      	MOVLW      6
0x1283      	BCF        STATUS, 5
0x1303      	BCF        STATUS, 6
0x00FD      	MOVWF      R13
L_ADConversion4:
0x0BFD      	DECFSZ     R13, 1
0x28A7      	GOTO       L_ADConversion4
0x0000      	NOP
;ADC.c,39 :: 		SET_BIT(ADCON0,GO_DONE);
0x151F      	BSF        ADCON0, 2
;ADC.c,40 :: 		while(GET_BIT(ADCON0,GO_DONE));
L_ADConversion5:
0x081F      	MOVF       ADCON0, 0
0x00F1      	MOVWF      R1
0x0CF1      	RRF        R1, 1
0x13F1      	BCF        R1, 7
0x0CF1      	RRF        R1, 1
0x13F1      	BCF        R1, 7
0x1C71      	BTFSS      R1, 0
0x28B4      	GOTO       L_ADConversion6
0x28AB      	GOTO       L_ADConversion5
L_ADConversion6:
;ADC.c,43 :: 		adc_value=adc_value+ADRESL;
0x1683      	BSF        STATUS, 5
0x081E      	MOVF       ADRESL, 0
0x00F0      	MOVWF      R0
;ADC.c,44 :: 		return adc_value;
;ADC.c,45 :: 		}
L_end_ADConversion:
0x0008      	RETURN
; end of _ADConversion
_GPIO_SetPinDirection:
;GPIO.c,8 :: 		void GPIO_SetPinDirection(u8 Port, u8 Pin, u8 Direction)
;GPIO.c,10 :: 		switch(Port)
0x2974      	GOTO       L_GPIO_SetPinDirection0
;GPIO.c,12 :: 		case GPIO_PORTA:
L_GPIO_SetPinDirection2:
;GPIO.c,13 :: 		if(Direction == GPIO_OUTPUT)
0x1283      	BCF        STATUS, 5
0x1303      	BCF        STATUS, 6
0x082E      	MOVF       FARG_GPIO_SetPinDirection_Direction, 0
0x3A00      	XORLW      0
0x1D03      	BTFSS      STATUS, 2
0x28CF      	GOTO       L_GPIO_SetPinDirection3
;GPIO.c,14 :: 		CLR_BIT(TRISA, Pin);
0x082D      	MOVF       FARG_GPIO_SetPinDirection_Pin, 0
0x00F1      	MOVWF      R1
0x3001      	MOVLW      1
0x00F0      	MOVWF      R0
0x0871      	MOVF       R1, 0
L__GPIO_SetPinDirection45:
0x1903      	BTFSC      STATUS, 2
0x28CA      	GOTO       L__GPIO_SetPinDirection46
0x0DF0      	RLF        R0, 1
0x1070      	BCF        R0, 0
0x3EFF      	ADDLW      255
0x28C4      	GOTO       L__GPIO_SetPinDirection45
L__GPIO_SetPinDirection46:
0x09F0      	COMF       R0, 1
0x0870      	MOVF       R0, 0
0x1683      	BSF        STATUS, 5
0x0585      	ANDWF      TRISA, 1
0x28DE      	GOTO       L_GPIO_SetPinDirection4
L_GPIO_SetPinDirection3:
;GPIO.c,16 :: 		SET_BIT(TRISA, Pin);
0x1283      	BCF        STATUS, 5
0x082D      	MOVF       FARG_GPIO_SetPinDirection_Pin, 0
0x00F1      	MOVWF      R1
0x3001      	MOVLW      1
0x00F0      	MOVWF      R0
0x0871      	MOVF       R1, 0
L__GPIO_SetPinDirection47:
0x1903      	BTFSC      STATUS, 2
0x28DB      	GOTO       L__GPIO_SetPinDirection48
0x0DF0      	RLF        R0, 1
0x1070      	BCF        R0, 0
0x3EFF      	ADDLW      255
0x28D5      	GOTO       L__GPIO_SetPinDirection47
L__GPIO_SetPinDirection48:
0x0870      	MOVF       R0, 0
0x1683      	BSF        STATUS, 5
0x0485      	IORWF      TRISA, 1
L_GPIO_SetPinDirection4:
;GPIO.c,17 :: 		break;
0x298B      	GOTO       L_GPIO_SetPinDirection1
;GPIO.c,19 :: 		case GPIO_PORTB:
L_GPIO_SetPinDirection5:
;GPIO.c,20 :: 		if(Direction == GPIO_OUTPUT)
0x1283      	BCF        STATUS, 5
0x082E      	MOVF       FARG_GPIO_SetPinDirection_Direction, 0
0x3A00      	XORLW      0
0x1D03      	BTFSS      STATUS, 2
0x28F4      	GOTO       L_GPIO_SetPinDirection6
;GPIO.c,21 :: 		CLR_BIT(TRISB, Pin);
0x082D      	MOVF       FARG_GPIO_SetPinDirection_Pin, 0
0x00F1      	MOVWF      R1
0x3001      	MOVLW      1
0x00F0      	MOVWF      R0
0x0871      	MOVF       R1, 0
L__GPIO_SetPinDirection49:
0x1903      	BTFSC      STATUS, 2
0x28EF      	GOTO       L__GPIO_SetPinDirection50
0x0DF0      	RLF        R0, 1
0x1070      	BCF        R0, 0
0x3EFF      	ADDLW      255
0x28E9      	GOTO       L__GPIO_SetPinDirection49
L__GPIO_SetPinDirection50:
0x09F0      	COMF       R0, 1
0x0870      	MOVF       R0, 0
0x1683      	BSF        STATUS, 5
0x0586      	ANDWF      TRISB, 1
0x2903      	GOTO       L_GPIO_SetPinDirection7
L_GPIO_SetPinDirection6:
;GPIO.c,23 :: 		SET_BIT(TRISB, Pin);
0x1283      	BCF        STATUS, 5
0x082D      	MOVF       FARG_GPIO_SetPinDirection_Pin, 0
0x00F1      	MOVWF      R1
0x3001      	MOVLW      1
0x00F0      	MOVWF      R0
0x0871      	MOVF       R1, 0
L__GPIO_SetPinDirection51:
0x1903      	BTFSC      STATUS, 2
0x2900      	GOTO       L__GPIO_SetPinDirection52
0x0DF0      	RLF        R0, 1
0x1070      	BCF        R0, 0
0x3EFF      	ADDLW      255
0x28FA      	GOTO       L__GPIO_SetPinDirection51
L__GPIO_SetPinDirection52:
0x0870      	MOVF       R0, 0
0x1683      	BSF        STATUS, 5
0x0486      	IORWF      TRISB, 1
L_GPIO_SetPinDirection7:
;GPIO.c,24 :: 		break;
0x298B      	GOTO       L_GPIO_SetPinDirection1
;GPIO.c,26 :: 		case GPIO_PORTC:
L_GPIO_SetPinDirection8:
;GPIO.c,27 :: 		if(Direction == GPIO_OUTPUT)
0x1283      	BCF        STATUS, 5
0x082E      	MOVF       FARG_GPIO_SetPinDirection_Direction, 0
0x3A00      	XORLW      0
0x1D03      	BTFSS      STATUS, 2
0x2919      	GOTO       L_GPIO_SetPinDirection9
;GPIO.c,28 :: 		CLR_BIT(TRISC, Pin);
0x082D      	MOVF       FARG_GPIO_SetPinDirection_Pin, 0
0x00F1      	MOVWF      R1
0x3001      	MOVLW      1
0x00F0      	MOVWF      R0
0x0871      	MOVF       R1, 0
L__GPIO_SetPinDirection53:
0x1903      	BTFSC      STATUS, 2
0x2914      	GOTO       L__GPIO_SetPinDirection54
0x0DF0      	RLF        R0, 1
0x1070      	BCF        R0, 0
0x3EFF      	ADDLW      255
0x290E      	GOTO       L__GPIO_SetPinDirection53
L__GPIO_SetPinDirection54:
0x09F0      	COMF       R0, 1
0x0870      	MOVF       R0, 0
0x1683      	BSF        STATUS, 5
0x0587      	ANDWF      TRISC, 1
0x2928      	GOTO       L_GPIO_SetPinDirection10
L_GPIO_SetPinDirection9:
;GPIO.c,30 :: 		SET_BIT(TRISC, Pin);
0x1283      	BCF        STATUS, 5
0x082D      	MOVF       FARG_GPIO_SetPinDirection_Pin, 0
0x00F1      	MOVWF      R1
0x3001      	MOVLW      1
0x00F0      	MOVWF      R0
0x0871      	MOVF       R1, 0
L__GPIO_SetPinDirection55:
0x1903      	BTFSC      STATUS, 2
0x2925      	GOTO       L__GPIO_SetPinDirection56
0x0DF0      	RLF        R0, 1
0x1070      	BCF        R0, 0
0x3EFF      	ADDLW      255
0x291F      	GOTO       L__GPIO_SetPinDirection55
L__GPIO_SetPinDirection56:
0x0870      	MOVF       R0, 0
0x1683      	BSF        STATUS, 5
0x0487      	IORWF      TRISC, 1
L_GPIO_SetPinDirection10:
;GPIO.c,31 :: 		break;
0x298B      	GOTO       L_GPIO_SetPinDirection1
;GPIO.c,33 :: 		case GPIO_PORTD:
L_GPIO_SetPinDirection11:
;GPIO.c,34 :: 		if(Direction == GPIO_OUTPUT)
0x1283      	BCF        STATUS, 5
0x082E      	MOVF       FARG_GPIO_SetPinDirection_Direction, 0
0x3A00      	XORLW      0
0x1D03      	BTFSS      STATUS, 2
0x293E      	GOTO       L_GPIO_SetPinDirection12
;GPIO.c,35 :: 		CLR_BIT(TRISD, Pin);
0x082D      	MOVF       FARG_GPIO_SetPinDirection_Pin, 0
0x00F1      	MOVWF      R1
0x3001      	MOVLW      1
0x00F0      	MOVWF      R0
0x0871      	MOVF       R1, 0
L__GPIO_SetPinDirection57:
0x1903      	BTFSC      STATUS, 2
0x2939      	GOTO       L__GPIO_SetPinDirection58
0x0DF0      	RLF        R0, 1
0x1070      	BCF        R0, 0
0x3EFF      	ADDLW      255
0x2933      	GOTO       L__GPIO_SetPinDirection57
L__GPIO_SetPinDirection58:
0x09F0      	COMF       R0, 1
0x0870      	MOVF       R0, 0
0x1683      	BSF        STATUS, 5
0x0588      	ANDWF      TRISD, 1
0x294D      	GOTO       L_GPIO_SetPinDirection13
L_GPIO_SetPinDirection12:
;GPIO.c,37 :: 		SET_BIT(TRISD, Pin);
0x1283      	BCF        STATUS, 5
0x082D      	MOVF       FARG_GPIO_SetPinDirection_Pin, 0
0x00F1      	MOVWF      R1
0x3001      	MOVLW      1
0x00F0      	MOVWF      R0
0x0871      	MOVF       R1, 0
L__GPIO_SetPinDirection59:
0x1903      	BTFSC      STATUS, 2
0x294A      	GOTO       L__GPIO_SetPinDirection60
0x0DF0      	RLF        R0, 1
0x1070      	BCF        R0, 0
0x3EFF      	ADDLW      255
0x2944      	GOTO       L__GPIO_SetPinDirection59
L__GPIO_SetPinDirection60:
0x0870      	MOVF       R0, 0
0x1683      	BSF        STATUS, 5
0x0488      	IORWF      TRISD, 1
L_GPIO_SetPinDirection13:
;GPIO.c,38 :: 		break;
0x298B      	GOTO       L_GPIO_SetPinDirection1
;GPIO.c,40 :: 		case GPIO_PORTE:
L_GPIO_SetPinDirection14:
;GPIO.c,41 :: 		if(Direction == GPIO_OUTPUT)
0x1283      	BCF        STATUS, 5
0x082E      	MOVF       FARG_GPIO_SetPinDirection_Direction, 0
0x3A00      	XORLW      0
0x1D03      	BTFSS      STATUS, 2
0x2963      	GOTO       L_GPIO_SetPinDirection15
;GPIO.c,42 :: 		CLR_BIT(TRISE, Pin);
0x082D      	MOVF       FARG_GPIO_SetPinDirection_Pin, 0
0x00F1      	MOVWF      R1
0x3001      	MOVLW      1
0x00F0      	MOVWF      R0
0x0871      	MOVF       R1, 0
L__GPIO_SetPinDirection61:
0x1903      	BTFSC      STATUS, 2
0x295E      	GOTO       L__GPIO_SetPinDirection62
0x0DF0      	RLF        R0, 1
0x1070      	BCF        R0, 0
0x3EFF      	ADDLW      255
0x2958      	GOTO       L__GPIO_SetPinDirection61
L__GPIO_SetPinDirection62:
0x09F0      	COMF       R0, 1
0x0870      	MOVF       R0, 0
0x1683      	BSF        STATUS, 5
0x0589      	ANDWF      TRISE, 1
0x2972      	GOTO       L_GPIO_SetPinDirection16
L_GPIO_SetPinDirection15:
;GPIO.c,44 :: 		SET_BIT(TRISE, Pin);
0x1283      	BCF        STATUS, 5
0x082D      	MOVF       FARG_GPIO_SetPinDirection_Pin, 0
0x00F1      	MOVWF      R1
0x3001      	MOVLW      1
0x00F0      	MOVWF      R0
0x0871      	MOVF       R1, 0
L__GPIO_SetPinDirection63:
0x1903      	BTFSC      STATUS, 2
0x296F      	GOTO       L__GPIO_SetPinDirection64
0x0DF0      	RLF        R0, 1
0x1070      	BCF        R0, 0
0x3EFF      	ADDLW      255
0x2969      	GOTO       L__GPIO_SetPinDirection63
L__GPIO_SetPinDirection64:
0x0870      	MOVF       R0, 0
0x1683      	BSF        STATUS, 5
0x0489      	IORWF      TRISE, 1
L_GPIO_SetPinDirection16:
;GPIO.c,45 :: 		break;
0x298B      	GOTO       L_GPIO_SetPinDirection1
;GPIO.c,47 :: 		default:
L_GPIO_SetPinDirection17:
;GPIO.c,48 :: 		break;
0x298B      	GOTO       L_GPIO_SetPinDirection1
;GPIO.c,49 :: 		}
L_GPIO_SetPinDirection0:
0x1283      	BCF        STATUS, 5
0x1303      	BCF        STATUS, 6
0x082C      	MOVF       FARG_GPIO_SetPinDirection_Port, 0
0x3A00      	XORLW      0
0x1903      	BTFSC      STATUS, 2
0x28B9      	GOTO       L_GPIO_SetPinDirection2
0x082C      	MOVF       FARG_GPIO_SetPinDirection_Port, 0
0x3A01      	XORLW      1
0x1903      	BTFSC      STATUS, 2
0x28DF      	GOTO       L_GPIO_SetPinDirection5
0x082C      	MOVF       FARG_GPIO_SetPinDirection_Port, 0
0x3A02      	XORLW      2
0x1903      	BTFSC      STATUS, 2
0x2904      	GOTO       L_GPIO_SetPinDirection8
0x082C      	MOVF       FARG_GPIO_SetPinDirection_Port, 0
0x3A03      	XORLW      3
0x1903      	BTFSC      STATUS, 2
0x2929      	GOTO       L_GPIO_SetPinDirection11
0x082C      	MOVF       FARG_GPIO_SetPinDirection_Port, 0
0x3A04      	XORLW      4
0x1903      	BTFSC      STATUS, 2
0x294E      	GOTO       L_GPIO_SetPinDirection14
0x2973      	GOTO       L_GPIO_SetPinDirection17
L_GPIO_SetPinDirection1:
;GPIO.c,50 :: 		}
L_end_GPIO_SetPinDirection:
0x0008      	RETURN
; end of _GPIO_SetPinDirection
_Mul_32x32_FP:
;__Lib_MathDouble.c,610 :: 		
;__Lib_MathDouble.c,622 :: 		
;__Lib_MathDouble.c,624 :: 		
0x1283      	BCF        STATUS, 5
;__Lib_MathDouble.c,625 :: 		
0x1303      	BCF        STATUS, 6
;__Lib_MathDouble.c,627 :: 		
0x01FB      	CLRF       R11
;__Lib_MathDouble.c,628 :: 		
0x0873      	MOVF       R3, 0
;__Lib_MathDouble.c,629 :: 		
0x1D03      	BTFSS      STATUS, 2
;__Lib_MathDouble.c,630 :: 		
0x0877      	MOVF       R7, 0
;__Lib_MathDouble.c,631 :: 		
0x1903      	BTFSC      STATUS, 2
;__Lib_MathDouble.c,632 :: 		
0x29E3      	GOTO       JPMRES032
;__Lib_MathDouble.c,634 :: 		
0x0872      	MOVF       R2, 0
;__Lib_MathDouble.c,635 :: 		
0x0676      	XORWF      R6, 0
;__Lib_MathDouble.c,636 :: 		
0x00FA      	MOVWF      R10
;__Lib_MathDouble.c,637 :: 		
0x0877      	MOVF       R7, 0
;__Lib_MathDouble.c,638 :: 		
0x07F3      	ADDWF      R3, 1
;__Lib_MathDouble.c,639 :: 		
0x307E      	MOVLW      126
;__Lib_MathDouble.c,640 :: 		
0x1C03      	BTFSS      STATUS, 0
;__Lib_MathDouble.c,641 :: 		
0x29A0      	GOTO       MTUN32
;__Lib_MathDouble.c,642 :: 		
0x02F3      	SUBWF      R3, 1
;__Lib_MathDouble.c,643 :: 		
0x1803      	BTFSC      STATUS, 0
;__Lib_MathDouble.c,644 :: 		
0x29E6      	GOTO       JPMSETFOV32
;__Lib_MathDouble.c,645 :: 		
0x29A3      	GOTO       MOK32
;__Lib_MathDouble.c,646 :: 		
MTUN32:
;__Lib_MathDouble.c,647 :: 		
0x02F3      	SUBWF      R3, 1
;__Lib_MathDouble.c,648 :: 		
0x1C03      	BTFSS      STATUS, 0
;__Lib_MathDouble.c,649 :: 		
0x29E9      	GOTO       JPMSETFUN32
;__Lib_MathDouble.c,650 :: 		
MOK32:
;__Lib_MathDouble.c,651 :: 		
0x0872      	MOVF       R2, 0
;__Lib_MathDouble.c,652 :: 		
0x00F8      	MOVWF      R8
;__Lib_MathDouble.c,653 :: 		
0x0871      	MOVF       R1, 0
;__Lib_MathDouble.c,654 :: 		
0x00FC      	MOVWF      R12
;__Lib_MathDouble.c,655 :: 		
0x0870      	MOVF       R0, 0
;__Lib_MathDouble.c,656 :: 		
0x00FD      	MOVWF      R13
;__Lib_MathDouble.c,657 :: 		
0x17F8      	BSF        R8, 7
;__Lib_MathDouble.c,658 :: 		
0x17F6      	BSF        R6, 7
;__Lib_MathDouble.c,659 :: 		
0x1003      	BCF        STATUS, 0
;__Lib_MathDouble.c,660 :: 		
0x01F2      	CLRF       R2
;__Lib_MathDouble.c,661 :: 		
0x01F1      	CLRF       R1
;__Lib_MathDouble.c,662 :: 		
0x01F0      	CLRF       R0
;__Lib_MathDouble.c,663 :: 		
0x3018      	MOVLW      24
;__Lib_MathDouble.c,664 :: 		
0x00A0      	MOVWF      __math_tempbD
;__Lib_MathDouble.c,665 :: 		
MLOOP32:
;__Lib_MathDouble.c,666 :: 		
0x1C7D      	BTFSS      R13, 0
;__Lib_MathDouble.c,667 :: 		
0x29BD      	GOTO       MNOADD32
;__Lib_MathDouble.c,669 :: 		
0x0874      	MOVF       R4, 0
;__Lib_MathDouble.c,670 :: 		
0x07F0      	ADDWF      R0, 1
;__Lib_MathDouble.c,671 :: 		
0x0875      	MOVF       R5, 0
;__Lib_MathDouble.c,672 :: 		
0x1803      	BTFSC      STATUS, 0
;__Lib_MathDouble.c,673 :: 		
0x0F75      	INCFSZ     R5, 0
;__Lib_MathDouble.c,674 :: 		
0x07F1      	ADDWF      R1, 1
;__Lib_MathDouble.c,675 :: 		
0x0876      	MOVF       R6, 0
;__Lib_MathDouble.c,676 :: 		
0x1803      	BTFSC      STATUS, 0
;__Lib_MathDouble.c,677 :: 		
0x0F76      	INCFSZ     R6, 0
;__Lib_MathDouble.c,678 :: 		
0x07F2      	ADDWF      R2, 1
;__Lib_MathDouble.c,679 :: 		
MNOADD32:
;__Lib_MathDouble.c,680 :: 		
0x0CF2      	RRF        R2, 1
;__Lib_MathDouble.c,681 :: 		
0x0CF1      	RRF        R1, 1
;__Lib_MathDouble.c,682 :: 		
0x0CF0      	RRF        R0, 1
;__Lib_MathDouble.c,683 :: 		
0x0CF8      	RRF        R8, 1
;__Lib_MathDouble.c,684 :: 		
0x0CFC      	RRF        R12, 1
;__Lib_MathDouble.c,685 :: 		
0x0CFD      	RRF        R13, 1
;__Lib_MathDouble.c,686 :: 		
0x1003      	BCF        STATUS, 0
;__Lib_MathDouble.c,687 :: 		
0x0BA0      	DECFSZ     __math_tempbD, 1
;__Lib_MathDouble.c,688 :: 		
0x29B1      	GOTO       MLOOP32
;__Lib_MathDouble.c,689 :: 		
0x1BF2      	BTFSC      R2, 7
;__Lib_MathDouble.c,690 :: 		
0x29CD      	GOTO       MROUND32
;__Lib_MathDouble.c,691 :: 		
0x0DF8      	RLF        R8, 1
;__Lib_MathDouble.c,692 :: 		
0x0DF0      	RLF        R0, 1
;__Lib_MathDouble.c,693 :: 		
0x0DF1      	RLF        R1, 1
;__Lib_MathDouble.c,694 :: 		
0x0DF2      	RLF        R2, 1
;__Lib_MathDouble.c,695 :: 		
0x03F3      	DECF       R3, 1
;__Lib_MathDouble.c,696 :: 		
MROUND32:
;__Lib_MathDouble.c,697 :: 		
0x1B7B      	BTFSC      R11, 6
;__Lib_MathDouble.c,698 :: 		
0x1C70      	BTFSS      R0, 0
;__Lib_MathDouble.c,699 :: 		
0x29DF      	GOTO       MUL32OK
;__Lib_MathDouble.c,700 :: 		
0x1FF8      	BTFSS      R8, 7
;__Lib_MathDouble.c,701 :: 		
0x29DF      	GOTO       MUL32OK
;__Lib_MathDouble.c,702 :: 		
0x0AF0      	INCF       R0, 1
;__Lib_MathDouble.c,703 :: 		
0x1903      	BTFSC      STATUS, 2
;__Lib_MathDouble.c,704 :: 		
0x0AF1      	INCF       R1, 1
;__Lib_MathDouble.c,705 :: 		
0x1903      	BTFSC      STATUS, 2
;__Lib_MathDouble.c,706 :: 		
0x0AF2      	INCF       R2, 1
;__Lib_MathDouble.c,707 :: 		
0x1D03      	BTFSS      STATUS, 2
;__Lib_MathDouble.c,708 :: 		
0x29DF      	GOTO       MUL32OK
;__Lib_MathDouble.c,709 :: 		
0x0CF2      	RRF        R2, 1
;__Lib_MathDouble.c,710 :: 		
0x0CF1      	RRF        R1, 1
;__Lib_MathDouble.c,711 :: 		
0x0CF0      	RRF        R0, 1
;__Lib_MathDouble.c,712 :: 		
0x0AF3      	INCF       R3, 1
;__Lib_MathDouble.c,713 :: 		
0x1903      	BTFSC      STATUS, 2
;__Lib_MathDouble.c,714 :: 		
0x29E6      	GOTO       JPMSETFOV32
;__Lib_MathDouble.c,715 :: 		
MUL32OK:
;__Lib_MathDouble.c,716 :: 		
0x1FFA      	BTFSS      R10, 7
;__Lib_MathDouble.c,717 :: 		
0x13F2      	BCF        R2, 7
;__Lib_MathDouble.c,718 :: 		
0x3000      	MOVLW      0
;__Lib_MathDouble.c,720 :: 		
0x29EB      	GOTO       MUL32EEE
;__Lib_MathDouble.c,721 :: 		
JPMRES032:
;__Lib_MathDouble.c,722 :: 		
0x3001      	MOVLW      1
;__Lib_MathDouble.c,725 :: 		
0x2037      	CALL       _RES032
;__Lib_MathDouble.c,727 :: 		
0x29EB      	GOTO       MUL32EEE
;__Lib_MathDouble.c,728 :: 		
JPMSETFOV32:
;__Lib_MathDouble.c,729 :: 		
0x3002      	MOVLW      2
;__Lib_MathDouble.c,732 :: 		
0x208A      	CALL       _SETFOV32
;__Lib_MathDouble.c,734 :: 		
0x29EB      	GOTO       MUL32EEE
;__Lib_MathDouble.c,735 :: 		
JPMSETFUN32:
;__Lib_MathDouble.c,736 :: 		
0x3004      	MOVLW      4
;__Lib_MathDouble.c,739 :: 		
0x203E      	CALL       _SETFUN32
;__Lib_MathDouble.c,741 :: 		
MUL32EEE:
;__Lib_MathDouble.c,742 :: 		
0x0000      	NOP
;__Lib_MathDouble.c,749 :: 		
L_end_Mul_32x32_FP:
0x0008      	RETURN
; end of _Mul_32x32_FP
_UART_Write:
;USART.c,28 :: 		void UART_Write(u8 bits){
;USART.c,30 :: 		while(!GET_BIT(TXSTA,TRMT));
L_UART_Write0:
0x1683      	BSF        STATUS, 5
0x1303      	BCF        STATUS, 6
0x0818      	MOVF       TXSTA, 0
0x00F1      	MOVWF      R1
0x0CF1      	RRF        R1, 1
0x13F1      	BCF        R1, 7
0x1871      	BTFSC      R1, 0
0x29F6      	GOTO       L_UART_Write1
0x29ED      	GOTO       L_UART_Write0
L_UART_Write1:
;USART.c,31 :: 		TXREG=bits;
0x1283      	BCF        STATUS, 5
0x082C      	MOVF       FARG_UART_Write_bits, 0
0x0099      	MOVWF      TXREG
;USART.c,36 :: 		}
L_end_UART_Write:
0x0008      	RETURN
; end of _UART_Write
_double2byte:
;__Lib_MathDouble.c,1670 :: 		
;__Lib_MathDouble.c,1677 :: 		
0x1283      	BCF        STATUS, 5
;__Lib_MathDouble.c,1678 :: 		
0x1303      	BCF        STATUS, 6
;__Lib_MathDouble.c,1680 :: 		
0x01FB      	CLRF       R11
;__Lib_MathDouble.c,1681 :: 		
0x01FC      	CLRF       R12
;__Lib_MathDouble.c,1682 :: 		
0x01FA      	CLRF       R10
;__Lib_MathDouble.c,1684 :: 		
0x0873      	MOVF       R3, 0
;__Lib_MathDouble.c,1685 :: 		
0x1903      	BTFSC      STATUS, 2
;__Lib_MathDouble.c,1686 :: 		
0x2A27      	GOTO       IRES008
;__Lib_MathDouble.c,1688 :: 		
0x13FA      	BCF        R10, 7
;__Lib_MathDouble.c,1689 :: 		
0x17F2      	BSF        R2, 7
;__Lib_MathDouble.c,1691 :: 		
0x3086      	MOVLW      134
;__Lib_MathDouble.c,1692 :: 		
0x02F3      	SUBWF      R3, 1
;__Lib_MathDouble.c,1693 :: 		
0x1BF3      	BTFSC      R3, 7
;__Lib_MathDouble.c,1694 :: 		
0x2A0B      	GOTO       SETEXP08
;__Lib_MathDouble.c,1695 :: 		
0x1903      	BTFSC      STATUS, 2
;__Lib_MathDouble.c,1696 :: 		
0x2A0B      	GOTO       SETEXP08
;__Lib_MathDouble.c,1697 :: 		
0x2A29      	GOTO       SETIOV08
;__Lib_MathDouble.c,1698 :: 		
SETEXP08:
;__Lib_MathDouble.c,1699 :: 		
0x09F3      	COMF       R3, 1
;__Lib_MathDouble.c,1700 :: 		
0x0AF3      	INCF       R3, 1
;__Lib_MathDouble.c,1702 :: 		
0x3008      	MOVLW      8
;__Lib_MathDouble.c,1703 :: 		
0x0273      	SUBWF      R3, 0
;__Lib_MathDouble.c,1704 :: 		
0x1C03      	BTFSS      STATUS, 0
;__Lib_MathDouble.c,1705 :: 		
0x2A18      	GOTO       TSHIFT3208
;__Lib_MathDouble.c,1706 :: 		
0x00F3      	MOVWF      R3
;__Lib_MathDouble.c,1707 :: 		
0x0DF2      	RLF        R2, 1
;__Lib_MathDouble.c,1708 :: 		
0x01F2      	CLRF       R2
;__Lib_MathDouble.c,1710 :: 		
0x0873      	MOVF       R3, 0
;__Lib_MathDouble.c,1711 :: 		
0x1D03      	BTFSS      STATUS, 2
;__Lib_MathDouble.c,1712 :: 		
0x1003      	BCF        STATUS, 0
;__Lib_MathDouble.c,1713 :: 		
0x2A1F      	GOTO       SHIFT3208OK
;__Lib_MathDouble.c,1714 :: 		
TSHIFT3208:
;__Lib_MathDouble.c,1715 :: 		
0x0873      	MOVF       R3, 0
;__Lib_MathDouble.c,1716 :: 		
0x1903      	BTFSC      STATUS, 2
;__Lib_MathDouble.c,1717 :: 		
0x2A1F      	GOTO       SHIFT3208OK
;__Lib_MathDouble.c,1718 :: 		
SHIFT3208:
;__Lib_MathDouble.c,1719 :: 		
0x1003      	BCF        STATUS, 0
;__Lib_MathDouble.c,1720 :: 		
0x0CF2      	RRF        R2, 1
;__Lib_MathDouble.c,1721 :: 		
0x0BF3      	DECFSZ     R3, 1
;__Lib_MathDouble.c,1722 :: 		
0x2A1B      	GOTO       SHIFT3208
;__Lib_MathDouble.c,1723 :: 		
SHIFT3208OK:
;__Lib_MathDouble.c,1724 :: 		
0x1B7B      	BTFSC      R11, 6
;__Lib_MathDouble.c,1725 :: 		
0x1C72      	BTFSS      R2, 0
;__Lib_MathDouble.c,1726 :: 		
0x2A27      	GOTO       INT3208OK
;__Lib_MathDouble.c,1727 :: 		
0x1C03      	BTFSS      STATUS, 0
;__Lib_MathDouble.c,1728 :: 		
0x2A27      	GOTO       INT3208OK
;__Lib_MathDouble.c,1729 :: 		
0x0AF2      	INCF       R2, 1
;__Lib_MathDouble.c,1730 :: 		
0x1903      	BTFSC      STATUS, 2
;__Lib_MathDouble.c,1731 :: 		
0x2A2E      	GOTO       D2B_JPKSETIOV3224
;__Lib_MathDouble.c,1732 :: 		
INT3208OK:
;__Lib_MathDouble.c,1733 :: 		
IRES008:
;__Lib_MathDouble.c,1734 :: 		
0x01F1      	CLRF       R1
;__Lib_MathDouble.c,1735 :: 		
0x2A31      	GOTO       INT3208EOK
;__Lib_MathDouble.c,1736 :: 		
SETIOV08:
;__Lib_MathDouble.c,1737 :: 		
0x147B      	BSF        R11, 0
;__Lib_MathDouble.c,1738 :: 		
0x1FFB      	BTFSS      R11, 7
;__Lib_MathDouble.c,1739 :: 		
0x2A34      	GOTO       INT3208EER
;__Lib_MathDouble.c,1741 :: 		
0x01F1      	CLRF       R1
;__Lib_MathDouble.c,1742 :: 		
0x2A34      	GOTO       INT3208EER
;__Lib_MathDouble.c,1743 :: 		
D2B_JPKSETIOV3224:
;__Lib_MathDouble.c,1744 :: 		
0x3001      	MOVLW      1
;__Lib_MathDouble.c,1745 :: 		
0x00FC      	MOVWF      R12
;__Lib_MathDouble.c,1746 :: 		
0x2A36      	GOTO       INT3208EEE
;__Lib_MathDouble.c,1747 :: 		
INT3208EOK:
;__Lib_MathDouble.c,1748 :: 		
0x3000      	MOVLW      0
;__Lib_MathDouble.c,1749 :: 		
0x00FC      	MOVWF      R12
;__Lib_MathDouble.c,1750 :: 		
0x2A36      	GOTO       INT3208EEE
;__Lib_MathDouble.c,1751 :: 		
INT3208EER:
;__Lib_MathDouble.c,1752 :: 		
0x30FF      	MOVLW      255
;__Lib_MathDouble.c,1753 :: 		
0x00FC      	MOVWF      R12
;__Lib_MathDouble.c,1754 :: 		
INT3208EEE:
;__Lib_MathDouble.c,1757 :: 		
0x08FC      	MOVF       R12, 1
;__Lib_MathDouble.c,1759 :: 		
0x1903      	BTFSC      STATUS, 2
;__Lib_MathDouble.c,1760 :: 		
0x2A3A      	GOTO       L_Double2Byte_0
;__Lib_MathDouble.c,1762 :: 		
0x204E      	CALL       _SETIOV3224
;__Lib_MathDouble.c,1764 :: 		
L_Double2Byte_0:
;__Lib_MathDouble.c,1765 :: 		
0x0872      	MOVF       R2, 0
;__Lib_MathDouble.c,1766 :: 		
0x00F0      	MOVWF      R0
;__Lib_MathDouble.c,1770 :: 		
L_end_double2byte:
0x0008      	RETURN
; end of _double2byte
_word2double:
;__Lib_MathDouble.c,1862 :: 		
;__Lib_MathDouble.c,1868 :: 		
0x1283      	BCF        STATUS, 5
;__Lib_MathDouble.c,1869 :: 		
0x1303      	BCF        STATUS, 6
;__Lib_MathDouble.c,1870 :: 		
0x0870      	MOVF       R0, 0
;__Lib_MathDouble.c,1871 :: 		
0x00F8      	MOVWF      R8
;__Lib_MathDouble.c,1872 :: 		
0x0871      	MOVF       R1, 0
;__Lib_MathDouble.c,1873 :: 		
0x00F0      	MOVWF      R0
;__Lib_MathDouble.c,1874 :: 		
0x01F1      	CLRF       R1
;__Lib_MathDouble.c,1875 :: 		
0x01F2      	CLRF       R2
;__Lib_MathDouble.c,1876 :: 		
0x01F3      	CLRF       R3
;__Lib_MathDouble.c,1879 :: 		
0x01FB      	CLRF       R11
;__Lib_MathDouble.c,1880 :: 		
0x01FC      	CLRF       R12
;__Lib_MathDouble.c,1882 :: 		
0x3096      	MOVLW      150
;__Lib_MathDouble.c,1883 :: 		
0x00F3      	MOVWF      R3
;__Lib_MathDouble.c,1884 :: 		
0x01FA      	CLRF       R10
;__Lib_MathDouble.c,1886 :: 		
0x0870      	MOVF       R0, 0
;__Lib_MathDouble.c,1887 :: 		
0x00F1      	MOVWF      R1
;__Lib_MathDouble.c,1888 :: 		
0x0878      	MOVF       R8, 0
;__Lib_MathDouble.c,1889 :: 		
0x00F0      	MOVWF      R0
;__Lib_MathDouble.c,1890 :: 		
0x01F8      	CLRF       R8
;__Lib_MathDouble.c,1891 :: 		
0x01F2      	CLRF       R2
;__Lib_MathDouble.c,1893 :: 		
0x205B      	CALL       _NRM3232
;__Lib_MathDouble.c,1894 :: 		
L_end_word2double:
0x0008      	RETURN
; end of _word2double
_____DoICP:
;__Lib_System.c,6 :: 		
;__Lib_System.c,9 :: 		
0x1283      	BCF        STATUS, 5
0x1303      	BCF        STATUS, 6
0x0829      	MOVF       ___DoICPAddr+1, 0
0x008A      	MOVWF      PCLATH
;__Lib_System.c,10 :: 		
0x0828      	MOVF       ___DoICPAddr, 0
0x0082      	MOVWF      PCL
;__Lib_System.c,12 :: 		
L_end_____DoICP:
0x0008      	RETURN
; end of _____DoICP
___CC2DW:
;__Lib_System.c,134 :: 		
;__Lib_System.c,137 :: 		
_CC2D_Loop1:
;__Lib_System.c,139 :: 		
0x2253      	CALL       _____DoICP
0x118A      	BCF        PCLATH, 3
0x120A      	BCF        PCLATH, 4
;__Lib_System.c,141 :: 		
0x0080      	MOVWF      INDF
;__Lib_System.c,142 :: 		
0x0A84      	INCF       FSR, 1
;__Lib_System.c,143 :: 		
0x0AA8      	INCF       ___DoICPAddr, 1
;__Lib_System.c,145 :: 		
0x1903      	BTFSC      STATUS, 2
;__Lib_System.c,146 :: 		
0x0AA9      	INCF       ___DoICPAddr+1, 1
;__Lib_System.c,147 :: 		
0x03F0      	DECF       R0, 1
;__Lib_System.c,149 :: 		
0x1D03      	BTFSS      STATUS, 2
;__Lib_System.c,150 :: 		
0x2A5A      	GOTO       _CC2D_Loop1
;__Lib_System.c,152 :: 		
L_end___CC2DW:
0x0008      	RETURN
; end of ___CC2DW
_ADC_test:
;ADC_test.c,2 :: 		void ADC_test(){
;ADC_test.c,6 :: 		GPIO_SetPinDirection(GPIO_PORTA,0,1);
0x1283      	BCF        STATUS, 5
0x1303      	BCF        STATUS, 6
0x01AC      	CLRF       FARG_GPIO_SetPinDirection_Port
0x01AD      	CLRF       FARG_GPIO_SetPinDirection_Pin
0x3001      	MOVLW      1
0x00AE      	MOVWF      FARG_GPIO_SetPinDirection_Direction
0x20B8      	CALL       _GPIO_SetPinDirection
;ADC_test.c,7 :: 		UART_TX_init();
0x2096      	CALL       _UART_TX_init
;ADC_test.c,8 :: 		GPIO_SetPinDirection(GPIO_PORTC,7,1);
0x3002      	MOVLW      2
0x1283      	BCF        STATUS, 5
0x00AC      	MOVWF      FARG_GPIO_SetPinDirection_Port
0x3007      	MOVLW      7
0x00AD      	MOVWF      FARG_GPIO_SetPinDirection_Pin
0x3001      	MOVLW      1
0x00AE      	MOVWF      FARG_GPIO_SetPinDirection_Direction
0x20B8      	CALL       _GPIO_SetPinDirection
;ADC_test.c,9 :: 		GPIO_SetPinDirection(GPIO_PORTC,6,0);
0x3002      	MOVLW      2
0x1283      	BCF        STATUS, 5
0x1303      	BCF        STATUS, 6
0x00AC      	MOVWF      FARG_GPIO_SetPinDirection_Port
0x3006      	MOVLW      6
0x00AD      	MOVWF      FARG_GPIO_SetPinDirection_Pin
0x01AE      	CLRF       FARG_GPIO_SetPinDirection_Direction
0x20B8      	CALL       _GPIO_SetPinDirection
;ADC_test.c,10 :: 		Delay_ms(100);
0x3082      	MOVLW      130
0x1283      	BCF        STATUS, 5
0x1303      	BCF        STATUS, 6
0x00FC      	MOVWF      R12
0x30DD      	MOVLW      221
0x00FD      	MOVWF      R13
L_ADC_test0:
0x0BFD      	DECFSZ     R13, 1
0x2A84      	GOTO       L_ADC_test0
0x0BFC      	DECFSZ     R12, 1
0x2A84      	GOTO       L_ADC_test0
0x0000      	NOP
0x0000      	NOP
;ADC_test.c,11 :: 		while(1){
L_ADC_test1:
;ADC_test.c,13 :: 		adc_value=ADConversion();
0x20A3      	CALL       _ADConversion
0x0870      	MOVF       R0, 0
0x1283      	BCF        STATUS, 5
0x00AA      	MOVWF      ADC_test_adc_value_L0
0x01AB      	CLRF       ADC_test_adc_value_L0+1
;ADC_test.c,14 :: 		temp=adc_value*0.488;
0x082A      	MOVF       ADC_test_adc_value_L0, 0
0x00F0      	MOVWF      R0
0x082B      	MOVF       ADC_test_adc_value_L0+1, 0
0x00F1      	MOVWF      R0+1
0x223D      	CALL       _word2double
0x3023      	MOVLW      35
0x00F4      	MOVWF      R4
0x30DB      	MOVLW      219
0x00F5      	MOVWF      R4+1
0x3079      	MOVLW      121
0x00F6      	MOVWF      R4+2
0x307D      	MOVLW      125
0x00F7      	MOVWF      R4+3
0x218C      	CALL       _Mul_32x32_FP
;ADC_test.c,15 :: 		UART_Write(temp);
0x21FA      	CALL       _double2byte
0x0870      	MOVF       R0, 0
0x00AC      	MOVWF      FARG_UART_Write_bits
0x21ED      	CALL       _UART_Write
;ADC_test.c,16 :: 		Delay_ms(1000);
0x3006      	MOVLW      6
0x00FB      	MOVWF      R11
0x3013      	MOVLW      19
0x00FC      	MOVWF      R12
0x30AD      	MOVLW      173
0x00FD      	MOVWF      R13
L_ADC_test3:
0x0BFD      	DECFSZ     R13, 1
0x2AA7      	GOTO       L_ADC_test3
0x0BFC      	DECFSZ     R12, 1
0x2AA7      	GOTO       L_ADC_test3
0x0BFB      	DECFSZ     R11, 1
0x2AA7      	GOTO       L_ADC_test3
0x0000      	NOP
0x0000      	NOP
;ADC_test.c,19 :: 		}
0x2A8A      	GOTO       L_ADC_test1
;ADC_test.c,30 :: 		}
L_end_ADC_test:
0x0008      	RETURN
; end of _ADC_test
_____DoIFC:
;__Lib_System.c,15 :: 		
;__Lib_System.c,18 :: 		
0x1283      	BCF        STATUS, 5
0x1303      	BCF        STATUS, 6
0x0829      	MOVF       ___DoICPAddr+1, 0
0x008A      	MOVWF      PCLATH
;__Lib_System.c,19 :: 		
0x0828      	MOVF       ___DoICPAddr, 0
0x0082      	MOVWF      PCL
;__Lib_System.c,21 :: 		
L_end_____DoIFC:
0x0008      	RETURN
; end of _____DoIFC
_main:
0x22C4      	CALL       708
;main.c,67 :: 		void main(){
;main.c,68 :: 		ADC_test();
0x2266      	CALL       _ADC_test
;main.c,71 :: 		}
L_end_main:
0x2ABA      	GOTO       $+0
; end of _main
0x3023      	MOVLW      35
0x0084      	MOVWF      FSR
0x3003      	MOVLW      3
0x1283      	BCF        STATUS, 5
0x1303      	BCF        STATUS, 6
0x00F0      	MOVWF      R0
0x30C0      	MOVLW      192
0x00A8      	MOVWF      ___DoICPAddr
0x3002      	MOVLW      2
0x00A9      	MOVWF      41
0x225A      	CALL       602
0x0008      	RETURN
;TIMER.c,0 :: ?ICSTIMER_TMR0_Callback
0x3400 ;?ICSTIMER_TMR0_Callback+0
0x3400 ;?ICSTIMER_TMR0_Callback+1
0x3400 ;?ICSTIMER_TMR0_Callback+2
; end of ?ICSTIMER_TMR0_Callback
Symbol List:
//** Routines locations **
//ADDRESS    SIZE    PROCEDURE
//----------------------------------------------
0x0004      [51]    _interrupt
0x0037       [7]    _RES032
0x003E      [12]    _SETFUN32
0x004A       [4]    _FIXSIGN32
0x004E      [13]    _SETIOV3224
0x005B      [47]    _NRM3232
0x008A      [12]    _SETFOV32
0x0096      [13]    _UART_TX_init
0x00A3      [21]    _ADConversion
0x00B8     [212]    _GPIO_SetPinDirection
0x018C      [97]    _Mul_32x32_FP
0x01ED      [13]    _UART_Write
0x01FA      [67]    _double2byte
0x023D      [22]    _word2double
0x0253       [7]    _____DoICP
0x025A      [12]    ___CC2DW
0x0266      [75]    _ADC_test
0x02B1       [7]    _____DoIFC
0x02B8       [2]    _main
//** Variables locations ** 
//ADDRESS    SIZE    VARIABLE
//----------------------------------------------
0x0000       [1]    INDF
0x0002       [1]    PCL
0x0003       [1]    STATUS
0x0004       [1]    FSR
0x000A       [1]    PCLATH
0x000B       [1]    INTCON
0x0018       [1]    RCSTA
0x0019       [1]    TXREG
0x001E       [1]    ADRESH
0x001F       [1]    ADCON0
0x0020       [1]    __math_tempbD
0x0023       [3]    TIMER_TMR0_Callback
0x0026       [1]    ___savePCLATH
0x0027       [1]    ___saveSTATUS
0x0028       [2]    ___DoICPAddr
0x002A       [2]    ADC_test_adc_value_L0
0x002C       [1]    FARG_UART_Write_bits
0x002C       [1]    FARG_GPIO_SetPinDirection_Port
0x002D       [1]    FARG_GPIO_SetPinDirection_Pin
0x002E       [1]    FARG_GPIO_SetPinDirection_Direction
0x0070       [1]    R0
0x0071       [1]    R1
0x0072       [1]    R2
0x0073       [1]    R3
0x0074       [1]    R4
0x0075       [1]    R5
0x0076       [1]    R6
0x0077       [1]    R7
0x0078       [1]    R8
0x0079       [1]    R9
0x007A       [1]    R10
0x007B       [1]    R11
0x007C       [1]    R12
0x007D       [1]    R13
0x007E       [1]    R14
0x007F       [1]    R15
0x0085       [1]    TRISA
0x0086       [1]    TRISB
0x0087       [1]    TRISC
0x0088       [1]    TRISD
0x0089       [1]    TRISE
0x0098       [1]    TXSTA
0x0099       [1]    SPBRG
0x009E       [1]    ADRESL
//** Constants locations ** 
//ADDRESS    SIZE    CONSTANT
//----------------------------------------------
0x02C0       [3]    ?ICSTIMER_TMR0_Callback
