;  LST file generated by mikroListExporter - v.2.0 
; Date/Time: 3/4/2026 12:16:50 AM
;----------------------------------------------

;Address Opcode 	ASM
0x0000	0x2885      	GOTO       133
_interrupt:
0x0004	0x00FF      	MOVWF      R15
0x0005	0x0E03      	SWAPF      STATUS, 0
0x0006	0x0183      	CLRF       STATUS
0x0007	0x00A6      	MOVWF      ___saveSTATUS
0x0008	0x080A      	MOVF       PCLATH, 0
0x0009	0x00A7      	MOVWF      ___savePCLATH
0x000A	0x018A      	CLRF       PCLATH
0x000B	0x0870      	MOVF       R0, 0
0x000C	0x00A0      	MOVWF      32
;EXT_INT.c,27 :: 		void interrupt() {
;EXT_INT.c,28 :: 		if (INTCON.INTF) {
0x000D	0x1C8B      	BTFSS      INTCON, 1
0x000E	0x2830      	GOTO       L_interrupt2
;EXT_INT.c,29 :: 		if (INT0_CallBackPtr != 0) {
0x000F	0x0821      	MOVF       EXT_INT_INT0_CallBackPtr, 0
0x0010	0x00F1      	MOVWF      R1
0x0011	0x0822      	MOVF       EXT_INT_INT0_CallBackPtr+1, 0
0x0012	0x00F2      	MOVWF      R1+1
0x0013	0x0823      	MOVF       EXT_INT_INT0_CallBackPtr+2, 0
0x0014	0x00F3      	MOVWF      R1+2
0x0015	0x0824      	MOVF       EXT_INT_INT0_CallBackPtr+3, 0
0x0016	0x00F4      	MOVWF      R1+3
0x0017	0x3000      	MOVLW      0
0x0018	0x00F0      	MOVWF      R0
0x0019	0x0674      	XORWF      R1+3, 0
0x001A	0x1D03      	BTFSS      STATUS, 2
0x001B	0x2826      	GOTO       L__interrupt11
0x001C	0x0870      	MOVF       R0, 0
0x001D	0x0673      	XORWF      R1+2, 0
0x001E	0x1D03      	BTFSS      STATUS, 2
0x001F	0x2826      	GOTO       L__interrupt11
0x0020	0x0870      	MOVF       R0, 0
0x0021	0x0672      	XORWF      R1+1, 0
0x0022	0x1D03      	BTFSS      STATUS, 2
0x0023	0x2826      	GOTO       L__interrupt11
0x0024	0x0871      	MOVF       R1, 0
0x0025	0x3A00      	XORLW      0
L__interrupt11:
0x0026	0x1903      	BTFSC      STATUS, 2
0x0027	0x282F      	GOTO       L_interrupt3
;EXT_INT.c,30 :: 		INT0_CallBackPtr(); // Execute the App-level function
0x0028	0x0821      	MOVF       EXT_INT_INT0_CallBackPtr, 0
0x0029	0x00A4      	MOVWF      ___DoICPAddr
0x002A	0x0822      	MOVF       EXT_INT_INT0_CallBackPtr+1, 0
0x002B	0x00A5      	MOVWF      ___DoICPAddr+1
0x002C	0x207E      	CALL       _____DoIFC
0x002D	0x118A      	BCF        PCLATH, 3
0x002E	0x120A      	BCF        PCLATH, 4
;EXT_INT.c,31 :: 		}
L_interrupt3:
;EXT_INT.c,32 :: 		INTCON.INTF = 0; // Clear flag
0x002F	0x108B      	BCF        INTCON, 1
;EXT_INT.c,33 :: 		}
L_interrupt2:
;EXT_INT.c,34 :: 		}
L_end_interrupt:
L__interrupt10:
0x0030	0x1283      	BCF        STATUS, 5
0x0031	0x1303      	BCF        STATUS, 6
0x0032	0x0820      	MOVF       32, 0
0x0033	0x00F0      	MOVWF      R0
0x0034	0x0827      	MOVF       ___savePCLATH, 0
0x0035	0x008A      	MOVWF      PCLATH
0x0036	0x0E26      	SWAPF      ___saveSTATUS, 0
0x0037	0x0083      	MOVWF      STATUS
0x0038	0x0EFF      	SWAPF      R15, 1
0x0039	0x0E7F      	SWAPF      R15, 0
0x003A	0x0009      	RETFIE
; end of _interrupt
_LED_Toggle:
;LED.c,6 :: 		void LED_Toggle() {
;LED.c,7 :: 		PORTD.F0 = ~PORTD.F0;
0x003B	0x3001      	MOVLW      1
0x003C	0x1283      	BCF        STATUS, 5
0x003D	0x1303      	BCF        STATUS, 6
0x003E	0x0688      	XORWF      PORTD, 1
;LED.c,8 :: 		}
L_end_LED_Toggle:
0x003F	0x0008      	RETURN
; end of _LED_Toggle
_____DoICP:
;__Lib_System.c,6 :: 		
;__Lib_System.c,9 :: 		
0x0040	0x1283      	BCF        STATUS, 5
0x0041	0x1303      	BCF        STATUS, 6
0x0042	0x0825      	MOVF       ___DoICPAddr+1, 0
0x0043	0x008A      	MOVWF      PCLATH
;__Lib_System.c,10 :: 		
0x0044	0x0824      	MOVF       ___DoICPAddr, 0
0x0045	0x0082      	MOVWF      PCL
;__Lib_System.c,12 :: 		
L_end_____DoICP:
0x0046	0x0008      	RETURN
; end of _____DoICP
_EXT_INT0_SetEdge:
;EXT_INT.c,17 :: 		void EXT_INT0_SetEdge(unsigned char edge_type) {
;EXT_INT.c,18 :: 		if(edge_type == 1) OPTION_REG.INTEDG = 1; // Rising
0x0047	0x1283      	BCF        STATUS, 5
0x0048	0x1303      	BCF        STATUS, 6
0x0049	0x082B      	MOVF       FARG_EXT_INT0_SetEdge_edge_type, 0
0x004A	0x3A01      	XORLW      1
0x004B	0x1D03      	BTFSS      STATUS, 2
0x004C	0x2850      	GOTO       L_EXT_INT0_SetEdge0
0x004D	0x1683      	BSF        STATUS, 5
0x004E	0x1701      	BSF        OPTION_REG, 6
0x004F	0x2852      	GOTO       L_EXT_INT0_SetEdge1
L_EXT_INT0_SetEdge0:
0x0050	0x1683      	BSF        STATUS, 5
;EXT_INT.c,19 :: 		else OPTION_REG.INTEDG = 0;               // Falling
0x0051	0x1301      	BCF        OPTION_REG, 6
L_EXT_INT0_SetEdge1:
;EXT_INT.c,20 :: 		}
L_end_EXT_INT0_SetEdge:
0x0052	0x0008      	RETURN
; end of _EXT_INT0_SetEdge
_EXT_INT0_Enable:
;EXT_INT.c,14 :: 		void EXT_INT0_Enable(void)  { INTCON.INTE = 1; }
0x0053	0x160B      	BSF        INTCON, 4
L_end_EXT_INT0_Enable:
0x0054	0x0008      	RETURN
; end of _EXT_INT0_Enable
_EXT_INT0_SetCallback:
;EXT_INT.c,22 :: 		void EXT_INT0_SetCallback(void (*ptr)(void)) {
;EXT_INT.c,23 :: 		INT0_CallBackPtr = ptr;
0x0055	0x1283      	BCF        STATUS, 5
0x0056	0x1303      	BCF        STATUS, 6
0x0057	0x0828      	MOVF       FARG_EXT_INT0_SetCallback_ptr, 0
0x0058	0x00A1      	MOVWF      EXT_INT_INT0_CallBackPtr
0x0059	0x0829      	MOVF       FARG_EXT_INT0_SetCallback_ptr+1, 0
0x005A	0x00A2      	MOVWF      EXT_INT_INT0_CallBackPtr+1
0x005B	0x082A      	MOVF       FARG_EXT_INT0_SetCallback_ptr+2, 0
0x005C	0x00A3      	MOVWF      EXT_INT_INT0_CallBackPtr+2
0x005D	0x082B      	MOVF       FARG_EXT_INT0_SetCallback_ptr+3, 0
;EXT_INT.c,24 :: 		}
L_end_EXT_INT0_SetCallback:
0x005E	0x0008      	RETURN
; end of _EXT_INT0_SetCallback
___CC2DW:
;__Lib_System.c,134 :: 		
;__Lib_System.c,137 :: 		
_CC2D_Loop1:
;__Lib_System.c,139 :: 		
0x005F	0x2040      	CALL       _____DoICP
0x0060	0x118A      	BCF        PCLATH, 3
0x0061	0x120A      	BCF        PCLATH, 4
;__Lib_System.c,141 :: 		
0x0062	0x0080      	MOVWF      INDF
;__Lib_System.c,142 :: 		
0x0063	0x0A84      	INCF       FSR, 1
;__Lib_System.c,143 :: 		
0x0064	0x0AA4      	INCF       ___DoICPAddr, 1
;__Lib_System.c,145 :: 		
0x0065	0x1903      	BTFSC      STATUS, 2
;__Lib_System.c,146 :: 		
0x0066	0x0AA5      	INCF       ___DoICPAddr+1, 1
;__Lib_System.c,147 :: 		
0x0067	0x03F0      	DECF       R0, 1
;__Lib_System.c,149 :: 		
0x0068	0x1D03      	BTFSS      STATUS, 2
;__Lib_System.c,150 :: 		
0x0069	0x285F      	GOTO       _CC2D_Loop1
;__Lib_System.c,152 :: 		
L_end___CC2DW:
0x006A	0x0008      	RETURN
; end of ___CC2DW
_EXT_INT0_Init:
;EXT_INT.c,6 :: 		void EXT_INT0_Init(void) {
;EXT_INT.c,7 :: 		TRISB.F0 = 1;       // INT0 pin (RB0) as input
0x006B	0x1683      	BSF        STATUS, 5
0x006C	0x1303      	BCF        STATUS, 6
0x006D	0x1406      	BSF        TRISB, 0
;EXT_INT.c,8 :: 		EXT_INT0_SetEdge(1); // Default to rising edge
0x006E	0x3001      	MOVLW      1
0x006F	0x1283      	BCF        STATUS, 5
0x0070	0x00AB      	MOVWF      FARG_EXT_INT0_SetEdge_edge_type
0x0071	0x2047      	CALL       _EXT_INT0_SetEdge
;EXT_INT.c,9 :: 		EXT_INT0_Enable();
0x0072	0x2053      	CALL       _EXT_INT0_Enable
;EXT_INT.c,10 :: 		INTCON.GIE = 1;     // Enable Global Interrupts
0x0073	0x178B      	BSF        INTCON, 7
;EXT_INT.c,11 :: 		INTCON.PEIE = 1;    // Enable Peripheral Interrupts
0x0074	0x170B      	BSF        INTCON, 6
;EXT_INT.c,12 :: 		}
L_end_EXT_INT0_Init:
0x0075	0x0008      	RETURN
; end of _EXT_INT0_Init
_LED_Init:
;LED.c,1 :: 		void LED_Init() {
;LED.c,2 :: 		TRISD.F0 = 0; // Let's assume LED is on RD0 (based on your snippet)
0x0076	0x1683      	BSF        STATUS, 5
0x0077	0x1303      	BCF        STATUS, 6
0x0078	0x1008      	BCF        TRISD, 0
;LED.c,3 :: 		PORTD.F0 = 0;
0x0079	0x1283      	BCF        STATUS, 5
0x007A	0x1008      	BCF        PORTD, 0
;LED.c,4 :: 		}
L_end_LED_Init:
0x007B	0x0008      	RETURN
; end of _LED_Init
_My_App_Task:
;main.c,5 :: 		void My_App_Task(void) {
;main.c,6 :: 		LED_Toggle();
0x007C	0x203B      	CALL       _LED_Toggle
;main.c,7 :: 		}
L_end_My_App_Task:
0x007D	0x0008      	RETURN
; end of _My_App_Task
_____DoIFC:
;__Lib_System.c,15 :: 		
;__Lib_System.c,18 :: 		
0x007E	0x1283      	BCF        STATUS, 5
0x007F	0x1303      	BCF        STATUS, 6
0x0080	0x0825      	MOVF       ___DoICPAddr+1, 0
0x0081	0x008A      	MOVWF      PCLATH
;__Lib_System.c,19 :: 		
0x0082	0x0824      	MOVF       ___DoICPAddr, 0
0x0083	0x0082      	MOVWF      PCL
;__Lib_System.c,21 :: 		
L_end_____DoIFC:
0x0084	0x0008      	RETURN
; end of _____DoIFC
_main:
0x0085	0x209C      	CALL       156
;main.c,9 :: 		void main() {
;main.c,11 :: 		LED_Init();
0x0086	0x2076      	CALL       _LED_Init
;main.c,14 :: 		EXT_INT0_Init();
0x0087	0x206B      	CALL       _EXT_INT0_Init
;main.c,17 :: 		EXT_INT0_SetCallback(My_App_Task);
0x0088	0x307C      	MOVLW      _My_App_Task
0x0089	0x1283      	BCF        STATUS, 5
0x008A	0x00A8      	MOVWF      FARG_EXT_INT0_SetCallback_ptr
0x008B	0x3000      	MOVLW      hi_addr(_My_App_Task)
0x008C	0x00A9      	MOVWF      FARG_EXT_INT0_SetCallback_ptr+1
0x008D	0x3000      	MOVLW      0
0x008E	0x00AA      	MOVWF      FARG_EXT_INT0_SetCallback_ptr+2
0x008F	0x3000      	MOVLW      0
0x0090	0x2055      	CALL       _EXT_INT0_SetCallback
;main.c,19 :: 		while(1) {
L_main0:
;main.c,22 :: 		}
0x0091	0x2891      	GOTO       L_main0
;main.c,23 :: 		}
L_end_main:
0x0092	0x2892      	GOTO       $+0
; end of _main
0x009C	0x3021      	MOVLW      33
0x009D	0x0084      	MOVWF      FSR
0x009E	0x3003      	MOVLW      3
0x009F	0x1283      	BCF        STATUS, 5
0x00A0	0x1303      	BCF        STATUS, 6
0x00A1	0x00F0      	MOVWF      R0
0x00A2	0x3098      	MOVLW      152
0x00A3	0x00A4      	MOVWF      ___DoICPAddr
0x00A4	0x3000      	MOVLW      0
0x00A5	0x00A5      	MOVWF      37
0x00A6	0x205F      	CALL       95
0x00A7	0x0008      	RETURN
;EXT_INT.c,0 :: ?ICSEXT_INT_INT0_CallBackPtr
0x0098	0x3400 ;?ICSEXT_INT_INT0_CallBackPtr+0
0x0099	0x3400 ;?ICSEXT_INT_INT0_CallBackPtr+1
0x009A	0x3400 ;?ICSEXT_INT_INT0_CallBackPtr+2
; end of ?ICSEXT_INT_INT0_CallBackPtr
Symbol List:
//** Routines locations **
//ADDRESS    SIZE    PROCEDURE
//----------------------------------------------
0x0004      [55]    _interrupt
0x003B       [5]    _LED_Toggle
0x0040       [7]    _____DoICP
0x0047      [12]    _EXT_INT0_SetEdge
0x0053       [2]    _EXT_INT0_Enable
0x0055      [10]    _EXT_INT0_SetCallback
0x005F      [12]    ___CC2DW
0x006B      [11]    _EXT_INT0_Init
0x0076       [6]    _LED_Init
0x007C       [2]    _My_App_Task
0x007E       [7]    _____DoIFC
0x0085      [13]    _main
//** Variables locations ** 
//ADDRESS    SIZE    VARIABLE
//----------------------------------------------
0x0000       [1]    INDF
0x0002       [1]    PCL
0x0003       [1]    STATUS
0x0004       [1]    FSR
0x0008       [1]    PORTD
0x000A       [1]    PCLATH
0x000B       [1]    INTCON
0x0021       [3]    EXT_INT_INT0_CallBackPtr
0x0024       [2]    ___DoICPAddr
0x0026       [1]    ___saveSTATUS
0x0027       [1]    ___savePCLATH
0x0028       [3]    FARG_EXT_INT0_SetCallback_ptr
0x002B       [1]    FARG_EXT_INT0_SetEdge_edge_type
0x0070       [1]    R0
0x0071       [1]    R1
0x0072       [1]    R2
0x0073       [1]    R3
0x0074       [1]    R4
0x0075       [1]    R5
0x0076       [1]    R6
0x0077       [1]    R7
0x0078       [1]    R8
0x0079       [1]    R9
0x007A       [1]    R10
0x007B       [1]    R11
0x007C       [1]    R12
0x007D       [1]    R13
0x007E       [1]    R14
0x007F       [1]    R15
0x0081       [1]    OPTION_REG
0x0086       [1]    TRISB
0x0088       [1]    TRISD
//** Constants locations ** 
//ADDRESS    SIZE    CONSTANT
//----------------------------------------------
0x0098       [3]    ?ICSEXT_INT_INT0_CallBackPtr
