;  LST file generated by mikroListExporter - v.2.0 
; Date/Time: 3/3/2026 10:02:42 PM
;----------------------------------------------

;Address Opcode 	ASM
0x0000	0x2845      	GOTO       69
_short_sequence:
;MyProject.c,1 :: 		void short_sequence() {
;MyProject.c,2 :: 		PORTB.B0 = 1;
0x0003	0x1283      	BCF        STATUS, 5
0x0004	0x1303      	BCF        STATUS, 6
0x0005	0x1406      	BSF        PORTB, 0
;MyProject.c,3 :: 		PORTB.B1 = 0;
0x0006	0x1086      	BCF        PORTB, 1
;MyProject.c,4 :: 		Delay_ms(200);
0x0007	0x3003      	MOVLW      3
0x0008	0x00FB      	MOVWF      R11
0x0009	0x3008      	MOVLW      8
0x000A	0x00FC      	MOVWF      R12
0x000B	0x3077      	MOVLW      119
0x000C	0x00FD      	MOVWF      R13
L_short_sequence0:
0x000D	0x0BFD      	DECFSZ     R13, 1
0x000E	0x280D      	GOTO       L_short_sequence0
0x000F	0x0BFC      	DECFSZ     R12, 1
0x0010	0x280D      	GOTO       L_short_sequence0
0x0011	0x0BFB      	DECFSZ     R11, 1
0x0012	0x280D      	GOTO       L_short_sequence0
;MyProject.c,5 :: 		PORTB.B0 = 0;
0x0013	0x1006      	BCF        PORTB, 0
;MyProject.c,6 :: 		PORTB.B1 = 1;
0x0014	0x1486      	BSF        PORTB, 1
;MyProject.c,7 :: 		Delay_ms(200);
0x0015	0x3003      	MOVLW      3
0x0016	0x00FB      	MOVWF      R11
0x0017	0x3008      	MOVLW      8
0x0018	0x00FC      	MOVWF      R12
0x0019	0x3077      	MOVLW      119
0x001A	0x00FD      	MOVWF      R13
L_short_sequence1:
0x001B	0x0BFD      	DECFSZ     R13, 1
0x001C	0x281B      	GOTO       L_short_sequence1
0x001D	0x0BFC      	DECFSZ     R12, 1
0x001E	0x281B      	GOTO       L_short_sequence1
0x001F	0x0BFB      	DECFSZ     R11, 1
0x0020	0x281B      	GOTO       L_short_sequence1
;MyProject.c,8 :: 		}
L_end_short_sequence:
0x0021	0x0008      	RETURN
; end of _short_sequence
_long_sequence:
;MyProject.c,10 :: 		void long_sequence() {
;MyProject.c,11 :: 		PORTB.B0 = 1;
0x0022	0x1283      	BCF        STATUS, 5
0x0023	0x1303      	BCF        STATUS, 6
0x0024	0x1406      	BSF        PORTB, 0
;MyProject.c,12 :: 		PORTB.B1 = 0;
0x0025	0x1086      	BCF        PORTB, 1
;MyProject.c,13 :: 		Delay_ms(500);
0x0026	0x3006      	MOVLW      6
0x0027	0x00FB      	MOVWF      R11
0x0028	0x3013      	MOVLW      19
0x0029	0x00FC      	MOVWF      R12
0x002A	0x30AD      	MOVLW      173
0x002B	0x00FD      	MOVWF      R13
L_long_sequence2:
0x002C	0x0BFD      	DECFSZ     R13, 1
0x002D	0x282C      	GOTO       L_long_sequence2
0x002E	0x0BFC      	DECFSZ     R12, 1
0x002F	0x282C      	GOTO       L_long_sequence2
0x0030	0x0BFB      	DECFSZ     R11, 1
0x0031	0x282C      	GOTO       L_long_sequence2
0x0032	0x0000      	NOP
0x0033	0x0000      	NOP
;MyProject.c,14 :: 		PORTB.B0 = 0;
0x0034	0x1006      	BCF        PORTB, 0
;MyProject.c,15 :: 		PORTB.B1 = 1;
0x0035	0x1486      	BSF        PORTB, 1
;MyProject.c,16 :: 		Delay_ms(500);
0x0036	0x3006      	MOVLW      6
0x0037	0x00FB      	MOVWF      R11
0x0038	0x3013      	MOVLW      19
0x0039	0x00FC      	MOVWF      R12
0x003A	0x30AD      	MOVLW      173
0x003B	0x00FD      	MOVWF      R13
L_long_sequence3:
0x003C	0x0BFD      	DECFSZ     R13, 1
0x003D	0x283C      	GOTO       L_long_sequence3
0x003E	0x0BFC      	DECFSZ     R12, 1
0x003F	0x283C      	GOTO       L_long_sequence3
0x0040	0x0BFB      	DECFSZ     R11, 1
0x0041	0x283C      	GOTO       L_long_sequence3
0x0042	0x0000      	NOP
0x0043	0x0000      	NOP
;MyProject.c,17 :: 		}
L_end_long_sequence:
0x0044	0x0008      	RETURN
; end of _long_sequence
_main:
;MyProject.c,19 :: 		void main() {
;MyProject.c,21 :: 		TRISB = 0x00;   // PORTB = output (LEDs)
0x0045	0x1683      	BSF        STATUS, 5
0x0046	0x1303      	BCF        STATUS, 6
0x0047	0x0186      	CLRF       TRISB
;MyProject.c,22 :: 		TRISD = 0xFF;   // PORTD = input (buttons)
0x0048	0x30FF      	MOVLW      255
0x0049	0x0088      	MOVWF      TRISD
;MyProject.c,24 :: 		PORTB = 0x00;   // LEDs off
0x004A	0x1283      	BCF        STATUS, 5
0x004B	0x0186      	CLRF       PORTB
;MyProject.c,26 :: 		while(1) {
L_main4:
;MyProject.c,28 :: 		if(PORTD.B0 == 1) {          // Button 1
0x004C	0x1C08      	BTFSS      PORTD, 0
0x004D	0x2850      	GOTO       L_main6
;MyProject.c,29 :: 		short_sequence();
0x004E	0x2003      	CALL       _short_sequence
;MyProject.c,30 :: 		}
0x004F	0x2856      	GOTO       L_main7
L_main6:
;MyProject.c,32 :: 		else if(PORTD.B1 == 1) {     // Button 2
0x0050	0x1C88      	BTFSS      PORTD, 1
0x0051	0x2854      	GOTO       L_main8
;MyProject.c,33 :: 		long_sequence();
0x0052	0x2022      	CALL       _long_sequence
;MyProject.c,34 :: 		}
0x0053	0x2856      	GOTO       L_main9
L_main8:
;MyProject.c,37 :: 		PORTB.B0 = 0;
0x0054	0x1006      	BCF        PORTB, 0
;MyProject.c,38 :: 		PORTB.B1 = 0;
0x0055	0x1086      	BCF        PORTB, 1
;MyProject.c,39 :: 		}
L_main9:
L_main7:
;MyProject.c,40 :: 		}
0x0056	0x284C      	GOTO       L_main4
;MyProject.c,41 :: 		}
L_end_main:
0x0057	0x2857      	GOTO       $+0
; end of _main
Symbol List:
//** Routines locations **
//ADDRESS    SIZE    PROCEDURE
//----------------------------------------------
0x0003      [31]    _short_sequence
0x0022      [35]    _long_sequence
0x0045      [19]    _main
//** Variables locations ** 
//ADDRESS    SIZE    VARIABLE
//----------------------------------------------
0x0000       [1]    INDF
0x0003       [1]    STATUS
0x0004       [1]    FSR
0x0006       [1]    PORTB
0x0008       [1]    PORTD
0x000A       [1]    PCLATH
0x0020       [2]    ___DoICPAddr
0x0070       [1]    R0
0x0071       [1]    R1
0x0072       [1]    R2
0x0073       [1]    R3
0x0074       [1]    R4
0x0075       [1]    R5
0x0076       [1]    R6
0x0077       [1]    R7
0x0078       [1]    R8
0x0079       [1]    R9
0x007A       [1]    R10
0x007B       [1]    R11
0x007C       [1]    R12
0x007D       [1]    R13
0x007E       [1]    R14
0x007F       [1]    R15
0x0086       [1]    TRISB
0x0088       [1]    TRISD
