;  LST file generated by mikroListExporter - v.2.0 
; Date/Time: 4/27/2026 12:36:09 PM
;----------------------------------------------

;Address Opcode 	ASM
0x0000	0x2924      	GOTO       292
_interrupt:
0x0004	0x00FF      	MOVWF      R15
0x0005	0x0E03      	SWAPF      STATUS, 0
0x0006	0x0183      	CLRF       STATUS
0x0007	0x00A5      	MOVWF      ___saveSTATUS
0x0008	0x080A      	MOVF       PCLATH, 0
0x0009	0x00A4      	MOVWF      ___savePCLATH
0x000A	0x018A      	CLRF       PCLATH
0x000B	0x0870      	MOVF       R0, 0
0x000C	0x00A1      	MOVWF      33
0x000D	0x0871      	MOVF       R1, 0
0x000E	0x00A0      	MOVWF      32
;main.c,24 :: 		void interrupt(void)
;main.c,27 :: 		if (GET_BIT(INTCON_REG, TMR0IF))
0x000F	0x080B      	MOVF       INTCON, 0
0x0010	0x00F1      	MOVWF      R1
0x0011	0x0CF1      	RRF        R1, 1
0x0012	0x13F1      	BCF        R1, 7
0x0013	0x0CF1      	RRF        R1, 1
0x0014	0x13F1      	BCF        R1, 7
0x0015	0x1C71      	BTFSS      R1, 0
0x0016	0x2828      	GOTO       L_interrupt0
;main.c,29 :: 		counter++;
0x0017	0x0AA2      	INCF       main_counter, 1
0x0018	0x1903      	BTFSC      STATUS, 2
0x0019	0x0AA3      	INCF       main_counter+1, 1
;main.c,30 :: 		if (counter >= 61)
0x001A	0x3000      	MOVLW      0
0x001B	0x0223      	SUBWF      main_counter+1, 0
0x001C	0x1D03      	BTFSS      STATUS, 2
0x001D	0x2820      	GOTO       L__interrupt5
0x001E	0x303D      	MOVLW      61
0x001F	0x0222      	SUBWF      main_counter, 0
L__interrupt5:
0x0020	0x1C03      	BTFSS      STATUS, 0
0x0021	0x2826      	GOTO       L_interrupt1
;main.c,32 :: 		TOG_BIT(PORTB_REG, 0);   /* Toggle RB0 LED */
0x0022	0x3001      	MOVLW      1
0x0023	0x0686      	XORWF      PORTB, 1
;main.c,33 :: 		counter = 0;
0x0024	0x01A2      	CLRF       main_counter
0x0025	0x01A3      	CLRF       main_counter+1
;main.c,34 :: 		}
L_interrupt1:
;main.c,35 :: 		CLR_BIT(INTCON_REG, TMR0IF);
0x0026	0x30FB      	MOVLW      251
0x0027	0x058B      	ANDWF      INTCON, 1
;main.c,36 :: 		}
L_interrupt0:
;main.c,39 :: 		if (GET_BIT(INTCON_REG, INTF))
0x0028	0x080B      	MOVF       INTCON, 0
0x0029	0x00F1      	MOVWF      R1
0x002A	0x0CF1      	RRF        R1, 1
0x002B	0x13F1      	BCF        R1, 7
0x002C	0x1C71      	BTFSS      R1, 0
0x002D	0x2832      	GOTO       L_interrupt2
;main.c,41 :: 		TOG_BIT(PORTB_REG, 1);       /* Toggle RB1 LED */
0x002E	0x3002      	MOVLW      2
0x002F	0x0686      	XORWF      PORTB, 1
;main.c,42 :: 		CLR_BIT(INTCON_REG, INTF);
0x0030	0x30FD      	MOVLW      253
0x0031	0x058B      	ANDWF      INTCON, 1
;main.c,43 :: 		}
L_interrupt2:
;main.c,44 :: 		}
L_end_interrupt:
L__interrupt4:
0x0032	0x0821      	MOVF       33, 0
0x0033	0x00F0      	MOVWF      R0
0x0034	0x0820      	MOVF       32, 0
0x0035	0x00F1      	MOVWF      R1
0x0036	0x0824      	MOVF       ___savePCLATH, 0
0x0037	0x008A      	MOVWF      PCLATH
0x0038	0x0E25      	SWAPF      ___saveSTATUS, 0
0x0039	0x0083      	MOVWF      STATUS
0x003A	0x0EFF      	SWAPF      R15, 1
0x003B	0x0E7F      	SWAPF      R15, 0
0x003C	0x0009      	RETFIE
; end of _interrupt
_____DoICP:
;__Lib_System.c,6 :: 		
;__Lib_System.c,9 :: 		
0x003D	0x1283      	BCF        STATUS, 5
0x003E	0x1303      	BCF        STATUS, 6
0x003F	0x0827      	MOVF       ___DoICPAddr+1, 0
0x0040	0x008A      	MOVWF      PCLATH
;__Lib_System.c,10 :: 		
0x0041	0x0826      	MOVF       ___DoICPAddr, 0
0x0042	0x0082      	MOVWF      PCL
;__Lib_System.c,12 :: 		
L_end_____DoICP:
0x0043	0x0008      	RETURN
; end of _____DoICP
_GPIO_WritePin:
;GPIO_program.c,43 :: 		void GPIO_WritePin(unsigned char port, unsigned char pin, unsigned char value)
;GPIO_program.c,45 :: 		if (value == HIGH)
0x0044	0x1283      	BCF        STATUS, 5
0x0045	0x1303      	BCF        STATUS, 6
0x0046	0x082A      	MOVF       FARG_GPIO_WritePin_value, 0
0x0047	0x3A01      	XORLW      1
0x0048	0x1D03      	BTFSS      STATUS, 2
0x0049	0x286F      	GOTO       L_GPIO_WritePin2
;GPIO_program.c,46 :: 		SET_BIT(PORT_REG(port), pin);
0x004A	0x0828      	MOVF       FARG_GPIO_WritePin_port, 0
0x004B	0x3E2A      	ADDLW      GPIO_program_port_regs
0x004C	0x00F0      	MOVWF      R0
0x004D	0x3001      	MOVLW      hi_addr(GPIO_program_port_regs)
0x004E	0x1803      	BTFSC      STATUS, 0
0x004F	0x3E01      	ADDLW      1
0x0050	0x00F1      	MOVWF      R0+1
0x0051	0x0870      	MOVF       R0, 0
0x0052	0x00A6      	MOVWF      ___DoICPAddr
0x0053	0x0871      	MOVF       R0+1, 0
0x0054	0x00A7      	MOVWF      ___DoICPAddr+1
0x0055	0x203D      	CALL       _____DoICP
0x0056	0x118A      	BCF        PCLATH, 3
0x0057	0x120A      	BCF        PCLATH, 4
0x0058	0x00F2      	MOVWF      R2
0x0059	0x0829      	MOVF       FARG_GPIO_WritePin_pin, 0
0x005A	0x00F0      	MOVWF      R0
0x005B	0x3001      	MOVLW      1
0x005C	0x00F1      	MOVWF      R1
0x005D	0x0870      	MOVF       R0, 0
L__GPIO_WritePin10:
0x005E	0x1903      	BTFSC      STATUS, 2
0x005F	0x2864      	GOTO       L__GPIO_WritePin11
0x0060	0x0DF1      	RLF        R1, 1
0x0061	0x1071      	BCF        R1, 0
0x0062	0x3EFF      	ADDLW      255
0x0063	0x285E      	GOTO       L__GPIO_WritePin10
L__GPIO_WritePin11:
0x0064	0x0872      	MOVF       R2, 0
0x0065	0x0084      	MOVWF      FSR
0x0066	0x0800      	MOVF       INDF, 0
0x0067	0x00F0      	MOVWF      R0
0x0068	0x0871      	MOVF       R1, 0
0x0069	0x04F0      	IORWF      R0, 1
0x006A	0x0872      	MOVF       R2, 0
0x006B	0x0084      	MOVWF      FSR
0x006C	0x0870      	MOVF       R0, 0
0x006D	0x0080      	MOVWF      INDF
0x006E	0x2895      	GOTO       L_GPIO_WritePin3
L_GPIO_WritePin2:
;GPIO_program.c,48 :: 		CLR_BIT(PORT_REG(port), pin);
0x006F	0x0828      	MOVF       FARG_GPIO_WritePin_port, 0
0x0070	0x3E2A      	ADDLW      GPIO_program_port_regs
0x0071	0x00F0      	MOVWF      R0
0x0072	0x3001      	MOVLW      hi_addr(GPIO_program_port_regs)
0x0073	0x1803      	BTFSC      STATUS, 0
0x0074	0x3E01      	ADDLW      1
0x0075	0x00F1      	MOVWF      R0+1
0x0076	0x0870      	MOVF       R0, 0
0x0077	0x00A6      	MOVWF      ___DoICPAddr
0x0078	0x0871      	MOVF       R0+1, 0
0x0079	0x00A7      	MOVWF      ___DoICPAddr+1
0x007A	0x203D      	CALL       _____DoICP
0x007B	0x118A      	BCF        PCLATH, 3
0x007C	0x120A      	BCF        PCLATH, 4
0x007D	0x00F2      	MOVWF      R2
0x007E	0x0829      	MOVF       FARG_GPIO_WritePin_pin, 0
0x007F	0x00F1      	MOVWF      R1
0x0080	0x3001      	MOVLW      1
0x0081	0x00F0      	MOVWF      R0
0x0082	0x0871      	MOVF       R1, 0
L__GPIO_WritePin12:
0x0083	0x1903      	BTFSC      STATUS, 2
0x0084	0x2889      	GOTO       L__GPIO_WritePin13
0x0085	0x0DF0      	RLF        R0, 1
0x0086	0x1070      	BCF        R0, 0
0x0087	0x3EFF      	ADDLW      255
0x0088	0x2883      	GOTO       L__GPIO_WritePin12
L__GPIO_WritePin13:
0x0089	0x0970      	COMF       R0, 0
0x008A	0x00F1      	MOVWF      R1
0x008B	0x0872      	MOVF       R2, 0
0x008C	0x0084      	MOVWF      FSR
0x008D	0x0800      	MOVF       INDF, 0
0x008E	0x00F0      	MOVWF      R0
0x008F	0x0871      	MOVF       R1, 0
0x0090	0x05F0      	ANDWF      R0, 1
0x0091	0x0872      	MOVF       R2, 0
0x0092	0x0084      	MOVWF      FSR
0x0093	0x0870      	MOVF       R0, 0
0x0094	0x0080      	MOVWF      INDF
L_GPIO_WritePin3:
;GPIO_program.c,49 :: 		}
L_end_GPIO_WritePin:
0x0095	0x0008      	RETURN
; end of _GPIO_WritePin
_GPIO_SetPinDirection:
;GPIO_program.c,34 :: 		void GPIO_SetPinDirection(unsigned char port, unsigned char pin, unsigned char direction)
;GPIO_program.c,36 :: 		if (direction == INPUT)
0x0096	0x1283      	BCF        STATUS, 5
0x0097	0x1303      	BCF        STATUS, 6
0x0098	0x082A      	MOVF       FARG_GPIO_SetPinDirection_direction, 0
0x0099	0x3A01      	XORLW      1
0x009A	0x1D03      	BTFSS      STATUS, 2
0x009B	0x28C1      	GOTO       L_GPIO_SetPinDirection0
;GPIO_program.c,37 :: 		SET_BIT(TRIS_REG(port), pin);
0x009C	0x0828      	MOVF       FARG_GPIO_SetPinDirection_port, 0
0x009D	0x3E2F      	ADDLW      GPIO_program_tris_regs
0x009E	0x00F0      	MOVWF      R0
0x009F	0x3001      	MOVLW      hi_addr(GPIO_program_tris_regs)
0x00A0	0x1803      	BTFSC      STATUS, 0
0x00A1	0x3E01      	ADDLW      1
0x00A2	0x00F1      	MOVWF      R0+1
0x00A3	0x0870      	MOVF       R0, 0
0x00A4	0x00A6      	MOVWF      ___DoICPAddr
0x00A5	0x0871      	MOVF       R0+1, 0
0x00A6	0x00A7      	MOVWF      ___DoICPAddr+1
0x00A7	0x203D      	CALL       _____DoICP
0x00A8	0x118A      	BCF        PCLATH, 3
0x00A9	0x120A      	BCF        PCLATH, 4
0x00AA	0x00F2      	MOVWF      R2
0x00AB	0x0829      	MOVF       FARG_GPIO_SetPinDirection_pin, 0
0x00AC	0x00F0      	MOVWF      R0
0x00AD	0x3001      	MOVLW      1
0x00AE	0x00F1      	MOVWF      R1
0x00AF	0x0870      	MOVF       R0, 0
L__GPIO_SetPinDirection5:
0x00B0	0x1903      	BTFSC      STATUS, 2
0x00B1	0x28B6      	GOTO       L__GPIO_SetPinDirection6
0x00B2	0x0DF1      	RLF        R1, 1
0x00B3	0x1071      	BCF        R1, 0
0x00B4	0x3EFF      	ADDLW      255
0x00B5	0x28B0      	GOTO       L__GPIO_SetPinDirection5
L__GPIO_SetPinDirection6:
0x00B6	0x0872      	MOVF       R2, 0
0x00B7	0x0084      	MOVWF      FSR
0x00B8	0x0800      	MOVF       INDF, 0
0x00B9	0x00F0      	MOVWF      R0
0x00BA	0x0871      	MOVF       R1, 0
0x00BB	0x04F0      	IORWF      R0, 1
0x00BC	0x0872      	MOVF       R2, 0
0x00BD	0x0084      	MOVWF      FSR
0x00BE	0x0870      	MOVF       R0, 0
0x00BF	0x0080      	MOVWF      INDF
0x00C0	0x28E7      	GOTO       L_GPIO_SetPinDirection1
L_GPIO_SetPinDirection0:
;GPIO_program.c,39 :: 		CLR_BIT(TRIS_REG(port), pin);
0x00C1	0x0828      	MOVF       FARG_GPIO_SetPinDirection_port, 0
0x00C2	0x3E2F      	ADDLW      GPIO_program_tris_regs
0x00C3	0x00F0      	MOVWF      R0
0x00C4	0x3001      	MOVLW      hi_addr(GPIO_program_tris_regs)
0x00C5	0x1803      	BTFSC      STATUS, 0
0x00C6	0x3E01      	ADDLW      1
0x00C7	0x00F1      	MOVWF      R0+1
0x00C8	0x0870      	MOVF       R0, 0
0x00C9	0x00A6      	MOVWF      ___DoICPAddr
0x00CA	0x0871      	MOVF       R0+1, 0
0x00CB	0x00A7      	MOVWF      ___DoICPAddr+1
0x00CC	0x203D      	CALL       _____DoICP
0x00CD	0x118A      	BCF        PCLATH, 3
0x00CE	0x120A      	BCF        PCLATH, 4
0x00CF	0x00F2      	MOVWF      R2
0x00D0	0x0829      	MOVF       FARG_GPIO_SetPinDirection_pin, 0
0x00D1	0x00F1      	MOVWF      R1
0x00D2	0x3001      	MOVLW      1
0x00D3	0x00F0      	MOVWF      R0
0x00D4	0x0871      	MOVF       R1, 0
L__GPIO_SetPinDirection7:
0x00D5	0x1903      	BTFSC      STATUS, 2
0x00D6	0x28DB      	GOTO       L__GPIO_SetPinDirection8
0x00D7	0x0DF0      	RLF        R0, 1
0x00D8	0x1070      	BCF        R0, 0
0x00D9	0x3EFF      	ADDLW      255
0x00DA	0x28D5      	GOTO       L__GPIO_SetPinDirection7
L__GPIO_SetPinDirection8:
0x00DB	0x0970      	COMF       R0, 0
0x00DC	0x00F1      	MOVWF      R1
0x00DD	0x0872      	MOVF       R2, 0
0x00DE	0x0084      	MOVWF      FSR
0x00DF	0x0800      	MOVF       INDF, 0
0x00E0	0x00F0      	MOVWF      R0
0x00E1	0x0871      	MOVF       R1, 0
0x00E2	0x05F0      	ANDWF      R0, 1
0x00E3	0x0872      	MOVF       R2, 0
0x00E4	0x0084      	MOVWF      FSR
0x00E5	0x0870      	MOVF       R0, 0
0x00E6	0x0080      	MOVWF      INDF
L_GPIO_SetPinDirection1:
;GPIO_program.c,40 :: 		}
L_end_GPIO_SetPinDirection:
0x00E7	0x0008      	RETURN
; end of _GPIO_SetPinDirection
_GPIO_Test:
;gpio_test.c,4 :: 		void GPIO_Test(void)
;gpio_test.c,6 :: 		GPIO_SetPinDirection(PORTB, PIN0, OUTPUT);
0x00E8	0x3001      	MOVLW      1
0x00E9	0x1283      	BCF        STATUS, 5
0x00EA	0x1303      	BCF        STATUS, 6
0x00EB	0x00A8      	MOVWF      FARG_GPIO_SetPinDirection_port
0x00EC	0x01A9      	CLRF       FARG_GPIO_SetPinDirection_pin
0x00ED	0x01AA      	CLRF       FARG_GPIO_SetPinDirection_direction
0x00EE	0x2096      	CALL       _GPIO_SetPinDirection
;gpio_test.c,8 :: 		while(1)
L_GPIO_Test0:
;gpio_test.c,10 :: 		GPIO_WritePin(PORTB, PIN0, HIGH);
0x00EF	0x3001      	MOVLW      1
0x00F0	0x00A8      	MOVWF      FARG_GPIO_WritePin_port
0x00F1	0x01A9      	CLRF       FARG_GPIO_WritePin_pin
0x00F2	0x3001      	MOVLW      1
0x00F3	0x00AA      	MOVWF      FARG_GPIO_WritePin_value
0x00F4	0x2044      	CALL       _GPIO_WritePin
;gpio_test.c,11 :: 		Delay_ms(500);
0x00F5	0x3006      	MOVLW      6
0x00F6	0x00FB      	MOVWF      R11
0x00F7	0x3013      	MOVLW      19
0x00F8	0x00FC      	MOVWF      R12
0x00F9	0x30AD      	MOVLW      173
0x00FA	0x00FD      	MOVWF      R13
L_GPIO_Test2:
0x00FB	0x0BFD      	DECFSZ     R13, 1
0x00FC	0x28FB      	GOTO       L_GPIO_Test2
0x00FD	0x0BFC      	DECFSZ     R12, 1
0x00FE	0x28FB      	GOTO       L_GPIO_Test2
0x00FF	0x0BFB      	DECFSZ     R11, 1
0x0100	0x28FB      	GOTO       L_GPIO_Test2
0x0101	0x0000      	NOP
0x0102	0x0000      	NOP
;gpio_test.c,13 :: 		GPIO_WritePin(PORTB, PIN0, LOW);
0x0103	0x3001      	MOVLW      1
0x0104	0x00A8      	MOVWF      FARG_GPIO_WritePin_port
0x0105	0x01A9      	CLRF       FARG_GPIO_WritePin_pin
0x0106	0x01AA      	CLRF       FARG_GPIO_WritePin_value
0x0107	0x2044      	CALL       _GPIO_WritePin
;gpio_test.c,14 :: 		Delay_ms(500);
0x0108	0x3006      	MOVLW      6
0x0109	0x00FB      	MOVWF      R11
0x010A	0x3013      	MOVLW      19
0x010B	0x00FC      	MOVWF      R12
0x010C	0x30AD      	MOVLW      173
0x010D	0x00FD      	MOVWF      R13
L_GPIO_Test3:
0x010E	0x0BFD      	DECFSZ     R13, 1
0x010F	0x290E      	GOTO       L_GPIO_Test3
0x0110	0x0BFC      	DECFSZ     R12, 1
0x0111	0x290E      	GOTO       L_GPIO_Test3
0x0112	0x0BFB      	DECFSZ     R11, 1
0x0113	0x290E      	GOTO       L_GPIO_Test3
0x0114	0x0000      	NOP
0x0115	0x0000      	NOP
;gpio_test.c,15 :: 		}
0x0116	0x28EF      	GOTO       L_GPIO_Test0
;gpio_test.c,16 :: 		}
L_end_GPIO_Test:
0x0117	0x0008      	RETURN
; end of _GPIO_Test
___CC2DW:
;__Lib_System.c,134 :: 		
;__Lib_System.c,137 :: 		
_CC2D_Loop1:
;__Lib_System.c,139 :: 		
0x0118	0x203D      	CALL       _____DoICP
0x0119	0x118A      	BCF        PCLATH, 3
0x011A	0x120A      	BCF        PCLATH, 4
;__Lib_System.c,141 :: 		
0x011B	0x0080      	MOVWF      INDF
;__Lib_System.c,142 :: 		
0x011C	0x0A84      	INCF       FSR, 1
;__Lib_System.c,143 :: 		
0x011D	0x0AA6      	INCF       ___DoICPAddr, 1
;__Lib_System.c,145 :: 		
0x011E	0x1903      	BTFSC      STATUS, 2
;__Lib_System.c,146 :: 		
0x011F	0x0AA7      	INCF       ___DoICPAddr+1, 1
;__Lib_System.c,147 :: 		
0x0120	0x03F0      	DECF       R0, 1
;__Lib_System.c,149 :: 		
0x0121	0x1D03      	BTFSS      STATUS, 2
;__Lib_System.c,150 :: 		
0x0122	0x2918      	GOTO       _CC2D_Loop1
;__Lib_System.c,152 :: 		
L_end___CC2DW:
0x0123	0x0008      	RETURN
; end of ___CC2DW
_main:
0x0124	0x1283      	BCF        STATUS, 5
0x0125	0x1303      	BCF        STATUS, 6
0x0126	0x01A2      	CLRF       main_counter
0x0127	0x01A3      	CLRF       35
;main.c,50 :: 		void main(void)
;main.c,52 :: 		GPIO_Test();
0x0128	0x20E8      	CALL       _GPIO_Test
;main.c,60 :: 		}
L_end_main:
0x0129	0x2929      	GOTO       $+0
; end of _main
;GPIO_program.c,24 :: GPIO_program_port_regs
0x012A	0x342F ;GPIO_program_port_regs+0
0x012B	0x342F ;GPIO_program_port_regs+1
0x012C	0x342F ;GPIO_program_port_regs+2
0x012D	0x342F ;GPIO_program_port_regs+3
0x012E	0x342F ;GPIO_program_port_regs+4
; end of GPIO_program_port_regs
;GPIO_program.c,15 :: GPIO_program_tris_regs
0x012F	0x342F ;GPIO_program_tris_regs+0
0x0130	0x342F ;GPIO_program_tris_regs+1
0x0131	0x342F ;GPIO_program_tris_regs+2
0x0132	0x342F ;GPIO_program_tris_regs+3
0x0133	0x342F ;GPIO_program_tris_regs+4
; end of GPIO_program_tris_regs
Symbol List:
//** Routines locations **
//ADDRESS    SIZE    PROCEDURE
//----------------------------------------------
0x0004      [57]    _interrupt
0x003D       [7]    _____DoICP
0x0044      [82]    _GPIO_WritePin
0x0096      [82]    _GPIO_SetPinDirection
0x00E8      [48]    _GPIO_Test
0x0118      [12]    ___CC2DW
0x0124       [6]    _main
//** Variables locations ** 
//ADDRESS    SIZE    VARIABLE
//----------------------------------------------
0x0000       [1]    INDF
0x0002       [1]    PCL
0x0003       [1]    STATUS
0x0004       [1]    FSR
0x000A       [1]    PCLATH
0x0022       [2]    main_counter
0x0024       [1]    ___savePCLATH
0x0025       [1]    ___saveSTATUS
0x0026       [2]    ___DoICPAddr
0x0028       [1]    FARG_GPIO_WritePin_port
0x0028       [1]    FARG_GPIO_SetPinDirection_port
0x0029       [1]    FARG_GPIO_SetPinDirection_pin
0x0029       [1]    FARG_GPIO_WritePin_pin
0x002A       [1]    FARG_GPIO_SetPinDirection_direction
0x002A       [1]    FARG_GPIO_WritePin_value
0x0070       [1]    R0
0x0071       [1]    R1
0x0072       [1]    R2
0x0073       [1]    R3
0x0074       [1]    R4
0x0075       [1]    R5
0x0076       [1]    R6
0x0077       [1]    R7
0x0078       [1]    R8
0x0079       [1]    R9
0x007A       [1]    R10
0x007B       [1]    R11
0x007C       [1]    R12
0x007D       [1]    R13
0x007E       [1]    R14
0x007F       [1]    R15
//** Constants locations ** 
//ADDRESS    SIZE    CONSTANT
//----------------------------------------------
0x012A       [5]    GPIO_program_port_regs
0x012F       [5]    GPIO_program_tris_regs
