;  LST file generated by mikroListExporter - v.2.0 
; Date/Time: 3/11/2026 12:12:56 PM
;----------------------------------------------

;Opcode 	ASM
0x2ABD      	GOTO       701
_interrupt:
0x00FF      	MOVWF      R15
0x0E03      	SWAPF      STATUS, 0
0x0183      	CLRF       STATUS
0x00A9      	MOVWF      ___saveSTATUS
0x080A      	MOVF       PCLATH, 0
0x00AA      	MOVWF      ___savePCLATH
0x018A      	CLRF       PCLATH
0x0870      	MOVF       R0, 0
0x00A1      	MOVWF      33
0x0871      	MOVF       R1, 0
0x00A0      	MOVWF      32
;TIMER.c,69 :: 		void interrupt(){
;TIMER.c,70 :: 		if(GET_BIT(INTCON,2)==1){
0x080B      	MOVF       INTCON, 0
0x00F0      	MOVWF      R0
0x0CF0      	RRF        R0, 1
0x13F0      	BCF        R0, 7
0x0CF0      	RRF        R0, 1
0x13F0      	BCF        R0, 7
0x3001      	MOVLW      1
0x0570      	ANDWF      R0, 0
0x00F1      	MOVWF      R1
0x0871      	MOVF       R1, 0
0x3A01      	XORLW      1
0x1D03      	BTFSS      STATUS, 2
0x282A      	GOTO       L_interrupt0
;TIMER.c,71 :: 		CLR_BIT(INTCON,2);
0x30FB      	MOVLW      251
0x058B      	ANDWF      INTCON, 1
;TIMER.c,72 :: 		if(TMR0_Callback){
0x0822      	MOVF       TIMER_TMR0_Callback, 0
0x0423      	IORWF      TIMER_TMR0_Callback+1, 0
0x0424      	IORWF      TIMER_TMR0_Callback+2, 0
0x1903      	BTFSC      STATUS, 2
0x282A      	GOTO       L_interrupt1
;TIMER.c,73 :: 		TMR0_Callback();
0x0822      	MOVF       TIMER_TMR0_Callback, 0
0x00A7      	MOVWF      ___DoICPAddr
0x0823      	MOVF       TIMER_TMR0_Callback+1, 0
0x00A8      	MOVWF      ___DoICPAddr+1
0x228A      	CALL       _____DoIFC
0x118A      	BCF        PCLATH, 3
0x120A      	BCF        PCLATH, 4
;TIMER.c,75 :: 		}
L_interrupt1:
;TIMER.c,77 :: 		}
L_interrupt0:
;TIMER.c,79 :: 		}
L_end_interrupt:
L__interrupt12:
0x1283      	BCF        STATUS, 5
0x1303      	BCF        STATUS, 6
0x0821      	MOVF       33, 0
0x00F0      	MOVWF      R0
0x0820      	MOVF       32, 0
0x00F1      	MOVWF      R1
0x082A      	MOVF       ___savePCLATH, 0
0x008A      	MOVWF      PCLATH
0x0E29      	SWAPF      ___saveSTATUS, 0
0x0083      	MOVWF      STATUS
0x0EFF      	SWAPF      R15, 1
0x0E7F      	SWAPF      R15, 0
0x0009      	RETFIE
; end of _interrupt
_GPIO_SetPinValue:
;GPIO.c,53 :: 		void GPIO_SetPinValue(u8 Port, u8 Pin, u8 Value)
;GPIO.c,55 :: 		switch(Port)
0x28E0      	GOTO       L_GPIO_SetPinValue18
;GPIO.c,57 :: 		case GPIO_PORTA:
L_GPIO_SetPinValue20:
;GPIO.c,58 :: 		if(Value == GPIO_HIGH)
0x1283      	BCF        STATUS, 5
0x1303      	BCF        STATUS, 6
0x0835      	MOVF       FARG_GPIO_SetPinValue_Value, 0
0x3A01      	XORLW      1
0x1D03      	BTFSS      STATUS, 2
0x284C      	GOTO       L_GPIO_SetPinValue21
;GPIO.c,59 :: 		SET_BIT(PORTA, Pin);
0x0834      	MOVF       FARG_GPIO_SetPinValue_Pin, 0
0x00F1      	MOVWF      R1
0x3001      	MOVLW      1
0x00F0      	MOVWF      R0
0x0871      	MOVF       R1, 0
L__GPIO_SetPinValue66:
0x1903      	BTFSC      STATUS, 2
0x2849      	GOTO       L__GPIO_SetPinValue67
0x0DF0      	RLF        R0, 1
0x1070      	BCF        R0, 0
0x3EFF      	ADDLW      255
0x2843      	GOTO       L__GPIO_SetPinValue66
L__GPIO_SetPinValue67:
0x0870      	MOVF       R0, 0
0x0485      	IORWF      PORTA, 1
0x285A      	GOTO       L_GPIO_SetPinValue22
L_GPIO_SetPinValue21:
;GPIO.c,61 :: 		CLR_BIT(PORTA, Pin);
0x0834      	MOVF       FARG_GPIO_SetPinValue_Pin, 0
0x00F1      	MOVWF      R1
0x3001      	MOVLW      1
0x00F0      	MOVWF      R0
0x0871      	MOVF       R1, 0
L__GPIO_SetPinValue68:
0x1903      	BTFSC      STATUS, 2
0x2857      	GOTO       L__GPIO_SetPinValue69
0x0DF0      	RLF        R0, 1
0x1070      	BCF        R0, 0
0x3EFF      	ADDLW      255
0x2851      	GOTO       L__GPIO_SetPinValue68
L__GPIO_SetPinValue69:
0x09F0      	COMF       R0, 1
0x0870      	MOVF       R0, 0
0x0585      	ANDWF      PORTA, 1
L_GPIO_SetPinValue22:
;GPIO.c,62 :: 		break;
0x28F7      	GOTO       L_GPIO_SetPinValue19
;GPIO.c,64 :: 		case GPIO_PORTB:
L_GPIO_SetPinValue23:
;GPIO.c,65 :: 		if(Value == GPIO_HIGH)
0x0835      	MOVF       FARG_GPIO_SetPinValue_Value, 0
0x3A01      	XORLW      1
0x1D03      	BTFSS      STATUS, 2
0x286D      	GOTO       L_GPIO_SetPinValue24
;GPIO.c,66 :: 		SET_BIT(PORTB, Pin);
0x0834      	MOVF       FARG_GPIO_SetPinValue_Pin, 0
0x00F1      	MOVWF      R1
0x3001      	MOVLW      1
0x00F0      	MOVWF      R0
0x0871      	MOVF       R1, 0
L__GPIO_SetPinValue70:
0x1903      	BTFSC      STATUS, 2
0x286A      	GOTO       L__GPIO_SetPinValue71
0x0DF0      	RLF        R0, 1
0x1070      	BCF        R0, 0
0x3EFF      	ADDLW      255
0x2864      	GOTO       L__GPIO_SetPinValue70
L__GPIO_SetPinValue71:
0x0870      	MOVF       R0, 0
0x0486      	IORWF      PORTB, 1
0x287B      	GOTO       L_GPIO_SetPinValue25
L_GPIO_SetPinValue24:
;GPIO.c,68 :: 		CLR_BIT(PORTB, Pin);
0x0834      	MOVF       FARG_GPIO_SetPinValue_Pin, 0
0x00F1      	MOVWF      R1
0x3001      	MOVLW      1
0x00F0      	MOVWF      R0
0x0871      	MOVF       R1, 0
L__GPIO_SetPinValue72:
0x1903      	BTFSC      STATUS, 2
0x2878      	GOTO       L__GPIO_SetPinValue73
0x0DF0      	RLF        R0, 1
0x1070      	BCF        R0, 0
0x3EFF      	ADDLW      255
0x2872      	GOTO       L__GPIO_SetPinValue72
L__GPIO_SetPinValue73:
0x09F0      	COMF       R0, 1
0x0870      	MOVF       R0, 0
0x0586      	ANDWF      PORTB, 1
L_GPIO_SetPinValue25:
;GPIO.c,69 :: 		break;
0x28F7      	GOTO       L_GPIO_SetPinValue19
;GPIO.c,71 :: 		case GPIO_PORTC:
L_GPIO_SetPinValue26:
;GPIO.c,72 :: 		if(Value == GPIO_HIGH)
0x0835      	MOVF       FARG_GPIO_SetPinValue_Value, 0
0x3A01      	XORLW      1
0x1D03      	BTFSS      STATUS, 2
0x288E      	GOTO       L_GPIO_SetPinValue27
;GPIO.c,73 :: 		SET_BIT(PORTC, Pin);
0x0834      	MOVF       FARG_GPIO_SetPinValue_Pin, 0
0x00F1      	MOVWF      R1
0x3001      	MOVLW      1
0x00F0      	MOVWF      R0
0x0871      	MOVF       R1, 0
L__GPIO_SetPinValue74:
0x1903      	BTFSC      STATUS, 2
0x288B      	GOTO       L__GPIO_SetPinValue75
0x0DF0      	RLF        R0, 1
0x1070      	BCF        R0, 0
0x3EFF      	ADDLW      255
0x2885      	GOTO       L__GPIO_SetPinValue74
L__GPIO_SetPinValue75:
0x0870      	MOVF       R0, 0
0x0487      	IORWF      PORTC, 1
0x289C      	GOTO       L_GPIO_SetPinValue28
L_GPIO_SetPinValue27:
;GPIO.c,75 :: 		CLR_BIT(PORTC, Pin);
0x0834      	MOVF       FARG_GPIO_SetPinValue_Pin, 0
0x00F1      	MOVWF      R1
0x3001      	MOVLW      1
0x00F0      	MOVWF      R0
0x0871      	MOVF       R1, 0
L__GPIO_SetPinValue76:
0x1903      	BTFSC      STATUS, 2
0x2899      	GOTO       L__GPIO_SetPinValue77
0x0DF0      	RLF        R0, 1
0x1070      	BCF        R0, 0
0x3EFF      	ADDLW      255
0x2893      	GOTO       L__GPIO_SetPinValue76
L__GPIO_SetPinValue77:
0x09F0      	COMF       R0, 1
0x0870      	MOVF       R0, 0
0x0587      	ANDWF      PORTC, 1
L_GPIO_SetPinValue28:
;GPIO.c,76 :: 		break;
0x28F7      	GOTO       L_GPIO_SetPinValue19
;GPIO.c,78 :: 		case GPIO_PORTD:
L_GPIO_SetPinValue29:
;GPIO.c,79 :: 		if(Value == GPIO_HIGH)
0x0835      	MOVF       FARG_GPIO_SetPinValue_Value, 0
0x3A01      	XORLW      1
0x1D03      	BTFSS      STATUS, 2
0x28AF      	GOTO       L_GPIO_SetPinValue30
;GPIO.c,80 :: 		SET_BIT(PORTD, Pin);
0x0834      	MOVF       FARG_GPIO_SetPinValue_Pin, 0
0x00F1      	MOVWF      R1
0x3001      	MOVLW      1
0x00F0      	MOVWF      R0
0x0871      	MOVF       R1, 0
L__GPIO_SetPinValue78:
0x1903      	BTFSC      STATUS, 2
0x28AC      	GOTO       L__GPIO_SetPinValue79
0x0DF0      	RLF        R0, 1
0x1070      	BCF        R0, 0
0x3EFF      	ADDLW      255
0x28A6      	GOTO       L__GPIO_SetPinValue78
L__GPIO_SetPinValue79:
0x0870      	MOVF       R0, 0
0x0488      	IORWF      PORTD, 1
0x28BD      	GOTO       L_GPIO_SetPinValue31
L_GPIO_SetPinValue30:
;GPIO.c,82 :: 		CLR_BIT(PORTD, Pin);
0x0834      	MOVF       FARG_GPIO_SetPinValue_Pin, 0
0x00F1      	MOVWF      R1
0x3001      	MOVLW      1
0x00F0      	MOVWF      R0
0x0871      	MOVF       R1, 0
L__GPIO_SetPinValue80:
0x1903      	BTFSC      STATUS, 2
0x28BA      	GOTO       L__GPIO_SetPinValue81
0x0DF0      	RLF        R0, 1
0x1070      	BCF        R0, 0
0x3EFF      	ADDLW      255
0x28B4      	GOTO       L__GPIO_SetPinValue80
L__GPIO_SetPinValue81:
0x09F0      	COMF       R0, 1
0x0870      	MOVF       R0, 0
0x0588      	ANDWF      PORTD, 1
L_GPIO_SetPinValue31:
;GPIO.c,83 :: 		break;
0x28F7      	GOTO       L_GPIO_SetPinValue19
;GPIO.c,85 :: 		case GPIO_PORTE:
L_GPIO_SetPinValue32:
;GPIO.c,86 :: 		if(Value == GPIO_HIGH)
0x0835      	MOVF       FARG_GPIO_SetPinValue_Value, 0
0x3A01      	XORLW      1
0x1D03      	BTFSS      STATUS, 2
0x28D0      	GOTO       L_GPIO_SetPinValue33
;GPIO.c,87 :: 		SET_BIT(PORTE, Pin);
0x0834      	MOVF       FARG_GPIO_SetPinValue_Pin, 0
0x00F1      	MOVWF      R1
0x3001      	MOVLW      1
0x00F0      	MOVWF      R0
0x0871      	MOVF       R1, 0
L__GPIO_SetPinValue82:
0x1903      	BTFSC      STATUS, 2
0x28CD      	GOTO       L__GPIO_SetPinValue83
0x0DF0      	RLF        R0, 1
0x1070      	BCF        R0, 0
0x3EFF      	ADDLW      255
0x28C7      	GOTO       L__GPIO_SetPinValue82
L__GPIO_SetPinValue83:
0x0870      	MOVF       R0, 0
0x0489      	IORWF      PORTE, 1
0x28DE      	GOTO       L_GPIO_SetPinValue34
L_GPIO_SetPinValue33:
;GPIO.c,89 :: 		CLR_BIT(PORTE, Pin);
0x0834      	MOVF       FARG_GPIO_SetPinValue_Pin, 0
0x00F1      	MOVWF      R1
0x3001      	MOVLW      1
0x00F0      	MOVWF      R0
0x0871      	MOVF       R1, 0
L__GPIO_SetPinValue84:
0x1903      	BTFSC      STATUS, 2
0x28DB      	GOTO       L__GPIO_SetPinValue85
0x0DF0      	RLF        R0, 1
0x1070      	BCF        R0, 0
0x3EFF      	ADDLW      255
0x28D5      	GOTO       L__GPIO_SetPinValue84
L__GPIO_SetPinValue85:
0x09F0      	COMF       R0, 1
0x0870      	MOVF       R0, 0
0x0589      	ANDWF      PORTE, 1
L_GPIO_SetPinValue34:
;GPIO.c,90 :: 		break;
0x28F7      	GOTO       L_GPIO_SetPinValue19
;GPIO.c,92 :: 		default:
L_GPIO_SetPinValue35:
;GPIO.c,93 :: 		break;
0x28F7      	GOTO       L_GPIO_SetPinValue19
;GPIO.c,94 :: 		}
L_GPIO_SetPinValue18:
0x1283      	BCF        STATUS, 5
0x1303      	BCF        STATUS, 6
0x0833      	MOVF       FARG_GPIO_SetPinValue_Port, 0
0x3A00      	XORLW      0
0x1903      	BTFSC      STATUS, 2
0x2838      	GOTO       L_GPIO_SetPinValue20
0x0833      	MOVF       FARG_GPIO_SetPinValue_Port, 0
0x3A01      	XORLW      1
0x1903      	BTFSC      STATUS, 2
0x285B      	GOTO       L_GPIO_SetPinValue23
0x0833      	MOVF       FARG_GPIO_SetPinValue_Port, 0
0x3A02      	XORLW      2
0x1903      	BTFSC      STATUS, 2
0x287C      	GOTO       L_GPIO_SetPinValue26
0x0833      	MOVF       FARG_GPIO_SetPinValue_Port, 0
0x3A03      	XORLW      3
0x1903      	BTFSC      STATUS, 2
0x289D      	GOTO       L_GPIO_SetPinValue29
0x0833      	MOVF       FARG_GPIO_SetPinValue_Port, 0
0x3A04      	XORLW      4
0x1903      	BTFSC      STATUS, 2
0x28BE      	GOTO       L_GPIO_SetPinValue32
0x28DF      	GOTO       L_GPIO_SetPinValue35
L_GPIO_SetPinValue19:
;GPIO.c,95 :: 		}
L_end_GPIO_SetPinValue:
0x0008      	RETURN
; end of _GPIO_SetPinValue
_GPIO_GetPinValue:
;GPIO.c,98 :: 		u8 GPIO_GetPinValue(u8 Port, u8 Pin)
;GPIO.c,100 :: 		u8 Local_Value = 0;
0x1283      	BCF        STATUS, 5
0x1303      	BCF        STATUS, 6
0x01B5      	CLRF       GPIO_GetPinValue_Local_Value_L0
;GPIO.c,102 :: 		switch(Port)
0x2943      	GOTO       L_GPIO_GetPinValue36
;GPIO.c,104 :: 		case GPIO_PORTA:
L_GPIO_GetPinValue38:
;GPIO.c,105 :: 		Local_Value = GET_BIT(PORTA, Pin);
0x0834      	MOVF       FARG_GPIO_GetPinValue_Pin, 0
0x00F0      	MOVWF      R0
0x0805      	MOVF       PORTA, 0
0x00B5      	MOVWF      GPIO_GetPinValue_Local_Value_L0
0x0870      	MOVF       R0, 0
L__GPIO_GetPinValue87:
0x1903      	BTFSC      STATUS, 2
0x2907      	GOTO       L__GPIO_GetPinValue88
0x0CB5      	RRF        GPIO_GetPinValue_Local_Value_L0, 1
0x13B5      	BCF        GPIO_GetPinValue_Local_Value_L0, 7
0x3EFF      	ADDLW      255
0x2901      	GOTO       L__GPIO_GetPinValue87
L__GPIO_GetPinValue88:
0x3001      	MOVLW      1
0x05B5      	ANDWF      GPIO_GetPinValue_Local_Value_L0, 1
;GPIO.c,106 :: 		break;
0x2958      	GOTO       L_GPIO_GetPinValue37
;GPIO.c,108 :: 		case GPIO_PORTB:
L_GPIO_GetPinValue39:
;GPIO.c,109 :: 		Local_Value = GET_BIT(PORTB, Pin);
0x0834      	MOVF       FARG_GPIO_GetPinValue_Pin, 0
0x00F0      	MOVWF      R0
0x0806      	MOVF       PORTB, 0
0x00B5      	MOVWF      GPIO_GetPinValue_Local_Value_L0
0x0870      	MOVF       R0, 0
L__GPIO_GetPinValue89:
0x1903      	BTFSC      STATUS, 2
0x2915      	GOTO       L__GPIO_GetPinValue90
0x0CB5      	RRF        GPIO_GetPinValue_Local_Value_L0, 1
0x13B5      	BCF        GPIO_GetPinValue_Local_Value_L0, 7
0x3EFF      	ADDLW      255
0x290F      	GOTO       L__GPIO_GetPinValue89
L__GPIO_GetPinValue90:
0x3001      	MOVLW      1
0x05B5      	ANDWF      GPIO_GetPinValue_Local_Value_L0, 1
;GPIO.c,110 :: 		break;
0x2958      	GOTO       L_GPIO_GetPinValue37
;GPIO.c,112 :: 		case GPIO_PORTC:
L_GPIO_GetPinValue40:
;GPIO.c,113 :: 		Local_Value = GET_BIT(PORTC, Pin);
0x0834      	MOVF       FARG_GPIO_GetPinValue_Pin, 0
0x00F0      	MOVWF      R0
0x0807      	MOVF       PORTC, 0
0x00B5      	MOVWF      GPIO_GetPinValue_Local_Value_L0
0x0870      	MOVF       R0, 0
L__GPIO_GetPinValue91:
0x1903      	BTFSC      STATUS, 2
0x2923      	GOTO       L__GPIO_GetPinValue92
0x0CB5      	RRF        GPIO_GetPinValue_Local_Value_L0, 1
0x13B5      	BCF        GPIO_GetPinValue_Local_Value_L0, 7
0x3EFF      	ADDLW      255
0x291D      	GOTO       L__GPIO_GetPinValue91
L__GPIO_GetPinValue92:
0x3001      	MOVLW      1
0x05B5      	ANDWF      GPIO_GetPinValue_Local_Value_L0, 1
;GPIO.c,114 :: 		break;
0x2958      	GOTO       L_GPIO_GetPinValue37
;GPIO.c,116 :: 		case GPIO_PORTD:
L_GPIO_GetPinValue41:
;GPIO.c,117 :: 		Local_Value = GET_BIT(PORTD, Pin);
0x0834      	MOVF       FARG_GPIO_GetPinValue_Pin, 0
0x00F0      	MOVWF      R0
0x0808      	MOVF       PORTD, 0
0x00B5      	MOVWF      GPIO_GetPinValue_Local_Value_L0
0x0870      	MOVF       R0, 0
L__GPIO_GetPinValue93:
0x1903      	BTFSC      STATUS, 2
0x2931      	GOTO       L__GPIO_GetPinValue94
0x0CB5      	RRF        GPIO_GetPinValue_Local_Value_L0, 1
0x13B5      	BCF        GPIO_GetPinValue_Local_Value_L0, 7
0x3EFF      	ADDLW      255
0x292B      	GOTO       L__GPIO_GetPinValue93
L__GPIO_GetPinValue94:
0x3001      	MOVLW      1
0x05B5      	ANDWF      GPIO_GetPinValue_Local_Value_L0, 1
;GPIO.c,118 :: 		break;
0x2958      	GOTO       L_GPIO_GetPinValue37
;GPIO.c,120 :: 		case GPIO_PORTE:
L_GPIO_GetPinValue42:
;GPIO.c,121 :: 		Local_Value = GET_BIT(PORTE, Pin);
0x0834      	MOVF       FARG_GPIO_GetPinValue_Pin, 0
0x00F0      	MOVWF      R0
0x0809      	MOVF       PORTE, 0
0x00B5      	MOVWF      GPIO_GetPinValue_Local_Value_L0
0x0870      	MOVF       R0, 0
L__GPIO_GetPinValue95:
0x1903      	BTFSC      STATUS, 2
0x293F      	GOTO       L__GPIO_GetPinValue96
0x0CB5      	RRF        GPIO_GetPinValue_Local_Value_L0, 1
0x13B5      	BCF        GPIO_GetPinValue_Local_Value_L0, 7
0x3EFF      	ADDLW      255
0x2939      	GOTO       L__GPIO_GetPinValue95
L__GPIO_GetPinValue96:
0x3001      	MOVLW      1
0x05B5      	ANDWF      GPIO_GetPinValue_Local_Value_L0, 1
;GPIO.c,122 :: 		break;
0x2958      	GOTO       L_GPIO_GetPinValue37
;GPIO.c,124 :: 		default:
L_GPIO_GetPinValue43:
;GPIO.c,125 :: 		break;
0x2958      	GOTO       L_GPIO_GetPinValue37
;GPIO.c,126 :: 		}
L_GPIO_GetPinValue36:
0x0833      	MOVF       FARG_GPIO_GetPinValue_Port, 0
0x3A00      	XORLW      0
0x1903      	BTFSC      STATUS, 2
0x28FC      	GOTO       L_GPIO_GetPinValue38
0x0833      	MOVF       FARG_GPIO_GetPinValue_Port, 0
0x3A01      	XORLW      1
0x1903      	BTFSC      STATUS, 2
0x290A      	GOTO       L_GPIO_GetPinValue39
0x0833      	MOVF       FARG_GPIO_GetPinValue_Port, 0
0x3A02      	XORLW      2
0x1903      	BTFSC      STATUS, 2
0x2918      	GOTO       L_GPIO_GetPinValue40
0x0833      	MOVF       FARG_GPIO_GetPinValue_Port, 0
0x3A03      	XORLW      3
0x1903      	BTFSC      STATUS, 2
0x2926      	GOTO       L_GPIO_GetPinValue41
0x0833      	MOVF       FARG_GPIO_GetPinValue_Port, 0
0x3A04      	XORLW      4
0x1903      	BTFSC      STATUS, 2
0x2934      	GOTO       L_GPIO_GetPinValue42
0x2942      	GOTO       L_GPIO_GetPinValue43
L_GPIO_GetPinValue37:
;GPIO.c,128 :: 		return Local_Value;
0x0835      	MOVF       GPIO_GetPinValue_Local_Value_L0, 0
0x00F0      	MOVWF      R0
;GPIO.c,129 :: 		}
L_end_GPIO_GetPinValue:
0x0008      	RETURN
; end of _GPIO_GetPinValue
_Timer0_Reset:
;TIMER.c,27 :: 		void Timer0_Reset(){
;TIMER.c,28 :: 		TMR0=0;
0x1283      	BCF        STATUS, 5
0x1303      	BCF        STATUS, 6
0x0181      	CLRF       TMR0
;TIMER.c,30 :: 		}
L_end_Timer0_Reset:
0x0008      	RETURN
; end of _Timer0_Reset
_GPIO_SetPinDirection:
;GPIO.c,8 :: 		void GPIO_SetPinDirection(u8 Port, u8 Pin, u8 Direction)
;GPIO.c,10 :: 		switch(Port)
0x2A1B      	GOTO       L_GPIO_SetPinDirection0
;GPIO.c,12 :: 		case GPIO_PORTA:
L_GPIO_SetPinDirection2:
;GPIO.c,13 :: 		if(Direction == GPIO_OUTPUT)
0x1283      	BCF        STATUS, 5
0x1303      	BCF        STATUS, 6
0x0830      	MOVF       FARG_GPIO_SetPinDirection_Direction, 0
0x3A00      	XORLW      0
0x1D03      	BTFSS      STATUS, 2
0x2976      	GOTO       L_GPIO_SetPinDirection3
;GPIO.c,14 :: 		CLR_BIT(TRISA, Pin);
0x082F      	MOVF       FARG_GPIO_SetPinDirection_Pin, 0
0x00F1      	MOVWF      R1
0x3001      	MOVLW      1
0x00F0      	MOVWF      R0
0x0871      	MOVF       R1, 0
L__GPIO_SetPinDirection45:
0x1903      	BTFSC      STATUS, 2
0x2971      	GOTO       L__GPIO_SetPinDirection46
0x0DF0      	RLF        R0, 1
0x1070      	BCF        R0, 0
0x3EFF      	ADDLW      255
0x296B      	GOTO       L__GPIO_SetPinDirection45
L__GPIO_SetPinDirection46:
0x09F0      	COMF       R0, 1
0x0870      	MOVF       R0, 0
0x1683      	BSF        STATUS, 5
0x0585      	ANDWF      TRISA, 1
0x2985      	GOTO       L_GPIO_SetPinDirection4
L_GPIO_SetPinDirection3:
;GPIO.c,16 :: 		SET_BIT(TRISA, Pin);
0x1283      	BCF        STATUS, 5
0x082F      	MOVF       FARG_GPIO_SetPinDirection_Pin, 0
0x00F1      	MOVWF      R1
0x3001      	MOVLW      1
0x00F0      	MOVWF      R0
0x0871      	MOVF       R1, 0
L__GPIO_SetPinDirection47:
0x1903      	BTFSC      STATUS, 2
0x2982      	GOTO       L__GPIO_SetPinDirection48
0x0DF0      	RLF        R0, 1
0x1070      	BCF        R0, 0
0x3EFF      	ADDLW      255
0x297C      	GOTO       L__GPIO_SetPinDirection47
L__GPIO_SetPinDirection48:
0x0870      	MOVF       R0, 0
0x1683      	BSF        STATUS, 5
0x0485      	IORWF      TRISA, 1
L_GPIO_SetPinDirection4:
;GPIO.c,17 :: 		break;
0x2A32      	GOTO       L_GPIO_SetPinDirection1
;GPIO.c,19 :: 		case GPIO_PORTB:
L_GPIO_SetPinDirection5:
;GPIO.c,20 :: 		if(Direction == GPIO_OUTPUT)
0x1283      	BCF        STATUS, 5
0x0830      	MOVF       FARG_GPIO_SetPinDirection_Direction, 0
0x3A00      	XORLW      0
0x1D03      	BTFSS      STATUS, 2
0x299B      	GOTO       L_GPIO_SetPinDirection6
;GPIO.c,21 :: 		CLR_BIT(TRISB, Pin);
0x082F      	MOVF       FARG_GPIO_SetPinDirection_Pin, 0
0x00F1      	MOVWF      R1
0x3001      	MOVLW      1
0x00F0      	MOVWF      R0
0x0871      	MOVF       R1, 0
L__GPIO_SetPinDirection49:
0x1903      	BTFSC      STATUS, 2
0x2996      	GOTO       L__GPIO_SetPinDirection50
0x0DF0      	RLF        R0, 1
0x1070      	BCF        R0, 0
0x3EFF      	ADDLW      255
0x2990      	GOTO       L__GPIO_SetPinDirection49
L__GPIO_SetPinDirection50:
0x09F0      	COMF       R0, 1
0x0870      	MOVF       R0, 0
0x1683      	BSF        STATUS, 5
0x0586      	ANDWF      TRISB, 1
0x29AA      	GOTO       L_GPIO_SetPinDirection7
L_GPIO_SetPinDirection6:
;GPIO.c,23 :: 		SET_BIT(TRISB, Pin);
0x1283      	BCF        STATUS, 5
0x082F      	MOVF       FARG_GPIO_SetPinDirection_Pin, 0
0x00F1      	MOVWF      R1
0x3001      	MOVLW      1
0x00F0      	MOVWF      R0
0x0871      	MOVF       R1, 0
L__GPIO_SetPinDirection51:
0x1903      	BTFSC      STATUS, 2
0x29A7      	GOTO       L__GPIO_SetPinDirection52
0x0DF0      	RLF        R0, 1
0x1070      	BCF        R0, 0
0x3EFF      	ADDLW      255
0x29A1      	GOTO       L__GPIO_SetPinDirection51
L__GPIO_SetPinDirection52:
0x0870      	MOVF       R0, 0
0x1683      	BSF        STATUS, 5
0x0486      	IORWF      TRISB, 1
L_GPIO_SetPinDirection7:
;GPIO.c,24 :: 		break;
0x2A32      	GOTO       L_GPIO_SetPinDirection1
;GPIO.c,26 :: 		case GPIO_PORTC:
L_GPIO_SetPinDirection8:
;GPIO.c,27 :: 		if(Direction == GPIO_OUTPUT)
0x1283      	BCF        STATUS, 5
0x0830      	MOVF       FARG_GPIO_SetPinDirection_Direction, 0
0x3A00      	XORLW      0
0x1D03      	BTFSS      STATUS, 2
0x29C0      	GOTO       L_GPIO_SetPinDirection9
;GPIO.c,28 :: 		CLR_BIT(TRISC, Pin);
0x082F      	MOVF       FARG_GPIO_SetPinDirection_Pin, 0
0x00F1      	MOVWF      R1
0x3001      	MOVLW      1
0x00F0      	MOVWF      R0
0x0871      	MOVF       R1, 0
L__GPIO_SetPinDirection53:
0x1903      	BTFSC      STATUS, 2
0x29BB      	GOTO       L__GPIO_SetPinDirection54
0x0DF0      	RLF        R0, 1
0x1070      	BCF        R0, 0
0x3EFF      	ADDLW      255
0x29B5      	GOTO       L__GPIO_SetPinDirection53
L__GPIO_SetPinDirection54:
0x09F0      	COMF       R0, 1
0x0870      	MOVF       R0, 0
0x1683      	BSF        STATUS, 5
0x0587      	ANDWF      TRISC, 1
0x29CF      	GOTO       L_GPIO_SetPinDirection10
L_GPIO_SetPinDirection9:
;GPIO.c,30 :: 		SET_BIT(TRISC, Pin);
0x1283      	BCF        STATUS, 5
0x082F      	MOVF       FARG_GPIO_SetPinDirection_Pin, 0
0x00F1      	MOVWF      R1
0x3001      	MOVLW      1
0x00F0      	MOVWF      R0
0x0871      	MOVF       R1, 0
L__GPIO_SetPinDirection55:
0x1903      	BTFSC      STATUS, 2
0x29CC      	GOTO       L__GPIO_SetPinDirection56
0x0DF0      	RLF        R0, 1
0x1070      	BCF        R0, 0
0x3EFF      	ADDLW      255
0x29C6      	GOTO       L__GPIO_SetPinDirection55
L__GPIO_SetPinDirection56:
0x0870      	MOVF       R0, 0
0x1683      	BSF        STATUS, 5
0x0487      	IORWF      TRISC, 1
L_GPIO_SetPinDirection10:
;GPIO.c,31 :: 		break;
0x2A32      	GOTO       L_GPIO_SetPinDirection1
;GPIO.c,33 :: 		case GPIO_PORTD:
L_GPIO_SetPinDirection11:
;GPIO.c,34 :: 		if(Direction == GPIO_OUTPUT)
0x1283      	BCF        STATUS, 5
0x0830      	MOVF       FARG_GPIO_SetPinDirection_Direction, 0
0x3A00      	XORLW      0
0x1D03      	BTFSS      STATUS, 2
0x29E5      	GOTO       L_GPIO_SetPinDirection12
;GPIO.c,35 :: 		CLR_BIT(TRISD, Pin);
0x082F      	MOVF       FARG_GPIO_SetPinDirection_Pin, 0
0x00F1      	MOVWF      R1
0x3001      	MOVLW      1
0x00F0      	MOVWF      R0
0x0871      	MOVF       R1, 0
L__GPIO_SetPinDirection57:
0x1903      	BTFSC      STATUS, 2
0x29E0      	GOTO       L__GPIO_SetPinDirection58
0x0DF0      	RLF        R0, 1
0x1070      	BCF        R0, 0
0x3EFF      	ADDLW      255
0x29DA      	GOTO       L__GPIO_SetPinDirection57
L__GPIO_SetPinDirection58:
0x09F0      	COMF       R0, 1
0x0870      	MOVF       R0, 0
0x1683      	BSF        STATUS, 5
0x0588      	ANDWF      TRISD, 1
0x29F4      	GOTO       L_GPIO_SetPinDirection13
L_GPIO_SetPinDirection12:
;GPIO.c,37 :: 		SET_BIT(TRISD, Pin);
0x1283      	BCF        STATUS, 5
0x082F      	MOVF       FARG_GPIO_SetPinDirection_Pin, 0
0x00F1      	MOVWF      R1
0x3001      	MOVLW      1
0x00F0      	MOVWF      R0
0x0871      	MOVF       R1, 0
L__GPIO_SetPinDirection59:
0x1903      	BTFSC      STATUS, 2
0x29F1      	GOTO       L__GPIO_SetPinDirection60
0x0DF0      	RLF        R0, 1
0x1070      	BCF        R0, 0
0x3EFF      	ADDLW      255
0x29EB      	GOTO       L__GPIO_SetPinDirection59
L__GPIO_SetPinDirection60:
0x0870      	MOVF       R0, 0
0x1683      	BSF        STATUS, 5
0x0488      	IORWF      TRISD, 1
L_GPIO_SetPinDirection13:
;GPIO.c,38 :: 		break;
0x2A32      	GOTO       L_GPIO_SetPinDirection1
;GPIO.c,40 :: 		case GPIO_PORTE:
L_GPIO_SetPinDirection14:
;GPIO.c,41 :: 		if(Direction == GPIO_OUTPUT)
0x1283      	BCF        STATUS, 5
0x0830      	MOVF       FARG_GPIO_SetPinDirection_Direction, 0
0x3A00      	XORLW      0
0x1D03      	BTFSS      STATUS, 2
0x2A0A      	GOTO       L_GPIO_SetPinDirection15
;GPIO.c,42 :: 		CLR_BIT(TRISE, Pin);
0x082F      	MOVF       FARG_GPIO_SetPinDirection_Pin, 0
0x00F1      	MOVWF      R1
0x3001      	MOVLW      1
0x00F0      	MOVWF      R0
0x0871      	MOVF       R1, 0
L__GPIO_SetPinDirection61:
0x1903      	BTFSC      STATUS, 2
0x2A05      	GOTO       L__GPIO_SetPinDirection62
0x0DF0      	RLF        R0, 1
0x1070      	BCF        R0, 0
0x3EFF      	ADDLW      255
0x29FF      	GOTO       L__GPIO_SetPinDirection61
L__GPIO_SetPinDirection62:
0x09F0      	COMF       R0, 1
0x0870      	MOVF       R0, 0
0x1683      	BSF        STATUS, 5
0x0589      	ANDWF      TRISE, 1
0x2A19      	GOTO       L_GPIO_SetPinDirection16
L_GPIO_SetPinDirection15:
;GPIO.c,44 :: 		SET_BIT(TRISE, Pin);
0x1283      	BCF        STATUS, 5
0x082F      	MOVF       FARG_GPIO_SetPinDirection_Pin, 0
0x00F1      	MOVWF      R1
0x3001      	MOVLW      1
0x00F0      	MOVWF      R0
0x0871      	MOVF       R1, 0
L__GPIO_SetPinDirection63:
0x1903      	BTFSC      STATUS, 2
0x2A16      	GOTO       L__GPIO_SetPinDirection64
0x0DF0      	RLF        R0, 1
0x1070      	BCF        R0, 0
0x3EFF      	ADDLW      255
0x2A10      	GOTO       L__GPIO_SetPinDirection63
L__GPIO_SetPinDirection64:
0x0870      	MOVF       R0, 0
0x1683      	BSF        STATUS, 5
0x0489      	IORWF      TRISE, 1
L_GPIO_SetPinDirection16:
;GPIO.c,45 :: 		break;
0x2A32      	GOTO       L_GPIO_SetPinDirection1
;GPIO.c,47 :: 		default:
L_GPIO_SetPinDirection17:
;GPIO.c,48 :: 		break;
0x2A32      	GOTO       L_GPIO_SetPinDirection1
;GPIO.c,49 :: 		}
L_GPIO_SetPinDirection0:
0x1283      	BCF        STATUS, 5
0x1303      	BCF        STATUS, 6
0x082E      	MOVF       FARG_GPIO_SetPinDirection_Port, 0
0x3A00      	XORLW      0
0x1903      	BTFSC      STATUS, 2
0x2960      	GOTO       L_GPIO_SetPinDirection2
0x082E      	MOVF       FARG_GPIO_SetPinDirection_Port, 0
0x3A01      	XORLW      1
0x1903      	BTFSC      STATUS, 2
0x2986      	GOTO       L_GPIO_SetPinDirection5
0x082E      	MOVF       FARG_GPIO_SetPinDirection_Port, 0
0x3A02      	XORLW      2
0x1903      	BTFSC      STATUS, 2
0x29AB      	GOTO       L_GPIO_SetPinDirection8
0x082E      	MOVF       FARG_GPIO_SetPinDirection_Port, 0
0x3A03      	XORLW      3
0x1903      	BTFSC      STATUS, 2
0x29D0      	GOTO       L_GPIO_SetPinDirection11
0x082E      	MOVF       FARG_GPIO_SetPinDirection_Port, 0
0x3A04      	XORLW      4
0x1903      	BTFSC      STATUS, 2
0x29F5      	GOTO       L_GPIO_SetPinDirection14
0x2A1A      	GOTO       L_GPIO_SetPinDirection17
L_GPIO_SetPinDirection1:
;GPIO.c,50 :: 		}
L_end_GPIO_SetPinDirection:
0x0008      	RETURN
; end of _GPIO_SetPinDirection
_LED_Toggle:
;LED.c,19 :: 		void LED_Toggle(u8 Port, u8 Pin)
;LED.c,21 :: 		u8 current = GPIO_GetPinValue(Port, Pin);
0x1283      	BCF        STATUS, 5
0x1303      	BCF        STATUS, 6
0x0831      	MOVF       FARG_LED_Toggle_Port, 0
0x00B3      	MOVWF      FARG_GPIO_GetPinValue_Port
0x0832      	MOVF       FARG_LED_Toggle_Pin, 0
0x00B4      	MOVWF      FARG_GPIO_GetPinValue_Pin
0x20F8      	CALL       _GPIO_GetPinValue
;LED.c,23 :: 		if(current == GPIO_HIGH)
0x0870      	MOVF       R0, 0
0x3A01      	XORLW      1
0x1D03      	BTFSS      STATUS, 2
0x2A45      	GOTO       L_LED_Toggle0
;LED.c,24 :: 		GPIO_SetPinValue(Port, Pin, GPIO_LOW);
0x0831      	MOVF       FARG_LED_Toggle_Port, 0
0x00B3      	MOVWF      FARG_GPIO_SetPinValue_Port
0x0832      	MOVF       FARG_LED_Toggle_Pin, 0
0x00B4      	MOVWF      FARG_GPIO_SetPinValue_Pin
0x01B5      	CLRF       FARG_GPIO_SetPinValue_Value
0x2037      	CALL       _GPIO_SetPinValue
0x2A4C      	GOTO       L_LED_Toggle1
L_LED_Toggle0:
;LED.c,26 :: 		GPIO_SetPinValue(Port, Pin, GPIO_HIGH);
0x0831      	MOVF       FARG_LED_Toggle_Port, 0
0x00B3      	MOVWF      FARG_GPIO_SetPinValue_Port
0x0832      	MOVF       FARG_LED_Toggle_Pin, 0
0x00B4      	MOVWF      FARG_GPIO_SetPinValue_Pin
0x3001      	MOVLW      1
0x00B5      	MOVWF      FARG_GPIO_SetPinValue_Value
0x2037      	CALL       _GPIO_SetPinValue
L_LED_Toggle1:
;LED.c,27 :: 		}
L_end_LED_Toggle:
0x0008      	RETURN
; end of _LED_Toggle
_Timer0_Set:
;TIMER.c,31 :: 		void Timer0_Set(u8 value){
;TIMER.c,32 :: 		TMR0=value;
0x1283      	BCF        STATUS, 5
0x1303      	BCF        STATUS, 6
0x0831      	MOVF       FARG_Timer0_Set_value, 0
0x0081      	MOVWF      TMR0
;TIMER.c,34 :: 		}
L_end_Timer0_Set:
0x0008      	RETURN
; end of _Timer0_Set
_____DoICP:
;__Lib_System.c,6 :: 		
;__Lib_System.c,9 :: 		
0x1283      	BCF        STATUS, 5
0x1303      	BCF        STATUS, 6
0x0828      	MOVF       ___DoICPAddr+1, 0
0x008A      	MOVWF      PCLATH
;__Lib_System.c,10 :: 		
0x0827      	MOVF       ___DoICPAddr, 0
0x0082      	MOVWF      PCL
;__Lib_System.c,12 :: 		
L_end_____DoICP:
0x0008      	RETURN
; end of _____DoICP
_Timer0_Enable:
;TIMER.c,10 :: 		void Timer0_Enable(void)
;TIMER.c,12 :: 		SET_BIT(INTCON,5);   // T0IE
0x168B      	BSF        INTCON, 5
;TIMER.c,13 :: 		SET_BIT(INTCON,7);   // GIE
0x178B      	BSF        INTCON, 7
;TIMER.c,14 :: 		}
L_end_Timer0_Enable:
0x0008      	RETURN
; end of _Timer0_Enable
_interrupt_task:
;main.c,21 :: 		void interrupt_task(){
;main.c,22 :: 		if(overflow_count<30){
0x301E      	MOVLW      30
0x1283      	BCF        STATUS, 5
0x1303      	BCF        STATUS, 6
0x0225      	SUBWF      _overflow_count, 0
0x1803      	BTFSC      STATUS, 0
0x2A68      	GOTO       L_interrupt_task0
;main.c,23 :: 		Timer0_Reset();
0x215B      	CALL       _Timer0_Reset
;main.c,24 :: 		overflow_count++;
0x0A25      	INCF       _overflow_count, 0
0x00F0      	MOVWF      R0
0x0870      	MOVF       R0, 0
0x00A5      	MOVWF      _overflow_count
;main.c,26 :: 		}
0x2A89      	GOTO       L_interrupt_task1
L_interrupt_task0:
;main.c,27 :: 		else if(overflow_count==30){
0x0825      	MOVF       _overflow_count, 0
0x3A1E      	XORLW      30
0x1D03      	BTFSS      STATUS, 2
0x2A74      	GOTO       L_interrupt_task2
;main.c,28 :: 		Timer0_set(125);
0x307D      	MOVLW      125
0x00B1      	MOVWF      FARG_Timer0_Set_value
0x224D      	CALL       _Timer0_Set
;main.c,29 :: 		overflow_count++; }
0x0A25      	INCF       _overflow_count, 0
0x00F0      	MOVWF      R0
0x0870      	MOVF       R0, 0
0x00A5      	MOVWF      _overflow_count
0x2A89      	GOTO       L_interrupt_task3
L_interrupt_task2:
;main.c,31 :: 		overflow_count=0;
0x01A5      	CLRF       _overflow_count
;main.c,32 :: 		LED_Toggle(GPIO_PORTB,GPIO_PIN1);
0x3001      	MOVLW      1
0x00B1      	MOVWF      FARG_LED_Toggle_Port
0x3001      	MOVLW      1
0x00B2      	MOVWF      FARG_LED_Toggle_Pin
0x2233      	CALL       _LED_Toggle
;main.c,33 :: 		if(overflow_count2<2){
0x3002      	MOVLW      2
0x0226      	SUBWF      _overflow_count2, 0
0x1803      	BTFSC      STATUS, 0
0x2A83      	GOTO       L_interrupt_task4
;main.c,34 :: 		overflow_count2++;
0x0A26      	INCF       _overflow_count2, 0
0x00F0      	MOVWF      R0
0x0870      	MOVF       R0, 0
0x00A6      	MOVWF      _overflow_count2
;main.c,36 :: 		}
0x2A89      	GOTO       L_interrupt_task5
L_interrupt_task4:
;main.c,38 :: 		overflow_count2=0;
0x01A6      	CLRF       _overflow_count2
;main.c,39 :: 		LED_Toggle(GPIO_PORTB,GPIO_PIN2);
0x3001      	MOVLW      1
0x00B1      	MOVWF      FARG_LED_Toggle_Port
0x3002      	MOVLW      2
0x00B2      	MOVWF      FARG_LED_Toggle_Pin
0x2233      	CALL       _LED_Toggle
;main.c,41 :: 		}
L_interrupt_task5:
;main.c,44 :: 		}
L_interrupt_task3:
L_interrupt_task1:
;main.c,48 :: 		}
L_end_interrupt_task:
0x0008      	RETURN
; end of _interrupt_task
_____DoIFC:
;__Lib_System.c,15 :: 		
;__Lib_System.c,18 :: 		
0x1283      	BCF        STATUS, 5
0x1303      	BCF        STATUS, 6
0x0828      	MOVF       ___DoICPAddr+1, 0
0x008A      	MOVWF      PCLATH
;__Lib_System.c,19 :: 		
0x0827      	MOVF       ___DoICPAddr, 0
0x0082      	MOVWF      PCL
;__Lib_System.c,21 :: 		
L_end_____DoIFC:
0x0008      	RETURN
; end of _____DoIFC
_Timer0_initialize:
;TIMER.c,2 :: 		void Timer0_initialize()
;TIMER.c,4 :: 		OPTION_REG |= 0x07;  //PRE-SCALE P0,P1,P2
0x3007      	MOVLW      7
0x1683      	BSF        STATUS, 5
0x1303      	BCF        STATUS, 6
0x0481      	IORWF      OPTION_REG, 1
;TIMER.c,5 :: 		CLR_BIT(OPTION_REG,3); //PSA
0x30F7      	MOVLW      247
0x0581      	ANDWF      OPTION_REG, 1
;TIMER.c,6 :: 		CLR_BIT(OPTION_REG,5); //T0CS
0x30DF      	MOVLW      223
0x0581      	ANDWF      OPTION_REG, 1
;TIMER.c,7 :: 		CLR_BIT(INTCON,2); //T0IF
0x30FB      	MOVLW      251
0x058B      	ANDWF      INTCON, 1
;TIMER.c,8 :: 		TMR0=0;
0x1283      	BCF        STATUS, 5
0x0181      	CLRF       TMR0
;TIMER.c,9 :: 		}
L_end_Timer0_initialize:
0x0008      	RETURN
; end of _Timer0_initialize
_TMR0_SetCallback:
;TIMER.c,21 :: 		void TMR0_SetCallback(void (*ptr)(void))
;TIMER.c,23 :: 		TMR0_Callback = ptr;
0x1283      	BCF        STATUS, 5
0x1303      	BCF        STATUS, 6
0x082B      	MOVF       FARG_TMR0_SetCallback_ptr, 0
0x00A2      	MOVWF      TIMER_TMR0_Callback
0x082C      	MOVF       FARG_TMR0_SetCallback_ptr+1, 0
0x00A3      	MOVWF      TIMER_TMR0_Callback+1
0x082D      	MOVF       FARG_TMR0_SetCallback_ptr+2, 0
0x00A4      	MOVWF      TIMER_TMR0_Callback+2
0x082E      	MOVF       FARG_TMR0_SetCallback_ptr+3, 0
;TIMER.c,24 :: 		}
L_end_TMR0_SetCallback:
0x0008      	RETURN
; end of _TMR0_SetCallback
_LED_Init:
;LED.c,4 :: 		void LED_Init(u8 Port, u8 Pin)
;LED.c,6 :: 		GPIO_SetPinDirection(Port, Pin, GPIO_OUTPUT);
0x1283      	BCF        STATUS, 5
0x1303      	BCF        STATUS, 6
0x082B      	MOVF       FARG_LED_Init_Port, 0
0x00AE      	MOVWF      FARG_GPIO_SetPinDirection_Port
0x082C      	MOVF       FARG_LED_Init_Pin, 0
0x00AF      	MOVWF      FARG_GPIO_SetPinDirection_Pin
0x01B0      	CLRF       FARG_GPIO_SetPinDirection_Direction
0x215F      	CALL       _GPIO_SetPinDirection
;LED.c,7 :: 		}
L_end_LED_Init:
0x0008      	RETURN
; end of _LED_Init
___CC2DW:
;__Lib_System.c,134 :: 		
;__Lib_System.c,137 :: 		
_CC2D_Loop1:
;__Lib_System.c,139 :: 		
0x2252      	CALL       _____DoICP
0x118A      	BCF        PCLATH, 3
0x120A      	BCF        PCLATH, 4
;__Lib_System.c,141 :: 		
0x0080      	MOVWF      INDF
;__Lib_System.c,142 :: 		
0x0A84      	INCF       FSR, 1
;__Lib_System.c,143 :: 		
0x0AA7      	INCF       ___DoICPAddr, 1
;__Lib_System.c,145 :: 		
0x1903      	BTFSC      STATUS, 2
;__Lib_System.c,146 :: 		
0x0AA8      	INCF       ___DoICPAddr+1, 1
;__Lib_System.c,147 :: 		
0x03F0      	DECF       R0, 1
;__Lib_System.c,149 :: 		
0x1D03      	BTFSS      STATUS, 2
;__Lib_System.c,150 :: 		
0x2AB1      	GOTO       _CC2D_Loop1
;__Lib_System.c,152 :: 		
L_end___CC2DW:
0x0008      	RETURN
; end of ___CC2DW
_main:
0x22E2      	CALL       738
;main.c,49 :: 		void main(){
;main.c,50 :: 		LED_Init(GPIO_PORTB, GPIO_PIN1);
0x3001      	MOVLW      1
0x1283      	BCF        STATUS, 5
0x1303      	BCF        STATUS, 6
0x00AB      	MOVWF      FARG_LED_Init_Port
0x3001      	MOVLW      1
0x00AC      	MOVWF      FARG_LED_Init_Pin
0x22A8      	CALL       _LED_Init
;main.c,51 :: 		LED_Init(GPIO_PORTB,GPIO_PIN2);
0x3001      	MOVLW      1
0x1283      	BCF        STATUS, 5
0x1303      	BCF        STATUS, 6
0x00AB      	MOVWF      FARG_LED_Init_Port
0x3002      	MOVLW      2
0x00AC      	MOVWF      FARG_LED_Init_Pin
0x22A8      	CALL       _LED_Init
;main.c,52 :: 		Timer0_initialize();
0x2291      	CALL       _Timer0_initialize
;main.c,53 :: 		Timer0_Enable();
0x2259      	CALL       _Timer0_Enable
;main.c,54 :: 		TMR0_SetCallback(interrupt_task);
0x305C      	MOVLW      _interrupt_task
0x00AB      	MOVWF      FARG_TMR0_SetCallback_ptr
0x3002      	MOVLW      hi_addr(_interrupt_task)
0x00AC      	MOVWF      FARG_TMR0_SetCallback_ptr+1
0x3000      	MOVLW      0
0x00AD      	MOVWF      FARG_TMR0_SetCallback_ptr+2
0x3000      	MOVLW      0
0x229E      	CALL       _TMR0_SetCallback
;main.c,55 :: 		while(1){
L_main6:
;main.c,57 :: 		}
0x2AD6      	GOTO       L_main6
;main.c,60 :: 		}
L_end_main:
0x2AD7      	GOTO       $+0
; end of _main
0x3022      	MOVLW      34
0x0084      	MOVWF      FSR
0x3005      	MOVLW      5
0x1283      	BCF        STATUS, 5
0x1303      	BCF        STATUS, 6
0x00F0      	MOVWF      R0
0x30DD      	MOVLW      221
0x00A7      	MOVWF      ___DoICPAddr
0x3002      	MOVLW      2
0x00A8      	MOVWF      40
0x22B1      	CALL       689
0x0008      	RETURN
;TIMER.c,0 :: ?ICSTIMER_TMR0_Callback
0x3400 ;?ICSTIMER_TMR0_Callback+0
0x3400 ;?ICSTIMER_TMR0_Callback+1
0x3400 ;?ICSTIMER_TMR0_Callback+2
; end of ?ICSTIMER_TMR0_Callback
;main.c,0 :: ?ICS_overflow_count
0x3400 ;?ICS_overflow_count+0
; end of ?ICS_overflow_count
;main.c,0 :: ?ICS_overflow_count2
0x3400 ;?ICS_overflow_count2+0
; end of ?ICS_overflow_count2
Symbol List:
//** Routines locations **
//ADDRESS    SIZE    PROCEDURE
//----------------------------------------------
0x0004      [51]    _interrupt
0x0037     [193]    _GPIO_SetPinValue
0x00F8      [99]    _GPIO_GetPinValue
0x015B       [4]    _Timer0_Reset
0x015F     [212]    _GPIO_SetPinDirection
0x0233      [26]    _LED_Toggle
0x024D       [5]    _Timer0_Set
0x0252       [7]    _____DoICP
0x0259       [3]    _Timer0_Enable
0x025C      [46]    _interrupt_task
0x028A       [7]    _____DoIFC
0x0291      [13]    _Timer0_initialize
0x029E      [10]    _TMR0_SetCallback
0x02A8       [9]    _LED_Init
0x02B1      [12]    ___CC2DW
0x02BD      [26]    _main
//** Variables locations ** 
//ADDRESS    SIZE    VARIABLE
//----------------------------------------------
0x0000       [1]    INDF
0x0001       [1]    TMR0
0x0002       [1]    PCL
0x0003       [1]    STATUS
0x0004       [1]    FSR
0x000A       [1]    PCLATH
0x000B       [1]    INTCON
0x0022       [3]    TIMER_TMR0_Callback
0x0025       [1]    _overflow_count
0x0026       [1]    _overflow_count2
0x0027       [2]    ___DoICPAddr
0x0029       [1]    ___saveSTATUS
0x002A       [1]    ___savePCLATH
0x002B       [3]    FARG_TMR0_SetCallback_ptr
0x002B       [1]    FARG_LED_Init_Port
0x002C       [1]    FARG_LED_Init_Pin
0x002E       [1]    FARG_GPIO_SetPinDirection_Port
0x002F       [1]    FARG_GPIO_SetPinDirection_Pin
0x0030       [1]    FARG_GPIO_SetPinDirection_Direction
0x0031       [1]    FARG_LED_Toggle_Port
0x0031       [1]    FARG_Timer0_Set_value
0x0032       [1]    FARG_LED_Toggle_Pin
0x0033       [1]    FARG_GPIO_SetPinValue_Port
0x0033       [1]    FARG_GPIO_GetPinValue_Port
0x0034       [1]    FARG_GPIO_SetPinValue_Pin
0x0034       [1]    FARG_GPIO_GetPinValue_Pin
0x0035       [1]    GPIO_GetPinValue_Local_Value_L0
0x0035       [1]    FARG_GPIO_SetPinValue_Value
0x0070       [1]    R0
0x0071       [1]    R1
0x0072       [1]    R2
0x0073       [1]    R3
0x0074       [1]    R4
0x0075       [1]    R5
0x0076       [1]    R6
0x0077       [1]    R7
0x0078       [1]    R8
0x0079       [1]    R9
0x007A       [1]    R10
0x007B       [1]    R11
0x007C       [1]    R12
0x007D       [1]    R13
0x007E       [1]    R14
0x007F       [1]    R15
0x0081       [1]    OPTION_REG
//** Constants locations ** 
//ADDRESS    SIZE    CONSTANT
//----------------------------------------------
0x02DD       [3]    ?ICSTIMER_TMR0_Callback
0x02E0       [1]    ?ICS_overflow_count
0x02E1       [1]    ?ICS_overflow_count2
