;  LST file generated by mikroListExporter - v.2.0 
; Date/Time: 3/11/2026 5:12:09 AM
;----------------------------------------------

;Address Opcode 	ASM
0x0000	0x2A05      	GOTO       517
_interrupt:
0x0004	0x00FF      	MOVWF      R15
0x0005	0x0E03      	SWAPF      STATUS, 0
0x0006	0x0183      	CLRF       STATUS
0x0007	0x00AC      	MOVWF      ___saveSTATUS
0x0008	0x080A      	MOVF       PCLATH, 0
0x0009	0x00AD      	MOVWF      ___savePCLATH
0x000A	0x018A      	CLRF       PCLATH
0x000B	0x0870      	MOVF       R0, 0
0x000C	0x00A1      	MOVWF      33
0x000D	0x0871      	MOVF       R1, 0
0x000E	0x00A0      	MOVWF      32
;ext_int_implementation.c,31 :: 		void interrupt(void) {
;ext_int_implementation.c,32 :: 		if(INTCON & 0x02) {
0x000F	0x1C8B      	BTFSS      INTCON, 1
0x0010	0x2832      	GOTO       L_interrupt2
;ext_int_implementation.c,33 :: 		if(ext_int_callback != 0) {
0x0011	0x0822      	MOVF       ext_int_implementation_ext_int_callback, 0
0x0012	0x00F1      	MOVWF      R1
0x0013	0x0823      	MOVF       ext_int_implementation_ext_int_callback+1, 0
0x0014	0x00F2      	MOVWF      R1+1
0x0015	0x0824      	MOVF       ext_int_implementation_ext_int_callback+2, 0
0x0016	0x00F3      	MOVWF      R1+2
0x0017	0x0825      	MOVF       ext_int_implementation_ext_int_callback+3, 0
0x0018	0x00F4      	MOVWF      R1+3
0x0019	0x3000      	MOVLW      0
0x001A	0x00F0      	MOVWF      R0
0x001B	0x0674      	XORWF      R1+3, 0
0x001C	0x1D03      	BTFSS      STATUS, 2
0x001D	0x2828      	GOTO       L__interrupt11
0x001E	0x0870      	MOVF       R0, 0
0x001F	0x0673      	XORWF      R1+2, 0
0x0020	0x1D03      	BTFSS      STATUS, 2
0x0021	0x2828      	GOTO       L__interrupt11
0x0022	0x0870      	MOVF       R0, 0
0x0023	0x0672      	XORWF      R1+1, 0
0x0024	0x1D03      	BTFSS      STATUS, 2
0x0025	0x2828      	GOTO       L__interrupt11
0x0026	0x0871      	MOVF       R1, 0
0x0027	0x3A00      	XORLW      0
L__interrupt11:
0x0028	0x1903      	BTFSC      STATUS, 2
0x0029	0x2831      	GOTO       L_interrupt3
;ext_int_implementation.c,34 :: 		ext_int_callback();
0x002A	0x0822      	MOVF       ext_int_implementation_ext_int_callback, 0
0x002B	0x00AA      	MOVWF      ___DoICPAddr
0x002C	0x0823      	MOVF       ext_int_implementation_ext_int_callback+1, 0
0x002D	0x00AB      	MOVWF      ___DoICPAddr+1
0x002E	0x20AD      	CALL       _____DoIFC
0x002F	0x118A      	BCF        PCLATH, 3
0x0030	0x120A      	BCF        PCLATH, 4
;ext_int_implementation.c,35 :: 		}
L_interrupt3:
;ext_int_implementation.c,36 :: 		INTCON &= ~0x02;
0x0031	0x108B      	BCF        INTCON, 1
;ext_int_implementation.c,37 :: 		}
L_interrupt2:
;ext_int_implementation.c,38 :: 		if(INTCON & 0x04){
0x0032	0x1D0B      	BTFSS      INTCON, 2
0x0033	0x2836      	GOTO       L_interrupt4
;ext_int_implementation.c,40 :: 		TIMER0_ISR_Handler();
0x0034	0x21C3      	CALL       _TIMER0_ISR_Handler
;ext_int_implementation.c,42 :: 		INTCON &= ~0x04;
0x0035	0x110B      	BCF        INTCON, 2
;ext_int_implementation.c,43 :: 		}
L_interrupt4:
;ext_int_implementation.c,44 :: 		}
L_end_interrupt:
L__interrupt10:
0x0036	0x1283      	BCF        STATUS, 5
0x0037	0x1303      	BCF        STATUS, 6
0x0038	0x0821      	MOVF       33, 0
0x0039	0x00F0      	MOVWF      R0
0x003A	0x0820      	MOVF       32, 0
0x003B	0x00F1      	MOVWF      R1
0x003C	0x082D      	MOVF       ___savePCLATH, 0
0x003D	0x008A      	MOVWF      PCLATH
0x003E	0x0E2C      	SWAPF      ___saveSTATUS, 0
0x003F	0x0083      	MOVWF      STATUS
0x0040	0x0EFF      	SWAPF      R15, 1
0x0041	0x0E7F      	SWAPF      R15, 0
0x0042	0x0009      	RETFIE
; end of _interrupt
_toggle_pin:
;gpio_implementation.c,97 :: 		void toggle_pin(u8 port, u8 pin) {
;gpio_implementation.c,98 :: 		switch(port) {
0x0043	0x288E      	GOTO       L_toggle_pin47
;gpio_implementation.c,99 :: 		case _PORTA:
L_toggle_pin49:
;gpio_implementation.c,100 :: 		PORTA ^= (1 << pin);
0x0044	0x1283      	BCF        STATUS, 5
0x0045	0x1303      	BCF        STATUS, 6
0x0046	0x0837      	MOVF       FARG_toggle_pin_pin, 0
0x0047	0x00F1      	MOVWF      R1
0x0048	0x3001      	MOVLW      1
0x0049	0x00F0      	MOVWF      R0
0x004A	0x0871      	MOVF       R1, 0
L__toggle_pin108:
0x004B	0x1903      	BTFSC      STATUS, 2
0x004C	0x2851      	GOTO       L__toggle_pin109
0x004D	0x0DF0      	RLF        R0, 1
0x004E	0x1070      	BCF        R0, 0
0x004F	0x3EFF      	ADDLW      255
0x0050	0x284B      	GOTO       L__toggle_pin108
L__toggle_pin109:
0x0051	0x1283      	BCF        STATUS, 5
0x0052	0x1303      	BCF        STATUS, 6
0x0053	0x0870      	MOVF       R0, 0
0x0054	0x0685      	XORWF      PORTA, 1
;gpio_implementation.c,101 :: 		break;
0x0055	0x28A4      	GOTO       L_toggle_pin48
;gpio_implementation.c,103 :: 		case _PORTB:
L_toggle_pin50:
;gpio_implementation.c,104 :: 		PORTB ^= (1 << pin);
0x0056	0x0837      	MOVF       FARG_toggle_pin_pin, 0
0x0057	0x00F1      	MOVWF      R1
0x0058	0x3001      	MOVLW      1
0x0059	0x00F0      	MOVWF      R0
0x005A	0x0871      	MOVF       R1, 0
L__toggle_pin110:
0x005B	0x1903      	BTFSC      STATUS, 2
0x005C	0x2861      	GOTO       L__toggle_pin111
0x005D	0x0DF0      	RLF        R0, 1
0x005E	0x1070      	BCF        R0, 0
0x005F	0x3EFF      	ADDLW      255
0x0060	0x285B      	GOTO       L__toggle_pin110
L__toggle_pin111:
0x0061	0x0870      	MOVF       R0, 0
0x0062	0x0686      	XORWF      PORTB, 1
;gpio_implementation.c,105 :: 		break;
0x0063	0x28A4      	GOTO       L_toggle_pin48
;gpio_implementation.c,107 :: 		case _PORTC:
L_toggle_pin51:
;gpio_implementation.c,108 :: 		PORTC ^= (1 << pin);
0x0064	0x0837      	MOVF       FARG_toggle_pin_pin, 0
0x0065	0x00F1      	MOVWF      R1
0x0066	0x3001      	MOVLW      1
0x0067	0x00F0      	MOVWF      R0
0x0068	0x0871      	MOVF       R1, 0
L__toggle_pin112:
0x0069	0x1903      	BTFSC      STATUS, 2
0x006A	0x286F      	GOTO       L__toggle_pin113
0x006B	0x0DF0      	RLF        R0, 1
0x006C	0x1070      	BCF        R0, 0
0x006D	0x3EFF      	ADDLW      255
0x006E	0x2869      	GOTO       L__toggle_pin112
L__toggle_pin113:
0x006F	0x0870      	MOVF       R0, 0
0x0070	0x0687      	XORWF      PORTC, 1
;gpio_implementation.c,109 :: 		break;
0x0071	0x28A4      	GOTO       L_toggle_pin48
;gpio_implementation.c,111 :: 		case _PORTD:
L_toggle_pin52:
;gpio_implementation.c,112 :: 		PORTD ^= (1 << pin);
0x0072	0x0837      	MOVF       FARG_toggle_pin_pin, 0
0x0073	0x00F1      	MOVWF      R1
0x0074	0x3001      	MOVLW      1
0x0075	0x00F0      	MOVWF      R0
0x0076	0x0871      	MOVF       R1, 0
L__toggle_pin114:
0x0077	0x1903      	BTFSC      STATUS, 2
0x0078	0x287D      	GOTO       L__toggle_pin115
0x0079	0x0DF0      	RLF        R0, 1
0x007A	0x1070      	BCF        R0, 0
0x007B	0x3EFF      	ADDLW      255
0x007C	0x2877      	GOTO       L__toggle_pin114
L__toggle_pin115:
0x007D	0x0870      	MOVF       R0, 0
0x007E	0x0688      	XORWF      PORTD, 1
;gpio_implementation.c,113 :: 		break;
0x007F	0x28A4      	GOTO       L_toggle_pin48
;gpio_implementation.c,115 :: 		case _PORTE:
L_toggle_pin53:
;gpio_implementation.c,116 :: 		PORTE ^= (1 << pin);
0x0080	0x0837      	MOVF       FARG_toggle_pin_pin, 0
0x0081	0x00F1      	MOVWF      R1
0x0082	0x3001      	MOVLW      1
0x0083	0x00F0      	MOVWF      R0
0x0084	0x0871      	MOVF       R1, 0
L__toggle_pin116:
0x0085	0x1903      	BTFSC      STATUS, 2
0x0086	0x288B      	GOTO       L__toggle_pin117
0x0087	0x0DF0      	RLF        R0, 1
0x0088	0x1070      	BCF        R0, 0
0x0089	0x3EFF      	ADDLW      255
0x008A	0x2885      	GOTO       L__toggle_pin116
L__toggle_pin117:
0x008B	0x0870      	MOVF       R0, 0
0x008C	0x0689      	XORWF      PORTE, 1
;gpio_implementation.c,117 :: 		break;
0x008D	0x28A4      	GOTO       L_toggle_pin48
;gpio_implementation.c,118 :: 		}
L_toggle_pin47:
0x008E	0x1283      	BCF        STATUS, 5
0x008F	0x1303      	BCF        STATUS, 6
0x0090	0x0836      	MOVF       FARG_toggle_pin_port, 0
0x0091	0x3A00      	XORLW      0
0x0092	0x1903      	BTFSC      STATUS, 2
0x0093	0x2844      	GOTO       L_toggle_pin49
0x0094	0x0836      	MOVF       FARG_toggle_pin_port, 0
0x0095	0x3A01      	XORLW      1
0x0096	0x1903      	BTFSC      STATUS, 2
0x0097	0x2856      	GOTO       L_toggle_pin50
0x0098	0x0836      	MOVF       FARG_toggle_pin_port, 0
0x0099	0x3A02      	XORLW      2
0x009A	0x1903      	BTFSC      STATUS, 2
0x009B	0x2864      	GOTO       L_toggle_pin51
0x009C	0x0836      	MOVF       FARG_toggle_pin_port, 0
0x009D	0x3A03      	XORLW      3
0x009E	0x1903      	BTFSC      STATUS, 2
0x009F	0x2872      	GOTO       L_toggle_pin52
0x00A0	0x0836      	MOVF       FARG_toggle_pin_port, 0
0x00A1	0x3A04      	XORLW      4
0x00A2	0x1903      	BTFSC      STATUS, 2
0x00A3	0x2880      	GOTO       L_toggle_pin53
L_toggle_pin48:
;gpio_implementation.c,119 :: 		}
L_end_toggle_pin:
0x00A4	0x0008      	RETURN
; end of _toggle_pin
_LED_Toggle:
;LED_implementation.c,15 :: 		void LED_Toggle(u8 port, u8 pin) {
;LED_implementation.c,16 :: 		toggle_pin(port, pin);
0x00A5	0x1283      	BCF        STATUS, 5
0x00A6	0x1303      	BCF        STATUS, 6
0x00A7	0x0834      	MOVF       FARG_LED_Toggle_port, 0
0x00A8	0x00B6      	MOVWF      FARG_toggle_pin_port
0x00A9	0x0835      	MOVF       FARG_LED_Toggle_pin, 0
0x00AA	0x00B7      	MOVWF      FARG_toggle_pin_pin
0x00AB	0x2043      	CALL       _toggle_pin
;LED_implementation.c,17 :: 		}
L_end_LED_Toggle:
0x00AC	0x0008      	RETURN
; end of _LED_Toggle
_____DoIFC:
;__Lib_System.c,15 :: 		
;__Lib_System.c,18 :: 		
0x00AD	0x1283      	BCF        STATUS, 5
0x00AE	0x1303      	BCF        STATUS, 6
0x00AF	0x082B      	MOVF       ___DoICPAddr+1, 0
0x00B0	0x008A      	MOVWF      PCLATH
;__Lib_System.c,19 :: 		
0x00B1	0x082A      	MOVF       ___DoICPAddr, 0
0x00B2	0x0082      	MOVWF      PCL
;__Lib_System.c,21 :: 		
L_end_____DoIFC:
0x00B3	0x0008      	RETURN
; end of _____DoIFC
_____DoICP:
;__Lib_System.c,6 :: 		
;__Lib_System.c,9 :: 		
0x00B4	0x1283      	BCF        STATUS, 5
0x00B5	0x1303      	BCF        STATUS, 6
0x00B6	0x082B      	MOVF       ___DoICPAddr+1, 0
0x00B7	0x008A      	MOVWF      PCLATH
;__Lib_System.c,10 :: 		
0x00B8	0x082A      	MOVF       ___DoICPAddr, 0
0x00B9	0x0082      	MOVWF      PCL
;__Lib_System.c,12 :: 		
L_end_____DoICP:
0x00BA	0x0008      	RETURN
; end of _____DoICP
_set_pin_direction:
;gpio_implementation.c,7 :: 		void set_pin_direction(u8 port, u8 pin, u8 direction) {
;gpio_implementation.c,8 :: 		switch(port) {
0x00BB	0x298A      	GOTO       L_set_pin_direction0
;gpio_implementation.c,9 :: 		case _PORTA:
L_set_pin_direction2:
;gpio_implementation.c,10 :: 		if(direction == OUTPUT) {
0x00BC	0x1283      	BCF        STATUS, 5
0x00BD	0x1303      	BCF        STATUS, 6
0x00BE	0x0833      	MOVF       FARG_set_pin_direction_direction, 0
0x00BF	0x3A00      	XORLW      0
0x00C0	0x1D03      	BTFSS      STATUS, 2
0x00C1	0x28D2      	GOTO       L_set_pin_direction3
;gpio_implementation.c,11 :: 		CLR_BIT(TRISA, pin);  /* Clear bit for output */
0x00C2	0x0832      	MOVF       FARG_set_pin_direction_pin, 0
0x00C3	0x00F1      	MOVWF      R1
0x00C4	0x3001      	MOVLW      1
0x00C5	0x00F0      	MOVWF      R0
0x00C6	0x0871      	MOVF       R1, 0
L__set_pin_direction55:
0x00C7	0x1903      	BTFSC      STATUS, 2
0x00C8	0x28CD      	GOTO       L__set_pin_direction56
0x00C9	0x0DF0      	RLF        R0, 1
0x00CA	0x1070      	BCF        R0, 0
0x00CB	0x3EFF      	ADDLW      255
0x00CC	0x28C7      	GOTO       L__set_pin_direction55
L__set_pin_direction56:
0x00CD	0x09F0      	COMF       R0, 1
0x00CE	0x0870      	MOVF       R0, 0
0x00CF	0x1683      	BSF        STATUS, 5
0x00D0	0x0585      	ANDWF      TRISA, 1
;gpio_implementation.c,12 :: 		} else if (direction == INPUT) {
0x00D1	0x28E5      	GOTO       L_set_pin_direction4
L_set_pin_direction3:
0x00D2	0x1283      	BCF        STATUS, 5
0x00D3	0x0833      	MOVF       FARG_set_pin_direction_direction, 0
0x00D4	0x3A01      	XORLW      1
0x00D5	0x1D03      	BTFSS      STATUS, 2
0x00D6	0x28E5      	GOTO       L_set_pin_direction5
;gpio_implementation.c,13 :: 		SET_BIT(TRISA, pin);  /* Set bit for input */
0x00D7	0x0832      	MOVF       FARG_set_pin_direction_pin, 0
0x00D8	0x00F1      	MOVWF      R1
0x00D9	0x3001      	MOVLW      1
0x00DA	0x00F0      	MOVWF      R0
0x00DB	0x0871      	MOVF       R1, 0
L__set_pin_direction57:
0x00DC	0x1903      	BTFSC      STATUS, 2
0x00DD	0x28E2      	GOTO       L__set_pin_direction58
0x00DE	0x0DF0      	RLF        R0, 1
0x00DF	0x1070      	BCF        R0, 0
0x00E0	0x3EFF      	ADDLW      255
0x00E1	0x28DC      	GOTO       L__set_pin_direction57
L__set_pin_direction58:
0x00E2	0x0870      	MOVF       R0, 0
0x00E3	0x1683      	BSF        STATUS, 5
0x00E4	0x0485      	IORWF      TRISA, 1
;gpio_implementation.c,14 :: 		}
L_set_pin_direction5:
L_set_pin_direction4:
;gpio_implementation.c,15 :: 		break;
0x00E5	0x29A0      	GOTO       L_set_pin_direction1
;gpio_implementation.c,16 :: 		case _PORTB:
L_set_pin_direction6:
;gpio_implementation.c,17 :: 		if(direction == OUTPUT) {
0x00E6	0x1283      	BCF        STATUS, 5
0x00E7	0x0833      	MOVF       FARG_set_pin_direction_direction, 0
0x00E8	0x3A00      	XORLW      0
0x00E9	0x1D03      	BTFSS      STATUS, 2
0x00EA	0x28FB      	GOTO       L_set_pin_direction7
;gpio_implementation.c,18 :: 		CLR_BIT(TRISB, pin);
0x00EB	0x0832      	MOVF       FARG_set_pin_direction_pin, 0
0x00EC	0x00F1      	MOVWF      R1
0x00ED	0x3001      	MOVLW      1
0x00EE	0x00F0      	MOVWF      R0
0x00EF	0x0871      	MOVF       R1, 0
L__set_pin_direction59:
0x00F0	0x1903      	BTFSC      STATUS, 2
0x00F1	0x28F6      	GOTO       L__set_pin_direction60
0x00F2	0x0DF0      	RLF        R0, 1
0x00F3	0x1070      	BCF        R0, 0
0x00F4	0x3EFF      	ADDLW      255
0x00F5	0x28F0      	GOTO       L__set_pin_direction59
L__set_pin_direction60:
0x00F6	0x09F0      	COMF       R0, 1
0x00F7	0x0870      	MOVF       R0, 0
0x00F8	0x1683      	BSF        STATUS, 5
0x00F9	0x0586      	ANDWF      TRISB, 1
;gpio_implementation.c,19 :: 		} else if (direction == INPUT) {
0x00FA	0x290E      	GOTO       L_set_pin_direction8
L_set_pin_direction7:
0x00FB	0x1283      	BCF        STATUS, 5
0x00FC	0x0833      	MOVF       FARG_set_pin_direction_direction, 0
0x00FD	0x3A01      	XORLW      1
0x00FE	0x1D03      	BTFSS      STATUS, 2
0x00FF	0x290E      	GOTO       L_set_pin_direction9
;gpio_implementation.c,20 :: 		SET_BIT(TRISB, pin);
0x0100	0x0832      	MOVF       FARG_set_pin_direction_pin, 0
0x0101	0x00F1      	MOVWF      R1
0x0102	0x3001      	MOVLW      1
0x0103	0x00F0      	MOVWF      R0
0x0104	0x0871      	MOVF       R1, 0
L__set_pin_direction61:
0x0105	0x1903      	BTFSC      STATUS, 2
0x0106	0x290B      	GOTO       L__set_pin_direction62
0x0107	0x0DF0      	RLF        R0, 1
0x0108	0x1070      	BCF        R0, 0
0x0109	0x3EFF      	ADDLW      255
0x010A	0x2905      	GOTO       L__set_pin_direction61
L__set_pin_direction62:
0x010B	0x0870      	MOVF       R0, 0
0x010C	0x1683      	BSF        STATUS, 5
0x010D	0x0486      	IORWF      TRISB, 1
;gpio_implementation.c,21 :: 		}
L_set_pin_direction9:
L_set_pin_direction8:
;gpio_implementation.c,22 :: 		break;
0x010E	0x29A0      	GOTO       L_set_pin_direction1
;gpio_implementation.c,23 :: 		case _PORTC:
L_set_pin_direction10:
;gpio_implementation.c,24 :: 		if(direction == OUTPUT) {
0x010F	0x1283      	BCF        STATUS, 5
0x0110	0x0833      	MOVF       FARG_set_pin_direction_direction, 0
0x0111	0x3A00      	XORLW      0
0x0112	0x1D03      	BTFSS      STATUS, 2
0x0113	0x2924      	GOTO       L_set_pin_direction11
;gpio_implementation.c,25 :: 		CLR_BIT(TRISC, pin);
0x0114	0x0832      	MOVF       FARG_set_pin_direction_pin, 0
0x0115	0x00F1      	MOVWF      R1
0x0116	0x3001      	MOVLW      1
0x0117	0x00F0      	MOVWF      R0
0x0118	0x0871      	MOVF       R1, 0
L__set_pin_direction63:
0x0119	0x1903      	BTFSC      STATUS, 2
0x011A	0x291F      	GOTO       L__set_pin_direction64
0x011B	0x0DF0      	RLF        R0, 1
0x011C	0x1070      	BCF        R0, 0
0x011D	0x3EFF      	ADDLW      255
0x011E	0x2919      	GOTO       L__set_pin_direction63
L__set_pin_direction64:
0x011F	0x09F0      	COMF       R0, 1
0x0120	0x0870      	MOVF       R0, 0
0x0121	0x1683      	BSF        STATUS, 5
0x0122	0x0587      	ANDWF      TRISC, 1
;gpio_implementation.c,26 :: 		} else if (direction == INPUT) {
0x0123	0x2937      	GOTO       L_set_pin_direction12
L_set_pin_direction11:
0x0124	0x1283      	BCF        STATUS, 5
0x0125	0x0833      	MOVF       FARG_set_pin_direction_direction, 0
0x0126	0x3A01      	XORLW      1
0x0127	0x1D03      	BTFSS      STATUS, 2
0x0128	0x2937      	GOTO       L_set_pin_direction13
;gpio_implementation.c,27 :: 		SET_BIT(TRISC, pin);
0x0129	0x0832      	MOVF       FARG_set_pin_direction_pin, 0
0x012A	0x00F1      	MOVWF      R1
0x012B	0x3001      	MOVLW      1
0x012C	0x00F0      	MOVWF      R0
0x012D	0x0871      	MOVF       R1, 0
L__set_pin_direction65:
0x012E	0x1903      	BTFSC      STATUS, 2
0x012F	0x2934      	GOTO       L__set_pin_direction66
0x0130	0x0DF0      	RLF        R0, 1
0x0131	0x1070      	BCF        R0, 0
0x0132	0x3EFF      	ADDLW      255
0x0133	0x292E      	GOTO       L__set_pin_direction65
L__set_pin_direction66:
0x0134	0x0870      	MOVF       R0, 0
0x0135	0x1683      	BSF        STATUS, 5
0x0136	0x0487      	IORWF      TRISC, 1
;gpio_implementation.c,28 :: 		}
L_set_pin_direction13:
L_set_pin_direction12:
;gpio_implementation.c,29 :: 		break;
0x0137	0x29A0      	GOTO       L_set_pin_direction1
;gpio_implementation.c,30 :: 		case _PORTD:
L_set_pin_direction14:
;gpio_implementation.c,31 :: 		if(direction == OUTPUT) {
0x0138	0x1283      	BCF        STATUS, 5
0x0139	0x0833      	MOVF       FARG_set_pin_direction_direction, 0
0x013A	0x3A00      	XORLW      0
0x013B	0x1D03      	BTFSS      STATUS, 2
0x013C	0x294D      	GOTO       L_set_pin_direction15
;gpio_implementation.c,32 :: 		CLR_BIT(TRISD, pin);
0x013D	0x0832      	MOVF       FARG_set_pin_direction_pin, 0
0x013E	0x00F1      	MOVWF      R1
0x013F	0x3001      	MOVLW      1
0x0140	0x00F0      	MOVWF      R0
0x0141	0x0871      	MOVF       R1, 0
L__set_pin_direction67:
0x0142	0x1903      	BTFSC      STATUS, 2
0x0143	0x2948      	GOTO       L__set_pin_direction68
0x0144	0x0DF0      	RLF        R0, 1
0x0145	0x1070      	BCF        R0, 0
0x0146	0x3EFF      	ADDLW      255
0x0147	0x2942      	GOTO       L__set_pin_direction67
L__set_pin_direction68:
0x0148	0x09F0      	COMF       R0, 1
0x0149	0x0870      	MOVF       R0, 0
0x014A	0x1683      	BSF        STATUS, 5
0x014B	0x0588      	ANDWF      TRISD, 1
;gpio_implementation.c,33 :: 		} else if (direction == INPUT) {
0x014C	0x2960      	GOTO       L_set_pin_direction16
L_set_pin_direction15:
0x014D	0x1283      	BCF        STATUS, 5
0x014E	0x0833      	MOVF       FARG_set_pin_direction_direction, 0
0x014F	0x3A01      	XORLW      1
0x0150	0x1D03      	BTFSS      STATUS, 2
0x0151	0x2960      	GOTO       L_set_pin_direction17
;gpio_implementation.c,34 :: 		SET_BIT(TRISD, pin);
0x0152	0x0832      	MOVF       FARG_set_pin_direction_pin, 0
0x0153	0x00F1      	MOVWF      R1
0x0154	0x3001      	MOVLW      1
0x0155	0x00F0      	MOVWF      R0
0x0156	0x0871      	MOVF       R1, 0
L__set_pin_direction69:
0x0157	0x1903      	BTFSC      STATUS, 2
0x0158	0x295D      	GOTO       L__set_pin_direction70
0x0159	0x0DF0      	RLF        R0, 1
0x015A	0x1070      	BCF        R0, 0
0x015B	0x3EFF      	ADDLW      255
0x015C	0x2957      	GOTO       L__set_pin_direction69
L__set_pin_direction70:
0x015D	0x0870      	MOVF       R0, 0
0x015E	0x1683      	BSF        STATUS, 5
0x015F	0x0488      	IORWF      TRISD, 1
;gpio_implementation.c,35 :: 		}
L_set_pin_direction17:
L_set_pin_direction16:
;gpio_implementation.c,36 :: 		break;
0x0160	0x29A0      	GOTO       L_set_pin_direction1
;gpio_implementation.c,37 :: 		case _PORTE:
L_set_pin_direction18:
;gpio_implementation.c,38 :: 		if(direction == OUTPUT) {
0x0161	0x1283      	BCF        STATUS, 5
0x0162	0x0833      	MOVF       FARG_set_pin_direction_direction, 0
0x0163	0x3A00      	XORLW      0
0x0164	0x1D03      	BTFSS      STATUS, 2
0x0165	0x2976      	GOTO       L_set_pin_direction19
;gpio_implementation.c,39 :: 		CLR_BIT(TRISE, pin);
0x0166	0x0832      	MOVF       FARG_set_pin_direction_pin, 0
0x0167	0x00F1      	MOVWF      R1
0x0168	0x3001      	MOVLW      1
0x0169	0x00F0      	MOVWF      R0
0x016A	0x0871      	MOVF       R1, 0
L__set_pin_direction71:
0x016B	0x1903      	BTFSC      STATUS, 2
0x016C	0x2971      	GOTO       L__set_pin_direction72
0x016D	0x0DF0      	RLF        R0, 1
0x016E	0x1070      	BCF        R0, 0
0x016F	0x3EFF      	ADDLW      255
0x0170	0x296B      	GOTO       L__set_pin_direction71
L__set_pin_direction72:
0x0171	0x09F0      	COMF       R0, 1
0x0172	0x0870      	MOVF       R0, 0
0x0173	0x1683      	BSF        STATUS, 5
0x0174	0x0589      	ANDWF      TRISE, 1
;gpio_implementation.c,40 :: 		} else if (direction == INPUT) {
0x0175	0x2989      	GOTO       L_set_pin_direction20
L_set_pin_direction19:
0x0176	0x1283      	BCF        STATUS, 5
0x0177	0x0833      	MOVF       FARG_set_pin_direction_direction, 0
0x0178	0x3A01      	XORLW      1
0x0179	0x1D03      	BTFSS      STATUS, 2
0x017A	0x2989      	GOTO       L_set_pin_direction21
;gpio_implementation.c,41 :: 		SET_BIT(TRISE, pin);
0x017B	0x0832      	MOVF       FARG_set_pin_direction_pin, 0
0x017C	0x00F1      	MOVWF      R1
0x017D	0x3001      	MOVLW      1
0x017E	0x00F0      	MOVWF      R0
0x017F	0x0871      	MOVF       R1, 0
L__set_pin_direction73:
0x0180	0x1903      	BTFSC      STATUS, 2
0x0181	0x2986      	GOTO       L__set_pin_direction74
0x0182	0x0DF0      	RLF        R0, 1
0x0183	0x1070      	BCF        R0, 0
0x0184	0x3EFF      	ADDLW      255
0x0185	0x2980      	GOTO       L__set_pin_direction73
L__set_pin_direction74:
0x0186	0x0870      	MOVF       R0, 0
0x0187	0x1683      	BSF        STATUS, 5
0x0188	0x0489      	IORWF      TRISE, 1
;gpio_implementation.c,42 :: 		}
L_set_pin_direction21:
L_set_pin_direction20:
;gpio_implementation.c,43 :: 		break;
0x0189	0x29A0      	GOTO       L_set_pin_direction1
;gpio_implementation.c,44 :: 		}
L_set_pin_direction0:
0x018A	0x1283      	BCF        STATUS, 5
0x018B	0x1303      	BCF        STATUS, 6
0x018C	0x0831      	MOVF       FARG_set_pin_direction_port, 0
0x018D	0x3A00      	XORLW      0
0x018E	0x1903      	BTFSC      STATUS, 2
0x018F	0x28BC      	GOTO       L_set_pin_direction2
0x0190	0x0831      	MOVF       FARG_set_pin_direction_port, 0
0x0191	0x3A01      	XORLW      1
0x0192	0x1903      	BTFSC      STATUS, 2
0x0193	0x28E6      	GOTO       L_set_pin_direction6
0x0194	0x0831      	MOVF       FARG_set_pin_direction_port, 0
0x0195	0x3A02      	XORLW      2
0x0196	0x1903      	BTFSC      STATUS, 2
0x0197	0x290F      	GOTO       L_set_pin_direction10
0x0198	0x0831      	MOVF       FARG_set_pin_direction_port, 0
0x0199	0x3A03      	XORLW      3
0x019A	0x1903      	BTFSC      STATUS, 2
0x019B	0x2938      	GOTO       L_set_pin_direction14
0x019C	0x0831      	MOVF       FARG_set_pin_direction_port, 0
0x019D	0x3A04      	XORLW      4
0x019E	0x1903      	BTFSC      STATUS, 2
0x019F	0x2961      	GOTO       L_set_pin_direction18
L_set_pin_direction1:
;gpio_implementation.c,45 :: 		}
L_end_set_pin_direction:
0x01A0	0x0008      	RETURN
; end of _set_pin_direction
_Timer_Task:
;main.c,9 :: 		void Timer_Task(void)
;main.c,11 :: 		counter_led1++;
0x01A1	0x1283      	BCF        STATUS, 5
0x01A2	0x1303      	BCF        STATUS, 6
0x01A3	0x0AA5      	INCF       main_counter_led1, 1
;main.c,12 :: 		counter_led2++;
0x01A4	0x0AA6      	INCF       main_counter_led2, 1
;main.c,15 :: 		if(counter_led2 >= 10)
0x01A5	0x300A      	MOVLW      10
0x01A6	0x0226      	SUBWF      main_counter_led2, 0
0x01A7	0x1C03      	BTFSS      STATUS, 0
0x01A8	0x29AE      	GOTO       L_Timer_Task0
;main.c,17 :: 		LED_Toggle(_PORTC,0);
0x01A9	0x3002      	MOVLW      2
0x01AA	0x00B4      	MOVWF      FARG_LED_Toggle_port
0x01AB	0x01B5      	CLRF       FARG_LED_Toggle_pin
0x01AC	0x20A5      	CALL       _LED_Toggle
;main.c,18 :: 		counter_led2 = 0;
0x01AD	0x01A6      	CLRF       main_counter_led2
;main.c,19 :: 		}
L_Timer_Task0:
;main.c,22 :: 		if(counter_led1 >= 20)
0x01AE	0x3014      	MOVLW      20
0x01AF	0x0225      	SUBWF      main_counter_led1, 0
0x01B0	0x1C03      	BTFSS      STATUS, 0
0x01B1	0x29B8      	GOTO       L_Timer_Task1
;main.c,24 :: 		LED_Toggle(_PORTC,1);
0x01B2	0x3002      	MOVLW      2
0x01B3	0x00B4      	MOVWF      FARG_LED_Toggle_port
0x01B4	0x3001      	MOVLW      1
0x01B5	0x00B5      	MOVWF      FARG_LED_Toggle_pin
0x01B6	0x20A5      	CALL       _LED_Toggle
;main.c,25 :: 		counter_led1 = 0;
0x01B7	0x01A5      	CLRF       main_counter_led1
;main.c,26 :: 		}
L_Timer_Task1:
;main.c,27 :: 		}
L_end_Timer_Task:
0x01B8	0x0008      	RETURN
; end of _Timer_Task
_TIMER0_Init:
;timer_implementation.c,18 :: 		void TIMER0_Init(void)
;timer_implementation.c,21 :: 		CLR_BIT(OPTION_REG,5);
0x01B9	0x1683      	BSF        STATUS, 5
0x01BA	0x1303      	BCF        STATUS, 6
0x01BB	0x1281      	BCF        OPTION_REG, 5
;timer_implementation.c,24 :: 		CLR_BIT(OPTION_REG,3);
0x01BC	0x1181      	BCF        OPTION_REG, 3
;timer_implementation.c,27 :: 		SET_BIT(OPTION_REG,2);
0x01BD	0x1501      	BSF        OPTION_REG, 2
;timer_implementation.c,28 :: 		SET_BIT(OPTION_REG,1);
0x01BE	0x1481      	BSF        OPTION_REG, 1
;timer_implementation.c,29 :: 		SET_BIT(OPTION_REG,0);
0x01BF	0x1401      	BSF        OPTION_REG, 0
;timer_implementation.c,32 :: 		SET_BIT(INTCON,5);
0x01C0	0x168B      	BSF        INTCON, 5
;timer_implementation.c,35 :: 		SET_BIT(INTCON,7);
0x01C1	0x178B      	BSF        INTCON, 7
;timer_implementation.c,36 :: 		}
L_end_TIMER0_Init:
0x01C2	0x0008      	RETURN
; end of _TIMER0_Init
_TIMER0_ISR_Handler:
;timer_implementation.c,9 :: 		void TIMER0_ISR_Handler(void)
;timer_implementation.c,12 :: 		if(timer_callback != 0)
0x01C3	0x1283      	BCF        STATUS, 5
0x01C4	0x1303      	BCF        STATUS, 6
0x01C5	0x0827      	MOVF       timer_implementation_timer_callback, 0
0x01C6	0x00F1      	MOVWF      R1
0x01C7	0x0828      	MOVF       timer_implementation_timer_callback+1, 0
0x01C8	0x00F2      	MOVWF      R1+1
0x01C9	0x0829      	MOVF       timer_implementation_timer_callback+2, 0
0x01CA	0x00F3      	MOVWF      R1+2
0x01CB	0x082A      	MOVF       timer_implementation_timer_callback+3, 0
0x01CC	0x00F4      	MOVWF      R1+3
0x01CD	0x3000      	MOVLW      0
0x01CE	0x00F0      	MOVWF      R0
0x01CF	0x0674      	XORWF      R1+3, 0
0x01D0	0x1D03      	BTFSS      STATUS, 2
0x01D1	0x29DC      	GOTO       L__TIMER0_ISR_Handler2
0x01D2	0x0870      	MOVF       R0, 0
0x01D3	0x0673      	XORWF      R1+2, 0
0x01D4	0x1D03      	BTFSS      STATUS, 2
0x01D5	0x29DC      	GOTO       L__TIMER0_ISR_Handler2
0x01D6	0x0870      	MOVF       R0, 0
0x01D7	0x0672      	XORWF      R1+1, 0
0x01D8	0x1D03      	BTFSS      STATUS, 2
0x01D9	0x29DC      	GOTO       L__TIMER0_ISR_Handler2
0x01DA	0x0871      	MOVF       R1, 0
0x01DB	0x3A00      	XORLW      0
L__TIMER0_ISR_Handler2:
0x01DC	0x1903      	BTFSC      STATUS, 2
0x01DD	0x29E5      	GOTO       L_TIMER0_ISR_Handler0
;timer_implementation.c,14 :: 		timer_callback();
0x01DE	0x0827      	MOVF       timer_implementation_timer_callback, 0
0x01DF	0x00AA      	MOVWF      ___DoICPAddr
0x01E0	0x0828      	MOVF       timer_implementation_timer_callback+1, 0
0x01E1	0x00AB      	MOVWF      ___DoICPAddr+1
0x01E2	0x20AD      	CALL       _____DoIFC
0x01E3	0x118A      	BCF        PCLATH, 3
0x01E4	0x120A      	BCF        PCLATH, 4
;timer_implementation.c,15 :: 		}
L_TIMER0_ISR_Handler0:
;timer_implementation.c,16 :: 		}
L_end_TIMER0_ISR_Handler:
0x01E5	0x0008      	RETURN
; end of _TIMER0_ISR_Handler
_TIMER0_SetCallback:
;timer_implementation.c,43 :: 		void TIMER0_SetCallback(void (*ptr)(void))
;timer_implementation.c,46 :: 		timer_callback = ptr;
0x01E6	0x1283      	BCF        STATUS, 5
0x01E7	0x1303      	BCF        STATUS, 6
0x01E8	0x082E      	MOVF       FARG_TIMER0_SetCallback_ptr, 0
0x01E9	0x00A7      	MOVWF      timer_implementation_timer_callback
0x01EA	0x082F      	MOVF       FARG_TIMER0_SetCallback_ptr+1, 0
0x01EB	0x00A8      	MOVWF      timer_implementation_timer_callback+1
0x01EC	0x0830      	MOVF       FARG_TIMER0_SetCallback_ptr+2, 0
0x01ED	0x00A9      	MOVWF      timer_implementation_timer_callback+2
0x01EE	0x0831      	MOVF       FARG_TIMER0_SetCallback_ptr+3, 0
;timer_implementation.c,47 :: 		}
L_end_TIMER0_SetCallback:
0x01EF	0x0008      	RETURN
; end of _TIMER0_SetCallback
_LED_Init:
;LED_implementation.c,4 :: 		void LED_Init(u8 port, u8 pin) {
;LED_implementation.c,5 :: 		set_pin_direction(port, pin, OUTPUT);
0x01F0	0x1283      	BCF        STATUS, 5
0x01F1	0x1303      	BCF        STATUS, 6
0x01F2	0x082E      	MOVF       FARG_LED_Init_port, 0
0x01F3	0x00B1      	MOVWF      FARG_set_pin_direction_port
0x01F4	0x082F      	MOVF       FARG_LED_Init_pin, 0
0x01F5	0x00B2      	MOVWF      FARG_set_pin_direction_pin
0x01F6	0x01B3      	CLRF       FARG_set_pin_direction_direction
0x01F7	0x20BB      	CALL       _set_pin_direction
;LED_implementation.c,6 :: 		}
L_end_LED_Init:
0x01F8	0x0008      	RETURN
; end of _LED_Init
___CC2DW:
;__Lib_System.c,134 :: 		
;__Lib_System.c,137 :: 		
_CC2D_Loop1:
;__Lib_System.c,139 :: 		
0x01F9	0x20B4      	CALL       _____DoICP
0x01FA	0x118A      	BCF        PCLATH, 3
0x01FB	0x120A      	BCF        PCLATH, 4
;__Lib_System.c,141 :: 		
0x01FC	0x0080      	MOVWF      INDF
;__Lib_System.c,142 :: 		
0x01FD	0x0A84      	INCF       FSR, 1
;__Lib_System.c,143 :: 		
0x01FE	0x0AAA      	INCF       ___DoICPAddr, 1
;__Lib_System.c,145 :: 		
0x01FF	0x1903      	BTFSC      STATUS, 2
;__Lib_System.c,146 :: 		
0x0200	0x0AAB      	INCF       ___DoICPAddr+1, 1
;__Lib_System.c,147 :: 		
0x0201	0x03F0      	DECF       R0, 1
;__Lib_System.c,149 :: 		
0x0202	0x1D03      	BTFSS      STATUS, 2
;__Lib_System.c,150 :: 		
0x0203	0x29F9      	GOTO       _CC2D_Loop1
;__Lib_System.c,152 :: 		
L_end___CC2DW:
0x0204	0x0008      	RETURN
; end of ___CC2DW
_main:
0x0205	0x222E      	CALL       558
;main.c,29 :: 		void main()
;main.c,32 :: 		LED_Init(_PORTC,0);
0x0206	0x3002      	MOVLW      2
0x0207	0x1283      	BCF        STATUS, 5
0x0208	0x1303      	BCF        STATUS, 6
0x0209	0x00AE      	MOVWF      FARG_LED_Init_port
0x020A	0x01AF      	CLRF       FARG_LED_Init_pin
0x020B	0x21F0      	CALL       _LED_Init
;main.c,33 :: 		LED_Init(_PORTC,1);
0x020C	0x3002      	MOVLW      2
0x020D	0x1283      	BCF        STATUS, 5
0x020E	0x1303      	BCF        STATUS, 6
0x020F	0x00AE      	MOVWF      FARG_LED_Init_port
0x0210	0x3001      	MOVLW      1
0x0211	0x00AF      	MOVWF      FARG_LED_Init_pin
0x0212	0x21F0      	CALL       _LED_Init
;main.c,36 :: 		TIMER0_SetCallback(Timer_Task);
0x0213	0x30A1      	MOVLW      _Timer_Task
0x0214	0x1283      	BCF        STATUS, 5
0x0215	0x1303      	BCF        STATUS, 6
0x0216	0x00AE      	MOVWF      FARG_TIMER0_SetCallback_ptr
0x0217	0x3001      	MOVLW      hi_addr(_Timer_Task)
0x0218	0x00AF      	MOVWF      FARG_TIMER0_SetCallback_ptr+1
0x0219	0x3000      	MOVLW      0
0x021A	0x00B0      	MOVWF      FARG_TIMER0_SetCallback_ptr+2
0x021B	0x3000      	MOVLW      0
0x021C	0x21E6      	CALL       _TIMER0_SetCallback
;main.c,37 :: 		TIMER0_Init();
0x021D	0x21B9      	CALL       _TIMER0_Init
;main.c,39 :: 		while(1)
L_main2:
;main.c,42 :: 		}
0x021E	0x2A1E      	GOTO       L_main2
;main.c,43 :: 		}
L_end_main:
0x021F	0x2A1F      	GOTO       $+0
; end of _main
0x022E	0x3022      	MOVLW      34
0x022F	0x0084      	MOVWF      FSR
0x0230	0x3008      	MOVLW      8
0x0231	0x1283      	BCF        STATUS, 5
0x0232	0x1303      	BCF        STATUS, 6
0x0233	0x00F0      	MOVWF      R0
0x0234	0x3025      	MOVLW      37
0x0235	0x00AA      	MOVWF      ___DoICPAddr
0x0236	0x3002      	MOVLW      2
0x0237	0x00AB      	MOVWF      43
0x0238	0x21F9      	CALL       505
0x0239	0x0008      	RETURN
;ext_int_implementation.c,0 :: ?ICSext_int_implementation_ext_int_callback
0x0225	0x3400 ;?ICSext_int_implementation_ext_int_callback+0
0x0226	0x3400 ;?ICSext_int_implementation_ext_int_callback+1
0x0227	0x3400 ;?ICSext_int_implementation_ext_int_callback+2
; end of ?ICSext_int_implementation_ext_int_callback
;main.c,0 :: ?ICSmain_counter_led1
0x0228	0x3400 ;?ICSmain_counter_led1+0
; end of ?ICSmain_counter_led1
;main.c,0 :: ?ICSmain_counter_led2
0x0229	0x3400 ;?ICSmain_counter_led2+0
; end of ?ICSmain_counter_led2
;timer_implementation.c,0 :: ?ICStimer_implementation_timer_callback
0x022A	0x3400 ;?ICStimer_implementation_timer_callback+0
0x022B	0x3400 ;?ICStimer_implementation_timer_callback+1
0x022C	0x3400 ;?ICStimer_implementation_timer_callback+2
; end of ?ICStimer_implementation_timer_callback
Symbol List:
//** Routines locations **
//ADDRESS    SIZE    PROCEDURE
//----------------------------------------------
0x0004      [63]    _interrupt
0x0043      [98]    _toggle_pin
0x00A5       [8]    _LED_Toggle
0x00AD       [7]    _____DoIFC
0x00B4       [7]    _____DoICP
0x00BB     [230]    _set_pin_direction
0x01A1      [24]    _Timer_Task
0x01B9      [10]    _TIMER0_Init
0x01C3      [35]    _TIMER0_ISR_Handler
0x01E6      [10]    _TIMER0_SetCallback
0x01F0       [9]    _LED_Init
0x01F9      [12]    ___CC2DW
0x0205      [26]    _main
//** Variables locations ** 
//ADDRESS    SIZE    VARIABLE
//----------------------------------------------
0x0000       [1]    INDF
0x0002       [1]    PCL
0x0003       [1]    STATUS
0x0004       [1]    FSR
0x0005       [1]    PORTA
0x0006       [1]    PORTB
0x0007       [1]    PORTC
0x0008       [1]    PORTD
0x0009       [1]    PORTE
0x000A       [1]    PCLATH
0x000B       [1]    INTCON
0x0022       [3]    ext_int_implementation_ext_int_callback
0x0025       [1]    main_counter_led1
0x0026       [1]    main_counter_led2
0x0027       [3]    timer_implementation_timer_callback
0x002A       [2]    ___DoICPAddr
0x002C       [1]    ___saveSTATUS
0x002D       [1]    ___savePCLATH
0x002E       [3]    FARG_TIMER0_SetCallback_ptr
0x002E       [1]    FARG_LED_Init_port
0x002F       [1]    FARG_LED_Init_pin
0x0031       [1]    FARG_set_pin_direction_port
0x0032       [1]    FARG_set_pin_direction_pin
0x0033       [1]    FARG_set_pin_direction_direction
0x0034       [1]    FARG_LED_Toggle_port
0x0035       [1]    FARG_LED_Toggle_pin
0x0036       [1]    FARG_toggle_pin_port
0x0037       [1]    FARG_toggle_pin_pin
0x0070       [1]    R0
0x0071       [1]    R1
0x0072       [1]    R2
0x0073       [1]    R3
0x0074       [1]    R4
0x0075       [1]    R5
0x0076       [1]    R6
0x0077       [1]    R7
0x0078       [1]    R8
0x0079       [1]    R9
0x007A       [1]    R10
0x007B       [1]    R11
0x007C       [1]    R12
0x007D       [1]    R13
0x007E       [1]    R14
0x007F       [1]    R15
0x0081       [1]    OPTION_REG
0x0085       [1]    TRISA
0x0086       [1]    TRISB
0x0087       [1]    TRISC
0x0088       [1]    TRISD
0x0089       [1]    TRISE
//** Constants locations ** 
//ADDRESS    SIZE    CONSTANT
//----------------------------------------------
0x0225       [3]    ?ICSext_int_implementation_ext_int_callback
0x0228       [1]    ?ICSmain_counter_led1
0x0229       [1]    ?ICSmain_counter_led2
0x022A       [3]    ?ICStimer_implementation_timer_callback
